
🚀 WhatsApp Service rodando em http://localhost:3000
   Aguardando conexão...


📱 Escaneie o QR Code abaixo com o WhatsApp:
▄▄▄▄▄▄▄▄▄▄▄▄▄▄▄▄▄▄▄▄▄▄▄▄▄▄▄▄▄▄▄▄▄▄▄▄▄▄▄▄▄▄▄▄▄▄▄▄▄▄▄▄▄▄▄▄▄▄▄
█ ▄▄▄▄▄ █▀▄▀ ▀█▄▀▀█▀▄▀▄▀▄ ▄▀▄▄█▄ █▀█▀ ▄▀▀ ▀▄ █▄▄ ██ ▄▄▄▄▄ █
█ █   █ █▀▄▀█▄ █▄█▀▀▄█▄█▀▀▀██▄▄▀▄▄ ▀ ▀▄▄▄▄▀▄▀█ ▄ ██ █   █ █
█ █▄▄▄█ █▀ ▀███▄▄██▄▄ ▄█▀ █ ▄▄▄ ▄▀▀▀▀  ▀▄▄▄  ▄▀▀▄██ █▄▄▄█ █
█▄▄▄▄▄▄▄█▄▀ █ ▀▄▀▄▀ ▀ ▀▄█ █ █▄█ ▀▄█ ▀▄█▄█ ▀▄█ ▀▄▀▄█▄▄▄▄▄▄▄█
█  ▄  █▄   ▀ ▀▄▀█▄▄▄▀▄▄▀  ▄▄ ▄  ▀█▀█▀▄▀▄ ▀ ▀█▀▄█▀▀ █ ▀▄▀ ▀█
█ ▀▄█ ▄▄▄▀ █▀ ▄  ▄▀ ▀▀▀  █▄██  ███ ██ ▀▀ ▀▀▀▄▀ █  ▄▄▀█▀▀▄▀█
█▄ █  ▀▄█▄▄ ▄▀▄▄▄▄▀  ▄▀▄▀▀▀▄▀▀▀█ ▀▄▄  ▀▄▀█▀▀▄███▀▀ █▀▀█ ▄▄█
█▄▄▀ █ ▄▀██▀▄▀▀█ ██▀█▄▀ ████▀██ █ █▄ ▄█▄ █▄▀█▄▄█  ███ ▀▀ ▀█
█▄  ▄▀▀▄▄▀█▄▀ ▄▀▄▄  ▀▄█▀▀  ▄▀ ▀▀▄█▀██▄ ▄██ ▀ ▀██▄▀▀▄▀█▄ ███
█ █▀▄ █▄▄▀▀█▀▀▀██▄ █▄█▀ ▀█▀▄█ ▄▄▀██▄█ ▄▄▄ █▄█▄▄   ▀▀█  ▀ ▀█
██▀ ███▄▄█▄▄▀▄▀█▄▀ ▄▄███▀▄ ▀▄▀ ▀ ▀▄▄▄ ▀█▀▀▄ ▄█▄█▄▀ █▄█▀▀▀ █
█▄███▄ ▄▄ █  ▀▄█▄ ▀▄▄███▀█▀   ██▄█▄▀█▄▀▄▀█▀██ █▀ ▀ █▄▀▄ ▀██
█▄▄▀ ▄ ▄▄▀█▄█▄▄▀█▄▄▄█▄▀▀█▀█▀█▀▀ ▄ ▄  ▄███▀▀▀ ▀ █▄▀▀█ ▀▄▀▄▄█
█▀█▀  ▄▄▄ ▀ █▀▄█▀▀▄█ ▀▄█ ▀  ▄▄▄ ▄▄▄█ ▄▄ ▄▀ ▀▀▀█▄▀ ▄▄▄ ▀ ▄▀█
█▀▀▀  █▄█ ▀██▄▀▄█▄▄▀ ▄▄█▀▀▀ █▄█  ▀██ ▄ ▄▀█▄▀▀▀▄█▄ █▄█ █▄▀▄█
█▄█▄▀ ▄▄▄▄  ███▄▄█▀▀█  ▄▀ ▀ ▄▄▄ ▀▀▄▀▀▄██▄ ██▄▀ █▀▄▄ ▄ ▀▀ ▀█
█▄█▀█ ▀▄█▀████▄▄▀▄▄▄▄▄▀▀▀ ██▄█▀ ██▀█▄▄ ▄▀█ ▀▀██▄██ █▄█▄▄▄▀█
█▀██▄█▄▄ ▄▀██    ▀█▄█▀██▄▀ ▄█▄▀ ▄▀▄▄▀▄██▄ ▀▄▄▀ ███▄▀▀▀█ ▄██
█ ▄▄ ▄█▄   █▀  ▄▀█▄ ▀▀▀█▄ █▀▀█▀▀ ▀ ▄█ ▀▄██ ▀▄██▄▀ █ ▄▄▄▀▄▀█
█▀▄▄ ▀█▄█  ▀ ▀▀▀▀█ ▀▀ ▀▄▄ ▄▀▀█ ▄▀▄▀▄▀ ▀██  ▀██▀▄ █▄██▄▄▀▄▄█
████ ▀▀▄▄▄▄ ▀█▄ ██▄▄▄▄██▄▀█▀▄▄▄█▀█▀█ ▄ █ ▀   █▄██▀▀▀███▀█▀█
███ ▀  ▄ ███▄▀▄▀▀▀▀ ▄█▀ ▀▀█▀██  █▀██▀▄▀▀▀▀ ▄▄▀ ▄▀▀ █ ▄█▀▄██
█ ▄▀  █▄██▄▄█ ██▄█▀ ▀▄▀▄ ▀▄▄▀▄█▀▄▀▄█   ▄██ ▀▄█▄▄█ █ ▄▄ ▀▄ █
█ ▀ ▀▀▄▄█▄▄▄▀██▀█ ▀ ▀█▄▄▀▄▄    ▄█▀▄  ▄██▄█▀█ ▀▀  █▀▀  ▀▀▄▀█
███████▄▄ █▀▄▀▀▄▄▄▄ ▀▄▀█▀▀▀ ▄▄▄ ▄▀▄█▄  ▄▀▀  █▀▄██ ▄▄▄ ▀   █
█ ▄▄▄▄▄ █▄▀▀ █▄█▀▀▄▄  ▀█  ▄ █▄█ █ ▀▀▀▄▄▀▀█▄ ▀▀██▄ █▄█ ▄▀▄██
█ █   █ █ █▄▄▄  ▄▀▄▄▄██▀▀▄▄ ▄▄ ▄█▀██▄▄▀███  ▄▀█▄█▄▄ ▄  █▄▄█
█ █▄▄▄█ █ ▄▀█▄  ▄  ▄▄█ ▄▀█▀██▀▀█▄▄█    ▀▀▀▄██ █▀▄▄ ▄▄█▄▀███
█▄▄▄▄▄▄▄█▄▄███▄██▄▄▄████▄█▄████▄▄▄▄▄▄▄████▄▄▄████▄▄█▄▄▄█▄██


Ou acesse http://localhost:3000/qr para obter o QR em base64


📱 Escaneie o QR Code abaixo com o WhatsApp:
▄▄▄▄▄▄▄▄▄▄▄▄▄▄▄▄▄▄▄▄▄▄▄▄▄▄▄▄▄▄▄▄▄▄▄▄▄▄▄▄▄▄▄▄▄▄▄▄▄▄▄▄▄▄▄▄▄▄▄
█ ▄▄▄▄▄ █▀▄▀ ▀▄▄█▀▄  ▀█▀▄▄▄▀▄▄█▄ █▀█▀  ▀▀█▄▄██▄▄ ██ ▄▄▄▄▄ █
█ █   █ █▀▄▀▀  ███▀▀▄█▄█▀ ▀██▄▄▀▀▄ ▀▀ ▄▄█▄▀▄ ▄ ▄ ██ █   █ █
█ █▄▄▄█ █▀ ▀▄▀█▄▄██▄▄ ▄█▀ █ ▄▄▄  ▄▀▀▀▀ ▀▀▄▄ █ ▀▀▄██ █▄▄▄█ █
█▄▄▄▄▄▄▄█▄█ █ ▀▄▀▄▀ ▀ ▀▄█ █ █▄█ ▀▄█ ▀▄█▄█ ▀▄█ ▀▄▀▄█▄▄▄▄▄▄▄█
█  ▄  █▄▄▄ ▀▄ ▄▀█▄▄▄▀▄▄▀   ▄ ▄  ▀█▀█▀▄▀▄ ▀ ▀█▀▄█ ▀▄█ █▄▀ ▀█
█ ▀▄█ █▄█▄█▄ █▄  ▄▀ ▀▀▀  █▄█▀▄ ███ ▀█ ██ ▀▀▀▄▀ ▀█ █▄█▀▀▀▄▀█
█▄  █ ▀▄▀▀▄▀▄▀▄▄▄▄▀  ▄▀▄▀▀ ▄▀▀▀█ ▀▄█  ▀█▀█▀▀▄███ ▀ █ ▀▀▄▄▄█
██▄▀██ ▄ ▄█▀▄▀▀█ █▄▄█▄▄█████ ▄▀▄█  ▄  ██▄▀▀▀▀ ██▀ ██▄▀ ▀ ▀█
█▄  ▀▀▀▄▄▀█▄▀ ▄▀▄█▄  ▄██▀▀ ▄▀   ▄█▀█▄ ▀█ █▄▀▀███▄▀▀▄▀█▄▀█▀█
██▀█▄ █▄▄▀▀█▀▀▀█▀▀ ██▀▀ █▄▀▄█ ██▀▀█▄▀██▄█▀▄█▄█▄   ███  ▀███
██  █ █▄▄█▄▄█▀▀█▄▀ ▄▄███▀▄ ▀▄▀ ▀ ▀▄▄▀▄▀█▀█▄  ▀▄█▄▀▄█▄█▀▀▀ █
█▄█████▄▄ ▀▀▄▄▀▀▄ ▀▄▄███▀█▀   ██▄█▄▀█▄▀▄ ▄▀██ █▀ ▀  ▄█▄ ▀██
█▄▄▀  ▄▄▄█ █▀▄  █▄▄▄█▄▀▀█▀▀██▀▀ ▄ ▄  ▄███▀▀▀ ▀ █ ▀ ▄▀▀▄▀▄▄█
█▀█▀  ▄▄▄ ▄██▀██▀▀▄█ ▀▄█ ▀█ ▄▄▄ ▄▄ ▀ ▄ ▄▄▀ ▀▀▀▀▄▄ ▄▄▄ ▀ ▄▀█
█▀▀ ▀ █▄█ █▀█▄▄██▄▄▀ ▄▄█▀▀█ █▄█  ▀█▄ ▄ ▄▀██▀▀▀▀▄▄ █▄█ █ ▀▄█
████▀▄▄▄ ▄  ███▄▄█▄ █ ▀▀▀   ▄▄▄ ▀▀█▀▀ ▄▄ ▄ ▀ ▀█▄ ▄ ▄▄▄   ▀█
█ ▀▄  ▀▄▄▄████▄▄██▀▄ ▄▀█▄▀███▄▀ ██▀█▄  ▄█▀   █▄▄██ █▄███ ▀█
█ █▀▄█▄▄ █▀██   ▄ █▄  ███▄ ▄▀▄▀  ▀▄▄▀█▄▄█▄▀██▀▀███▄▀█ █ ▄██
██ ▄ ▄█▄   █ ▄ ▄▀█▄ ▀▀▀█▄ █▀▀██▀▀█ ▄▄ ▀▄██ ▀█▀█▄▀ █ ▄▄▄▀█ █
█▀▄▄ ▀█▄█  ▀  ▀ ▀█ ▀▀ ▀▄▄ ▄▀▀█▄▄▀█▀▄▀▀▀██▀ ▀▄█▀▄ █▄██▄▄▀▄▄█
████ ▄ ▄▄▄▀▀ ▀█▀██▄▄▄▄██▄▀█▀▄▄▄█▀█▀█ ▄ █ ▀   █▄██▀▀▄█████▀█
███ ▀▄ ▄ █▄██  ▀▀▀▀ ▄█▀ ▀▀▀▀██  █▀▀█▀▄█▀▀▀  ▄▀ ▄▀██▀ ▄  ▄██
█ ▄█▀▄ ▄▀█▀▄█ █▄▄█▀ ▀▄▀▄ ▀██▀▄█▀▄▀ █  ▀███  ▄███▀▀█ ▄▄  ▄ █
█ ▀ ▀▀▄▄██▄▄▀██▀█ ▄▄▀█▀▄▀▄▄▀   ▄█▀█  ▄▄▄ ▀ ▀▄▀ ▀▀▄▄█▀█▀ ▄▀█
███████▄▄ █▀▄▀▀▄▄█  ▀▄█▀▀▀▀ ▄▄▄ ▄▀▄██▄ ███▀▀ ▀▄█▀ ▄▄▄  ▀▄▄█
█ ▄▄▄▄▄ █▄▀▀ █▄█▀▀▄▄ ▄▀█▄▀▄ █▄█ ▀ ▀▀█ ▄▀▀▀█  ▀▄▄  █▄█ ▄▀▄██
█ █   █ █ █▄▀▄  ▄▀▄▄▄██▀▀▄▄ ▄  ▄▀▀██  ▀██▀  ███▄▄▄▄    █▄██
█ █▄▄▄█ █ █▀▄█ ▀▄  ▄▄█ ▄▀█▀█ ▀▀████ ▀▀ ▀▀▀▄█▄ █▀▄▄ ▄█▀▄▀███
█▄▄▄▄▄▄▄█▄█▄█▄▄██▄▄▄████▄█▄█▄▄█▄▄▄▄▄▄▄████▄▄▄████▄▄███▄█▄██


Ou acesse http://localhost:3000/qr para obter o QR em base64


📱 Escaneie o QR Code abaixo com o WhatsApp:
▄▄▄▄▄▄▄▄▄▄▄▄▄▄▄▄▄▄▄▄▄▄▄▄▄▄▄▄▄▄▄▄▄▄▄▄▄▄▄▄▄▄▄▄▄▄▄▄▄▄▄▄▄▄▄▄▄▄▄
█ ▄▄▄▄▄ ██  ▀▀▄██ ▄▀▀▄▀ █ █  █▄▄▀▄█ █ █ ▄ █▄█  ▄ ██ ▄▄▄▄▄ █
█ █   █ █▀ ██▄ ▀▀▀▀▀█  ▀ ▀▀▀▀ ▄▀ ▀▄█  ▄ ▀ ▀▄▀▀▄▄ ██ █   █ █
█ █▄▄▄█ █▄▄▀█▄█▄ ██▄▄  █▀ █ ▄▄▄ █▀█▀▀█ ▀█▄▄ █▀█▀▄██ █▄▄▄█ █
█▄▄▄▄▄▄▄█▄▀▄█▄▀▄█▄▀ ▀ █▄█ █ █▄█ ▀▄▀ ▀▄█▄▀ ▀▄█ █▄▀▄█▄▄▄▄▄▄▄█
█  ▀█▀ ▄ ██ ▀█▄█▀ ▄▄▀  █    ▄   ▀▀█▀▀▄▀ ▄█ ▀██ ▀▄▀█▀▀ ▄▀▀██
█ ▀▄▀ █▄ ▀▄▀▀ ▄ ▄▄▀ ▀▀█  █▀█▀▄ ███ ██ ▀█▄▀██▄▀ ██▀▄▄ █▀▀▄▀█
█▄▀▀ ▀ ▄▄█▄▄█▀██ █  ▀███ ▀ ██  █▀  █▀ ▀██▄ ▀█▄ ▄▀▀▀▄▀▄  ███
█▄▀▄ ▀ ▄ ▀▀█▄▀▀▀▄▀▄▄█ ▄ ███▀█▀▀ █▄██ ▄█▄ █▀█▀  ▀ ██▀▀▄▀▀ ██
█  █ ▀▀▄▄▀▀▄▀ ▄▀▀█▄  ███▀  ▄█  ▀▄██▄ ▄ █ ▀█▀ █▀█▄▀▀▄██▄▀▀██
█▄▀█ █▄▄█ █▄ ▀ ▄▄ ▀██ █▀█▀ █▀▀██▄ ▀██▄▄▄█▄██ ▀▀ ▀ ▄▄▀▀▀▀▀▄█
█ ▀▄▀█ ▄▄▀  ▀█▀▀ █ ▄▄▀▀▀▀▄ █ █ ▀ ▀  ▄▄▀▀▀█▄  █ ▀▄▀ ▀ ▀▀▀▀▄█
█▄██▀▀█▄     ▄█   ▀▄▄█▀█▀█▀ ▄ ██▄▄ ▀▄▄▀▄▄█▀██▀▀▀ ▀▄ ▄▀▄ ▀██
█▄█ ▄▀█▄▀▀█▄▄ ▄▄▀██▄▄██ ▄▀  ▀   █▀ ▀▀▄▄▄▀  ▀▀ ▄▄  █▄█▄█▀███
█▀██▄ ▄▄▄ ▀██▀▄▄██▄█ █ ▀ ▀  ▄▄▄ ▄  ▀ ▄ ▄ █▄▀▀█▀ █ ▄▄▄ ▀ ▄██
█▀▀█▀ █▄█ ▀▀█▄█ ▀▄▄▀ ▄ █▀▀▀ █▄█  ▀▀▄ ▄▄▄██  ▀▀███ █▄█ █ ▀▄█
██ █▄ ▄▄▄▄▄▀▄█▄█ ▄▀█▄▀█▄  ▀▄ ▄▄    ▀▄▄ █▄█ ▀▀ █▀    ▄▄  ▀ █
█ █  ▄▀▄  ▀▀██▄ ▀▀ ▄▀  █▀ █▀█ ▀ █▀█▀▄ ▀ █▀▄ ▀█  ▀▀ ▀  █▄ ██
█▀█▄▄█▄▄▀▄███    ▀█▄ █▀█▄  ▄ ▀▀ ▄█ ▄▀▄██ ▀ █ ▀▄███▄▀▄▄█ ▄██
█  █▄█▄▄▀▀▄▄▄ ▀██▄█   █▄█ ▄ █▄ ▀▀ ▄█▄▄ █▀▄▀▀▀ ▀█  ▄▀ ██▀█ █
█▀▄ ▄██▄█▄█ █▄▄ █▀ ▀▀▄█ ▄ ▄██▀▄▄▀ █ ▀▀▀▀ ▄ ▀▄ █  █▄▀▀ ▄▀▄ █
████▄▄▄▄▄▄██ ▀█▀▀█▄▄▄▄▀█▄▀█▀ ▄▄█▀███ ▄ █▄▀   █ ██▀█ ▀████▀█
██▄▀█▄▀▄▀▄▄  █ ▄█   █▄█▀ ▀  ▀▄▀ ▄ ▀▄ ▄▄ █ ▀▄█  █▄█▀ ▄█  █▄█
█ ▄▄   ▄▄  ██ ▄█ ▀▀ ▀ █  ▀▄▀█ █▀▄█▀▀    ▀▀ ▀▄▀  ▀ █▀▀▀▀ ▄▄█
█ ▀ ▀▀▄▄▄▄ ▄▀██▀▀ ▀▄▀███▀▄▄ ▄  ▄█▀ ▀ ▄▀▀ ▀▀ ▄█ ▀██▄▀▀▄▄▀▄▀█
███████▄▄▀▀ █▀ █ █▀▄▀█▀  ▀  ▄▄▄ █  ▄█  █▀▄ ▀█  █  ▄▄▄ ▀▀▀▀█
█ ▄▄▄▄▄ █ ██ █▄▀▄ ▄▄███▀█▀▄ █▄█ █ ███▀▄▄▄█▄ ▄█ ▀█ █▄█ ▄▀ ██
█ █   █ ██▀▄ █   ▀▄▄▄█▀▀▀▄▄ ▄  ▄ ▀▀█  ▀██▀  ▄█▀▄▄▄▄  ▄ █▄██
█ █▄▄▄█ █▀▄▄ ▀█▄ ▀▀▄█▄▄█ █ ▄▀  █▄▄▀▀  ▀ █ ██▄▀▀ █▄▀██ █▀▄▄█
█▄▄▄▄▄▄▄█▄██▄██▄█▄▄▄████▄█▄████▄▄▄▄▄▄▄████▄▄▄████▄▄██▄▄█▄██


Ou acesse http://localhost:3000/qr para obter o QR em base64


📱 Escaneie o QR Code abaixo com o WhatsApp:
▄▄▄▄▄▄▄▄▄▄▄▄▄▄▄▄▄▄▄▄▄▄▄▄▄▄▄▄▄▄▄▄▄▄▄▄▄▄▄▄▄▄▄▄▄▄▄▄▄▄▄▄▄▄▄▄▄▄▄
█ ▄▄▄▄▄ █▄ ▀▄█▄ ▄▀▀█▄█  ▄▄▄█ ▄▀  ▀██▄█▄▀█  ▄▀▀ ▄ ██ ▄▄▄▄▄ █
█ █   █ █ █ ▀▀▀██▄▀ ▄▄█▄▀▀ █▄█▄ ▄▄▀ ▄ █▄██▀█▀▄▀▄ ██ █   █ █
█ █▄▄▄█ █▄▀▀▀▄▀█▀▀▄▀ ▀▀▀ █▀ ▄▄▄ █ ▄█▄▄▄ ▄███  ▄▀▄██ █▄▄▄█ █
█▄▄▄▄▄▄▄█▄▀▄█ ▀ █▄█▄▀▄█▄▀▄█ █▄█ ▀ ▀ █ █ ▀ █ █▄█▄█ █▄▄▄▄▄▄▄█
█  ▄ ██▄▀▄▄█  █▀▄█▄█ ▄█  ▀█  ▄   █ ▄▀█ ▄▀   ▄▀█▄▀  █▀ ▄ ▀ █
████ █▄▄▀▄▀ ▀█ ▀█  ██ ▄▄▀ ▀▄  ▀ ▀▄▀▀▄██▄██▄▄  ██▄▀ █ █ ▄  █
█  █  █▄▄▀██ █▄  ▄█▄  █▄██▀ ███▀ █▀▄▄▄▀ ██ ▄▄▀ █▄▄ ▀ ██ ▄ █
█  ▄█▄ ▄▀▄▄ ▄  █▀▄▄█▄▄▄▄█▄▄█▀█▀█▄ ▄▄ █ ▀▀▄▄ ▄ ▀█▄█▄██   ▀▀█
██ ▄▄█ ▄     █  ▀ ██▄▄ █▀█▄█▄▄▀▄ ▄▄▀▄██▄ ▀ ▄    █▄██▄▀██▀▄█
█▄▄▄▀ █▄▄█████▀▀▀█▄▀▀▀█ ▄▀▀ ▀ ▀ █▀▀▄█▀█ ▀█ ▀██▀ ▄▄█▀▀ ▄█ ▀█
█   ▄▄▄▄█████▀ ██  ███▄▄▀█▀▀█   ▀███▀█ █  ▄▀█▀█▄▄ ▄▄█▄▀ ▀▀█
█▀▀▄  █▄▄▀▀▄███▄▀▄ ▀ ▄ ▀  █▀█▄▄ ▀▄▀█▄▀██▄      █▀▄▄██▀███▄█
█ ▄█▄█▀▄▄█▄▀█ ▄▄▀▄  █ █▀▀███▀▀█▄▄▄  ▄ █▀▀▀██ █▄█▄▄▀ █▀ █▄ █
█ ▄▀▀ ▄▄▄  ▀▀▄▄▀  ▄▄▀▀█▄  ▀ ▄▄▄ █▄█▄ ██▄█    ▀▄▀█ ▄▄▄ █▀█▀█
█▄█▄█ █▄█ ▀▄▄▀▄▄  █▄▄█▀▀ ▄█ █▄█ ▄  ▀▀▀ ▄▄▀▄██ ▀ ▄ █▄█ ▀▄███
█ █▄▀▄▄▄▄▄▄ ▀▀█  █▄▄█▄█▀█▄▀▄ ▄ ▄▀█ ▀█ ▄ ▄▄▄█ ▀▄██ ▄▄▄▄█▄ ██
█  █▀▀▀▄█▀▄▄█▄█▄ █▄█▀█▄ ▀ ▄█▄▄▀▀▄█ ▄▀▀█▄ ▄█▀▀▀▄█▀█▀██████▀█
█▄█▄ ▀█▄▀▀▄▀▄█▄▀▀ ▄▀█▄ ▀██▄█▀█ █ ▄▀  ▀ █▄█  ▀▀█▀█   ▀▀▄█ ▄█
█ ▄ ▄▄▀▄ ▄▄█▄▄  ██ ▄▀███ ▄██████ ▀▄▄█▄▀ ██▄█ █▀▄█▄█▄ ▄ ██▄█
█ █▄▀ █▄▄ █▀▄▄▄  ▄     █▄▀█▀ ▄▄█ ▄ █▀  ██▀  █▄ █ ▄██▄█▄ █▄█
█ ▀▄█▀▀▄ █ █▄▀▄  ▀█▀ █ ▀█▄▀ ▀ █ █▄▄▀▀▀▄▄██▀█▄▄▀▀▄▄ ▄ ▀▄▄▀ █
█▀█▄███▄ ▀▀█▀ █▀█▀█▄▄▀█ ████▀█▄▄███▀█ ▀▀█▀▄▄▄█ ▄█▀ █▄▄▄█▄▀█
█▀█ █▄▄▄█▀▀▄█▀▄▀█▄▀▀ ▄ █  █  ██ █▀ ▄ ▀█▄▄▄▀ ██▄▄██▄▀█▄▄██ █
█ ▀ ▀▀▄▄█▄▀   ▀  ▄▀▀█▄▄▀ ▀ ▀█▄▀▀▀  ▄██ ▀▀█ ▀  █▀▀▀ ▄ ▄ █  █
███████▄▄▀▀▀ █▀  ▄    ██▄▄▀ ▄▄▄ ▄█ █   ▀▀█▄██▀▀▄▀ ▄▄▄ █▄  █
█ ▄▄▄▄▄ ██   ▄██▀ ▄█ █ ▄█▄█ █▄█ ▄▄  ▀█▄▀█ █ ▄▄▄█▄ █▄█ ▄ ███
█ █   █ █▀  ▀▄▄▀▀██▀ ▄ █ ▀  ▄    ▄ ▀███▄▀█▀█ ▄  ▄    ▄▀ ▀██
█ █▄▄▄█ █ █▄ ▄█▀  ▄ ▄▀▄▄█▀▀▀█▀█▀█ ▀ ▄▄ ██▀ ▀▄█▀▀     █ ██▀█
█▄▄▄▄▄▄▄█▄▄▄▄▄▄▄▄█▄█▄█▄▄▄▄███████▄██▄█▄█▄▄▄███▄▄████▄▄▄▄███


Ou acesse http://localhost:3000/qr para obter o QR em base64


📱 Escaneie o QR Code abaixo com o WhatsApp:
▄▄▄▄▄▄▄▄▄▄▄▄▄▄▄▄▄▄▄▄▄▄▄▄▄▄▄▄▄▄▄▄▄▄▄▄▄▄▄▄▄▄▄▄▄▄▄▄▄▄▄▄▄▄▄▄▄▄▄
█ ▄▄▄▄▄ █▀▄▀ ▀█▄▀█▄ ▄▀▄▀ ▄▄▀▄▄█▄ █▄▀ █▄▀▀█▄ ▄▄▄▄ ██ ▄▄▄▄▄ █
█ █   █ █▀▄▀█  █▄█▀▀▄█▄█  ▀██▄▄▀ █ ▀▀ ▄▄▀▄▀▄ ▄ ▄ ██ █   █ █
█ █▄▄▄█ █▀ █▄██▄▄██▄▄ ▄█▀ █ ▄▄▄ ▀▄▀▀▀▀ ▀▄▄▄ █▀▀▀▄██ █▄▄▄█ █
█▄▄▄▄▄▄▄█▄▀▄▀▄▀▄▀▄▀ ▀ ▀▄█ █ █▄█ ▀▄█ ▀▄█▄█ ▀▄█ ▀▄▀▄█▄▄▄▄▄▄▄█
█  ▄ ▄█▄  █▀█▄▄▀█▄▄▄▀▄▄▀     ▄  ▀█▀█▀▄▀▄ ▀ ▀█▀▄██▀▄█ █▄▀ ▀█
█ ▀▄█▀▄▄▄▄█ ██▄  ▄▀ ▀▀▀  █ ▄▀▄ ███▄██ ██ ▀██▄▀▄██ ▄▄▀▀▀▀▄▀█
█▄  ▄ ▀▄▀  █▄▀▄▄▄▄▀  ▄▀▄▀▀▀█▀█▀█ ▀ ▄   █▀█▄ ▄██▄▀  █▀██ ▄▄█
█▄ ▄▄█ ▄ ▄█▀▄▀▀█ █  █▄▄▀████▀██ █ █▄▄▄██▄▀▄▀▀ ▄  ▄██▄    ▀█
█▀ ▀█▀▀▄▄▀█▄▀ ▄▀▀▄▄ ▀█▄▀▀  ▄▀ ▀ ▄█ █▄  █▀█▀▀ ██▄▄▀▀▄▀█▄▀███
█▄ ▄▄ ▀▄▄▀▀█▀▀▀█▀▄ █▄▄▀ ██▀▄█ ▄████▄█▀██▀▀█▄▀▀▄▀  ▀▀█  ▀▄▀█
█▄█ █▀ ▄▄█▄▄▄▀▀█▄▀ ▄▄███▀▄ ▀▄▀ ▀▄█▄▄▄ ▀█▀▀▄ █▀▄█▄▀ █▄█▀▀▀▀█
█▄████ ▄ ▄▀▄▀▄▄█▄ ▀▄▄███▀█▀   ██▄█▄▀▄▄▀▄▀█▀██ █▀ ▀ ▄ ▀▄ ▀██
█▄▄▀ ▀█▄▀█ ██▄█▄█▄▄▄█▄▀▀█▀███▀▀ ▄ ▄  ▄███▀▀▀ ▀ █▄▀▀█▀▀▄▀▄▄█
█▀█▀  ▄▄▄  ▀██ ▀▀▀▄█ ▀▄█ ▀▀ ▄▄▄ ▄▄▄█ ▄  ▄▀▄▀▀▀█ ▀ ▄▄▄ ▀ ▄▀█
█▀▀█▄ █▄█  ▄█▄███▄▄▀ ▄▄█▀▀▀ █▄█  ▀██ ▄█▄▀█  ▀▀▄█▄ █▄█ ▀ ▀▄█
█▀  ▀▄ ▄    ███▄▄█▄██ █▀▀ ▀▄▄▄▄ ▀▀▄▀▀  ▄ ▄▀█ ▀▄ ▀▄▄▄  ▀▀ ▀█
█▄ █  ▀▄▀ ████▄▄▀▄  ▀▄██ ▀████▀ ██▀█  █▄▀▀█ ██▄▄▀█ █▀▄█▄ ██
███▄▀█▄▄█ ▀██    ▄█▄█▀██▄▄ ▄ ▄▀  █▄▄██▄▄█▀ ██  ███▄▀▄ █ ▄██
█▄█▄ ▄█▄   ██▄ ▄▀█▄ ▀▀▀█▄ █▀▀██  █ ▄▄▄▀▄▄█ ▀ ▀█▄▀ █ ▄▄▄▀▄▀█
█▀▄▄ ▀█▄█ ▄▄ ▀▀▄▀█ ▀▀ ▀▄▄ ▄▀▀█▄ ▀▄▀▄ ▀▀█▄▀ ▀█▄▀▄ █▄██▄▄▀▄▄█
████ ▀▄▄▄▄█▄ ▄█▄██▄▄▄▄██▄▀█▀▄▄▄█▀█▀█ ▄ █ ▀   █▄██▀█▄██▀▀█▀█
███ ▀█▀▄ █▄ ▄█▀▄▀▀▀ ▄█▀ ▀▀▀▀██  █▀██▀▄▀█▀▀ ▄▄▀▄▄▀▄ █ ▄█▀▄██
█ ▄  ▄█▄ ▀█▄█ █▀▄█▀ ▀▄▀▄ ▀▄█▀▄█▀▄▀▄█   ▄██  ▄██▄██▀ ▄█▄█▄ █
█ ▀ ▀▀▄▄█▀▄▄▀██▀█ █ ▀█ ▄▀▄▄▄   ▄█▀█▀▄ ▀▄▄█▄▄ █▀▄▀█▄█▄█▀▀▄▀█
███████▄█▀█▀▄▀▀▄█▄   ██▀▀▀▀ ▄▄▄ ▄▀▄█▄  █▀█▀ ▄██▄█ ▄▄▄     █
█ ▄▄▄▄▄ █▄▀▀ █▄██▄▄▄██▀█ █▄ █▄█ ▀▄▀▀▄▄█▀ ▄▄ █ ▄██ █▄█ ▄▀███
█ █   █ █ █▄█▄  ▄▀▄▄▄██▀▀▄▄  ▄ ▄ ▀██  ▀█▀█  ███▄▄▄▄  ▄ █▄▄█
█ █▄▄▄█ █  ▄▀ ▄█▄  ▄▄█ ▄▀█▀███▀████  ▀ ▀▀▀▄██ █▀▄▄ ▄██▄▀███
█▄▄▄▄▄▄▄█▄█████▄█▄▄▄████▄█▄█▄██▄▄▄▄▄▄▄████▄▄▄████▄▄█▄█▄█▄██


Ou acesse http://localhost:3000/qr para obter o QR em base64


📱 Escaneie o QR Code abaixo com o WhatsApp:
▄▄▄▄▄▄▄▄▄▄▄▄▄▄▄▄▄▄▄▄▄▄▄▄▄▄▄▄▄▄▄▄▄▄▄▄▄▄▄▄▄▄▄▄▄▄▄▄▄▄▄▄▄▄▄▄▄▄▄
█ ▄▄▄▄▄ █ ▀▀ ▀▀  ▀█▀▀▄  ▄▄▀▄▀▄█▄█ ▄███▀ ▄ █▄▀▀▀▄ ██ ▄▄▄▄▄ █
█ █   █ █ ▄▄▄█ ██ ▄▄██▄ ▄█▀██▀▀▄▄▄ ▄▄▄▄▄█▀▄▀▄▄ ▄ ██ █   █ █
█ █▄▄▄█ █▀██▄▀ ▀▀██▄▀█▀█▀   ▄▄▄  ▄▄▀▄ █▄▀ ▄ ▄ ▄▀▄██ █▄▄▄█ █
█▄▄▄▄▄▄▄█▄█▄▀ ▀▄▀ █▄▀ ▀ ▀▄█ █▄█ ▀▄█▄█ █▄█▄█ █ ▀ █ █▄▄▄▄▄▄▄█
█ ▄▀█▄ ▄▀▀▀█▄ ▀▄ ▄▄▄▄▀▀▀  █ ▄▄  ▄ ▄█▀▄▄▀█▀ ▀ ▄▀█  █▀▄█▄ ▄▄█
██▀▄██ ▄▀██ ▄█▄  ▀▄█▀▀▀██  ▄▀▀█ ██▄  █▀█ ▄▄▄▄▀▄ ██▄██ ▄▄▄▀█
█▄█▄▀ ▀▄ ▄ █▄▀▀▀▀▄▀ █▀▄▄▀▀█ ▄█▀██▄ ▄  ▄ ▄█  ▀  █▀ █  ██ ▀▀█
█▀█ █ █▄ ██▄▀▄▀█  ▀▄█▄▄   ██   ██ ▄ ▀█   ▄▀ █▄▄ █▄██▄█▄▄ ▀█
█▀ ▄█▀▀▄▀▄ ▄▀ ▀▄▀█▀▄▄ ▄▀▀▀█▀▄ ▀▀▀ ▄█▄▄█  █ ▀▀▄ █▄▀▄▀▄█▄▀  █
█▀▀██▀▄▄▄▀▀ ▄▄▀█▀▀█ █ ▀█  ▀▄██▀ ▀▀█▀▄▀██ ▀ ▀ ▀▄████▀███▄ ██
█▄▀█ ▀▄▄▀ ▀▄ ▀▄ ▀▀ ▄▀  █▀▄█▄▀▀ ▀█▄▀▄▀ ▄ ▄█▄ █ ▀█▄▀▀ ▀█▀▀█▄█
█▀███▀▀▄ ▄██▀▄██▄█▄▀▄██ ▄ ▀  █  ██▄▄▀▀▀▄  ▄ ▄▀█▄█▄█▄▄▄▀█▀██
█▄▀▄█▀▄▄▀▄ ▄ ▄   ▄▄▄ ▀▄▀█▀ ▄ ▀▀ ▀█▀  ▄   ▀▀▀█▄██▀▀▄  ▀▄▀▀▀█
█▄█▀  ▄▄▄ ▀▀▄▄▀ ▀▄▀  ▀▄ █▄▀ ▄▄▄ ▄▄▄▄█▀▄▄▄▄▀▄▀▀██▄ ▄▄▄ ▄█▄▀█
█▀▄██ █▄█ ▄ █▄   ▄▄▀█▀▀█▀▀  █▄█ █▄▀▄ ▄▄ ▄█▀ ▄▄▄█▀ █▄█ ▄ ▄▀█
█▀ █ ▄ ▄▄▄ █  █▄▄ ▄▀█ █ ▄█  ▄  ▄▀▀▄▄ ▀██ █ ▀▄███▄ ▄ ▄ ▄█ ▀█
█▄▄   ▀▄▀  ███▀▀▄▄ ▄▄  ▀ ▀   █▀   ▄█▄ █  █  █  ██▄█ ▀▄██▀ █
█▄██▀ ▀▄█ ▀  █  █▀ ▀ ▄█ ▄█ ▄  ▄█▄█▄▀▄▄███▀█▀▀▀▀▀  ▄▀   █▄██
█▀▀▀█▄█▄████▀▄█▀▄█▄ ▄▄▄█▄  ▄▄█▀▄█▄█▄  ▄▀▄█ ▀▀▄ ▄▀  █▀▄▄▀ ▄█
█▄▄▄ ▄ ▄█ ▄██▄▀▄▀ █▄▀ ▀▀▀█▄▀▀ ██ ▄▀▀██▀██▄█▄█▄▀▀█ ▄██▀▀▄▄▄█
██  █▀▀▄▀▀▄ █▀▄▀ █▄▄▀▀ █▄▀ ▄▀▄▄█▄ ▄█ ▄█ █▀  █ ▀██▀██ █▀▀ ▄█
█ █ ▀█▄▄ █   █▄█▀▄▄█▄█▀█▄▄█▀█ ███▀▀ ▄▀▀█▀▄█▀▄▀ ▀   █ ▀▄▄▄██
█ ▀▀ ▀▀▄▀▀█▀█ ▀▄▀█▀ ▄▀▄▄ ▀▀ ▄▄█▀▀▄ ▄  █  █  ▀  ███▄ ▄▄▀ ▀██
█ ▀ ▀▀▄▄ ▄▄▀▄ █▀██▄▀▀█▀▄▄▀▄  ██▀█▀▄▄▀▀▀█   █ █  ▄▄▄██ █▄▄▀█
███████▄█▀ ▀▄▀▄▀▀█▄▄▄▀ ▀▀ ▄ ▄▄▄ ▀▄▀█ ▄█ ▄█▀▀█▄ ▄▀ ▄▄▄ ▀ ███
█ ▄▄▄▄▄ █▀▀▄█ ▄█▀ ▀▀██▀ ▀▄▄ █▄█ █▄▀▄▀ █ ▀ ▀██ ▄▀▀ █▄█ ▀▄▀▀█
█ █   █ █▄ ▄▄▀██▀▀▄▄▀  ▀▀▄▀▄   ▄█▄ █ ▄▄  █  █  ▄█▄ ▄ ▄ █  █
█ █▄▄▄█ █▀▄▄▀ ▀▄▄██▀▄█ ▀▄ ▀██ ▄ █▄██▄█ ▀▀█▀ █ █▄▀▀ ▄█ ▀▄███
█▄▄▄▄▄▄▄█▄█▄█▄▄█▄▄▄▄▄▄▄█▄██▄█▄█▄███▄▄▄▄▄▄█▄▄█▄▄██▄█▄█▄▄██▄█


Ou acesse http://localhost:3000/qr para obter o QR em base64

❌ Conexão encerrada (código 408). Reconectar: true
🔄 Tentativa 1/5 em 3s...

📱 Escaneie o QR Code abaixo com o WhatsApp:
▄▄▄▄▄▄▄▄▄▄▄▄▄▄▄▄▄▄▄▄▄▄▄▄▄▄▄▄▄▄▄▄▄▄▄▄▄▄▄▄▄▄▄▄▄▄▄▄▄▄▄▄▄▄▄▄▄▄▄
█ ▄▄▄▄▄ █▀▄██▄███▀ █ ▀█▄█▄▀▀▀▀  ▄ ▄▀▄▄▄▀  ▄ ██▄▄ ██ ▄▄▄▄▄ █
█ █   █ █▀▄█ ▀ ███▀▀██▄▄  ▀██▄ ▄ ▄█  ▀▄▄█▄▀  █ ▄ ██ █   █ █
█ █▄▄▄█ █▀█▄█▀█▄▄█ █▄ ▄▄▀ █ ▄▄▄ ▀ ▀▀█▀▄▀▀▄▄ ▄▄▀▀▄██ █▄▄▄█ █
█▄▄▄▄▄▄▄█▄█ █▄█▄▀▄▀▄▀ █▄█ █ █▄█ ▀▄█ ▀▄█ ▀ ▀▄█ ▀ ▀▄█▄▄▄▄▄▄▄█
█▄ ▄ ▄▀▄  █▄ ▀ ██▄  █▄▀▀  ▄     ▀█▀█▀ ▀▄▀▀ ▀▀█▄█▀▀ █ ▀▄▀ ▀█
██ ▀▄█ ▄▀█▀▄█ ▄ ▀█▀ ▀▀▀ █ ▀▄▄█▀▄▀█ █▄██▄▀▀  ▄▀▄ ▀ ██▄▀▀▀ ██
██ ▄▄  ▄█ █▄▀█▄▄██▀ ▀█▀▄ ▀▄ █▀▀█▄█ ▄▀▄ ██▀ ▀▄▀██▀ █▄▄▀█▄▄▄█
█▄▀ ▀▀▄▄▄▀▀██ ▀▄▀▀█ ▄█ ▀█▄▀▄ █▀ ▄▄█▄ ▄█▄█▄ █ ▀▀▀█▄█▄▄▀▀▀ ▀█
██▄██▄▄▄█▀▀█ ▄▀▀▄▄▄▄▀██▀  ▄█▀   ▄▀ ██▄▄▄▀█  █▀█▄ ▀▀██▀▀▀ ▀█
█ ▀█ ▄█▄  █  █▀███▄▄ ▄▀▀ ▀▀▄█ ▀▀█▄▀▄▀ ▄▄▄▄▀▀▀▀▄ ▀ ██▄▀ ▀▄▀█
█▄█▀█▀▄▄ █▄█▀▄▀█▄▀  ▄███▀▄▀ ▀▀▀  █▄▄ ▄▀▄██ ▀▄█▄█▄▀▀█▄▀▄▀▀ █
██▀ ▀▄ ▄█ ▄▀▄   ▄ ██▄█▄▄▀█▀ ▄ ▀▀███▀▄▀▄██▀▀▀▀▀▄▀ ▀▀  █  ▀██
█ ▀▄█▀█▄▀▀██  ▄▀██  █▄ ▀  ▀██▀▀▀▄ ▄    ▄▄█▀ ▀█ ▄▄▀ █▀▀█ ▄▄█
██▄▀▄ ▄▄▄  ▀▄▄▄  ▄▄█ ▀▄█ ▄█ ▄▄▄ ▄ ▄█ ▀   ▀█▄ ▀▀▄▀ ▄▄▄ █  ▀█
██▄▄▄ █▄█ ▄▀▄█ ▀██▄▀ ▄▄█▄▀▀ █▄█ ▄▀▀█  ▀▄▀█  ▄▀█▄  █▄█ ▀█  █
█ █ ▀  ▄ ▄  ▄▄▀█▀█ ▄█▀▄▄█▄▄     ▄██ ▀██▄▀ ▀▄▀   ▀▄▄  ▄▀ ▀▀█
█ ▄ ▀ █▄██ ▄▄▄▄███▀▄▀██▀▀▀▄██▄▀ ▄█▀█▄  ▄▀▀▀ █▀██▀   █▄ ▀▄▀█
█ ▄▄▄ █▄▄ ▄▀█ █▄██▄▄ ▄▀█▀▀█▄██▀ █  ▄██▄▀█▀█▄▀▀▄ ▄█ ███ ▀▄▀█
█▄▀█▄▄█▄ ▀▄▀ ▀ ▀▀█▄▄▀▀█▀▄ ▄ ▀█▄▀ █▀█▀  ██▀▀ ▀█▄████▄█▄▄ █▀█
█▄▀ ▀▄ ▄█   █▀▄ ▀█▀▀▀ ▄ ▄ ▄▀▀█  ▀█ ▄██▀█▄  ▄█ ▄▄▀▄▄█▀  ▀▄▄█
█▄ █▄▄ ▄▄ █▄ ▄ ▄▀▄▄ ▄▄██▀ █▀█▄██▀█▀█  ████▀  █▄▄█▀▀▄▀▄▄██▀█
█ ▄ ▀ █▄▀▀█▄█▀ █▀ ▀   ▀ ▄▀▀▀██▄ ▀█▀█▄ █▄ ▄▀▄▄█  ▀▄ █▄█▄▀▀▀█
█▄▄▀▄█ ▄▄  ▀█ ████▀ ▀█▀▄▀▀██▄▄  ▄█ ▄▄▄▄█▀█▀▀▄█▄█▀▄▄▄▄▄ ▀▄▀█
█ ▀ ▀▀▄▄▄█▀ ▄▀▀▀▀█  ▀▀ ██▀ ▀  ▀▄█▄█ ▀▄▀▄▄  █ ▀▀▀▀█ ▀ █▄▀▄▀█
███████▄▄ ▀██  █▄▄  ▄▄██  ▀ ▄▄▄  ▀▄█▄  ▄ █  █▀▀██ ▄▄▄  ▀▀▀█
█ ▄▄▄▄▄ █▄ ▀ ▄▀▄ █ █ ▄▄█▀▀▄ █▄█ ▄▄▄   ▀▄▀▄█▀▀▀█▄▄ █▄█ █▀▄▀█
█ █   █ █ ▀▄█▀▀▄▄▀ ▄▄█▀▀▀▄▀ ▄▄ ▄▄▀█▄ ▄▀▄▀▀▀  ▀█▄   ▄▄  ▀█▄█
█ █▄▄▄█ █ ▀▀▄█▀▄▄ ██▄█ ▀▀█▄█▀█▀████▀ █   ▀▀▄ ▀▀▀▄▄██▄█▀▀███
█▄▄▄▄▄▄▄█▄████▄▄▄▄▄▄█▄██▄▄▄████▄▄▄▄▄▄▄▄▄██▄███▄██▄▄▄▄▄█▄▄██


Ou acesse http://localhost:3000/qr para obter o QR em base64


📱 Escaneie o QR Code abaixo com o WhatsApp:
▄▄▄▄▄▄▄▄▄▄▄▄▄▄▄▄▄▄▄▄▄▄▄▄▄▄▄▄▄▄▄▄▄▄▄▄▄▄▄▄▄▄▄▄▄▄▄▄▄▄▄▄▄▄▄▄▄▄▄
█ ▄▄▄▄▄ █▄ █▀ █ █▀▄▀ █▀▄█▄▀██▀▄▄▄▄▀██▄ █▀█▄ █  ▄ ██ ▄▄▄▄▄ █
█ █   █ █ █▄ ▄▀██▄▀ ████▀▀ █▄█ ██▄▄▀ ▀█▄▄█▀▀▀▄▀▄ ██ █   █ █
█ █▄▄▄█ █▄ ▄ ▀▀█▀▀▀  ▀▀  █▀ ▄▄▄ █▄▄█ █   ███▀█▄▀▄██ █▄▄▄█ █
█▄▄▄▄▄▄▄█▄█▄▀ █ █▄█ ▀▄▀▄▀▄█ █▄█ ▀ ▀ █ █▄█ █ █▄█ █ █▄▄▄▄▄▄▄█
█▄ ▄ ▀▀▄█  ▄▀█▀█▄█ ▀▄▄   ▀█      █ ▄▀▀ ▄     ██▄   █▀ ▄ ▀ █
█ ▄ ▀ ▀▄▄  ▀   ▀▄▀ ██ ▄▄▄██▄▀█ ▀█▄███ ▀▀▄█▀█  ▀  ▄▀█ █ ▄▄▄█
█▀  ▀ ▄▄ ██ █▀▄ ▀██▄▀▀█▄▄█▄█▀██▀▄▀ ▄█ ▀▀▀▀▄█▄█ █▄██ ▄▀█▄▄ █
█  █▀ ▄▄█▀ ▄█▀ ▄  ▀▀██████ ▄▀██▀█▄▄█▄▀█▄ ▀█ ▀█▀▄ █▄▄▄ ▀▀▀▀█
█ ▄▄▀ █▄▀ ▄▀▀▀█ ▄ ██▄█▄██▄ ▄▄▄ ▄  ▄▀▀▀ ▄ ▀ █  ▄ ▀▄█▄ █ █▄▄█
█ ▄ ▄ ▀▄ ▄▀ ▄▀▀▀ █    █▀▀ ▀ ▀ ▄▄▀▄█▄█ ▄ █▀▄▄  ▀ █▄█▀ ▀▄█▄██
█ ▀▀▄██▄▀██▄ █ ██  ▀██▄▄▀█    ▀▀▀▀██ █ ▄▄▄  ███▄▄  ▄█ ▄  ▀█
█ █▀▄█▄▄▀█▄▀ ▄█ ▀▄▄  ▄▀   █▀▀▄ ▄ █ ███ ▄ █ ▄▄▀▀█▀▄█▀██▀██▄█
█▄▀ ▀▄ ▄▄ ▀ ▄███▀█▄▄█ ▄▀▄▄█▀▀▀██▄▄  ▄▄   ██▄▀▀▄▄ █▀▀██▀▄▄ █
█▄█▀█ ▄▄▄ ███▄▄█▀█▄▄▀▀█▄ ██ ▄▄▄ █ █▄  ▀▄▀ ▀▀▀▀ ▀█ ▄▄▄ ▀▀▀▀█
█  ██ █▄█ █▀█ █▄ ▀█▄▄█▀▀█▄█ █▄█   ▄▀▀█ █▄▀▀▄  ▀▀  █▄█  ▀▄▀█
██▀▀█▄▄▄ ▄▄   ▀▀██▄▄███▀▀ ▄ ▄ ▄▄▄▀  ▀█  ▀ ▀██▄ ▄█  ▄ ▄█▄▀██
█ ▀█▀▀█▄ █▀█▄███▄▄ █ ▄ ▄▀ ███▄▀▀██ ▄▄▀ █▄ ▀ ▀▀ ▄██▀  █ ▀▀▀█
█ ▄█▄▄▄▄▀▄▀█▄█▀█▄██▀▄▄▄▀▀█▀█ ▀ █▀▀█ ▀ ▀▀ ▀▄▀▀  ▄▄ ▄▄█ ▀▄▄▄█
█ ▄▀ ▄▀▄ █ ▀ ▀ ███  ▀█▀▀ ▄▄▄████▄▀███  ▀█▀█▄▄█ █▀▀█ ▀▄ ▄███
██   █ ▄▄ ▄█ ▄▀█ ▄▀   █▀▄▀█▀ ▄██▀▄▀█▄█ ██▀ █▄▀██▀███ ▀  █▄█
█▀▄▄▀█ ▄ ▀▀▄▄█▀▄▄ ██ █ ▀ █▀   ▄ █▄▄▀▀█▀▄ ▀ █▄▄▀ ▄▄▄▀▄ ▀ ▀ █
█▄▄▄█▀ ▄▀█▄ ██▀██ █▄ ▄█  ███▀█ ▄▀▀▀▀ ▄█ ▄▄█▄▄▀  ▀▀▄▀ █▄█▀██
████▄▄▀▄▄▀▄██▀▀▀▄▄▀▀ █ █▀ ▄ ██ ▀██▄█▄█ ▄ ▄ ▀██▀█▀ ▀███  █▀█
█ ▀ ▀▀▄▄▄ ▄▄█▄█ ▄▀▄▀█   ▄▄▄ █▄ ▀▀█▀▄▄████ ▄   ▄▄▄▀ ▄   ▄  █
███████▄█ ██▀▄ ▀ ▄▄▄  ███▄▀ ▄▄▄  █ █▄  ▀█▀▄▄▄█▀██ ▄▄▄ █▄█▀█
█ ▄▄▄▄▄ ██▀  █ ▄   ▄█▀█▄█▀█ █▄█ █▄█▀▀█▀▄  █ ▄ █▄  █▄█ █ █▀█
█ █   █ █▀▄   ██▀█▀▀ ▄▄█ ▀█ ▄▄   ▄  ████ █ █ ▄  ▀▄▄▄▄▄▀▄ ▄█
█ █▄▄▄█ █ ███▄▀▄  ▀▀▄▀▄▀█▀▄▀▀▀█▀▄ ▀▀█▀ ▄█▀█ ▀██▀  █▀▀▀███▀█
█▄▄▄▄▄▄▄█▄▄▄█▄████▄█▄▄▄▄▄███▄████▄██▄██▄▄▄▄▄▄██▄███▄▄▄█████


Ou acesse http://localhost:3000/qr para obter o QR em base64


📱 Escaneie o QR Code abaixo com o WhatsApp:
▄▄▄▄▄▄▄▄▄▄▄▄▄▄▄▄▄▄▄▄▄▄▄▄▄▄▄▄▄▄▄▄▄▄▄▄▄▄▄▄▄▄▄▄▄▄▄▄▄▄▄▄▄▄▄▄▄▄▄
█ ▄▄▄▄▄ █▀▄██▄████▀█▄▀▄█▄▄▀▀▀▀  ▄ ▀█ ▄ █▄ ▄▄▄█▄▄ ██ ▄▄▄▄▄ █
█ █   █ █▀▄█ █ ███▀▀██▄▄▀▀▀██▄ ▄▀██   ▄▄▀▄▀  █ ▄ ██ █   █ █
█ █▄▄▄█ █▀▀ ███▄▄█ █▄ ▄▄▀ █ ▄▄▄ ▀█▀▀▄▀▄▀ █▄ ██▀▀▄██ █▄▄▄█ █
█▄▄▄▄▄▄▄█▄█▄▀▄█▄▀▄▀▄▀ █▄█ █ █▄█ ▀▄█ ▀▄█ ▀ ▀▄█ ▀ ▀▄█▄▄▄▄▄▄▄█
█▄ ▄  ▀▄ ▄ ▄█  ██▄  █▄▀▀  ▄     ▀█▀█▀ ▀▄▀▀ ▀▀█▄█▄▀ █ █▄▀ ▀█
██ ▀▄█ ▄▀██▀█▄▄ ▀█▀ ▀▀▀ █ ▀█▄▀▀▄▀█ █▄██▄▀▀  ▄▀▄ █▄██▀█▀▀ ██
██ ▀   ▄▄█▄▀▀█▄▄██▀ ▀█▀▄ ▀█ ██▀█▄█▄▄▀▄▀▄█▀▀ ▄▀█▄█▀█▄▀█▀▄▄▄█
█▄▄▄▄▀▄▄▄ ▀██ ▀▄▀▀█▄▄█▄ █▄▀▄ █▀ ▄▄██▄▄▀▄▀ ▄▄ ▀  ▀▀█▄█▀   ▀█
█▄▀ █▄▄▄█▀▀█ ▄▀▀▄▄▄ ▀▄█▀ ▀▄█▀ █ ▄▀▀█▄  ▄██▄▀▀█▄█ ▀▀██▀▀▀▄██
██ █▄▄▀▄  █  █▀█ ▄▄▄ ▄▀▀█ ▀▄█  ▀▀ ▀▄▀▀█▄▄█ ▀▀ █▀▀ █▀▄▀ ▀ ▀█
█▀▀▀█ ▀▄ █▄█▄█▀█▄▀  ▄███▀▄▀ ▀▀▀  ▀▄▄ ▄▀▄▀▀ ▀ ▀▄█▄▀ ▄▄▀▄▀▀▀█
██▀ ▀██▄█ ▀ ▄▄▄ ▄ ██▄█▄▄▀█▀ ▄ ▀▀▄██▀█ ▄█▄ ▀▀▀ ▄▀ ▀ █ █  ▀██
█ ▀▄█ █▄▄ ▄▄▀█▀▄██  █▄ ▀  ▀▀█▀▀▀▄ ▄    ▄▄█▀ ▀█ ▄▀▀▀█▀▀█ ▄▄█
██▄▀▄ ▄▄▄  ▄█▄▀▀ ▄▄█ ▀▄█ ▄▀ ▄▄▄ ▄ ▄█ ▀▄  ▀█▄ ▀▀ ▀ ▄▄▄ █  ▀█
██▄█  █▄█ ▄▄▄█████▄▀ ▄▄█▄▀▀ █▄█ ▄▀▄▄   ▄▀█▀ ▄▀███ █▄█ ▄█  █
█  ▀█▄▄▄▄▄  ▄▄▀█▀█ ▄█▀ ▄█▄▄▄    ▄██▀█▀▄█▀ ██▀ ██▄▄▄  ▄  ▀▀█
█▄ ▀▀ █▄█  ▄▄▄▄█▀▄  ▄▄▀▀  ▄█▀▄▀ ▄█▀█ ▄█▄██  ███▄▀   ██   ▀█
██▀▄▀ █▄▀ ▄▀█ █▄ ▀▄▄▀▄▀██▄█▄▀▀▀ █▄ ▄ ▄▄ ▀█▄██ ▄ ██ █▀▀ ▀▀██
█▄▀█▄▄█▄ ▀▄▀▀  ▀▀█▄▄▀▀█▀▄ ▄ ▀█  ▄▀▀█▀  ██▀▀ ██▄████▄█▄▄ █ █
█▄▀ ▀▄ ▄█ ███▄  ▀█▀▀▀ ▄ ▄ ▄▀▀█▄ ▀▄ ▄█▄▀██▀ ▄▄▀▄▄▀▄▄█▀  ▀▄▄█
█▄ █▄  ▄▄  ▀██  ▀▄▄ ▄▄██▀ █▀█▄██▀█▀█  ████▀  █▄▄█▀█▄▀▄ ▀█▀█
█ ▄ ▀▄▄▄▀▀▀▀█  █▀ ▀   ▀ ▄▀▀▀██▄ ▀█▀█▄ █▄ ▄▀ ▄█  ▀▄ █▄█  ▀▀█
█▄▄▀ █ ▄▀ ▄██ ▀ ██▀ ▀█▀▄▀▀█ ▄▄  ▄███▄▄▀█▀█▀▀▄█▄▄▀▀█▄▄█▄▀▄▀█
█ ▀ ▀▀▄▄ ▄▀ ▄▀▀▀▀█▀▄▀▀  █▀▀   ▀▄█▄▄▀▀▄▀█▄ █▄ ▀▄  ▄▄▀█▄ ▀▄▀█
███████▄█▀▀██  █▄█▀▄▀█▄▀ ▀▀ ▄▄▄  ▀▄█▄▄ ▄ ▀▀ █▀ ▄█ ▄▄▄ ▀▀▀▀█
█ ▄▄▄▄▄ █▄ ▀ ▄▀▄ █ █ █▄█ ▀▄ █▄█  ▄▄ ▀█▀█▀▄█▀▀▀█▄█ █▄█ █▀█▀█
█ █   █ █ ▀▄▄█▀▄▄▀ ▄▄█▀▀▀▄▀ ▄  ▄ ▀█▄ ▄▀▄█▀▀ ▄██▄   ▄ ▄ ▀███
█ █▄▄▄█ █   ▄▀▀▀▄ ██▄█ ▀▀█▄█ █▀████▀▀▄    ▀▄ ▀▀▀▄▄███▀▀▀███
█▄▄▄▄▄▄▄█▄█▄███▄▄▄▄▄█▄██▄▄▄████▄▄▄▄▄▄▄▄▄██▄███▄██▄▄▄▄██▄▄██


Ou acesse http://localhost:3000/qr para obter o QR em base64


📱 Escaneie o QR Code abaixo com o WhatsApp:
▄▄▄▄▄▄▄▄▄▄▄▄▄▄▄▄▄▄▄▄▄▄▄▄▄▄▄▄▄▄▄▄▄▄▄▄▄▄▄▄▄▄▄▄▄▄▄▄▄▄▄▄▄▄▄▄▄▄▄
█ ▄▄▄▄▄ █▄ █▀ ▄ ██▄▀ █▀▄▀ ▀██▀▄▄▄▄▀▀▄█ █▀▀█  ▀ ▄ ██ ▄▄▄▄▄ █
█ █   █ █ █▄▄ ▀█▄▄▀ ▄███▀  █▄█ █ ▄▄▀▀ █▄ █▀▀▀█▀▄ ██ █   █ █
█ █▄▄▄█ █▄▄   ▀█▀▀▀  ▀▀  █▀ ▄▄▄ ▄▀▄█▀▀  █ ███▀▄▀▄██ █▄▄▄█ █
█▄▄▄▄▄▄▄█▄▀ █▄█ █▄█ ▀▄▀▄▀▄█ █▄█ ▀ ▀ █ █▄█ █ █▄█ █ █▄▄▄▄▄▄▄█
█▄ ▄ █▀▄▀▄█▄▄█▀█▄█ ▀▄▄   ▀▀▄     █ ▄▀▀ ▄     ██▄  ▄██ ▄ ▀ █
█ ▄ ▀▀▀▄ ▀▄  ▀ ▀▄▀ ██ ▄▄▄█▀▄██ ▀█▄███ ▀█▄█▀█  ▀ ▀  █ ▀ ▄▄▄█
█▀ █  ▄▄█▀  █▀▄ ▀██▄▀▀█▄▄██▄█▀█▀▄▀ ▄█  ▀▀▀█▄▄█▀▄█▄█ █▀█▄▄ █
██▄▀▄ ▄▄▄  ▄█▀ ▄  ▄███████ ▄▀█▀▀█▄██ ▀██ ▀  ▀▀█▄█ ▄▄█▀  ▀▀█
█▄▀▄  █▄▀ ▄▀▀▀█   ██▄▄▀█ ▄ ▄▄▄ ▄  ▄ ▀▀▄▄▄▀ ▄█ ▀ ▀▄█▄ █ █▄ █
█▄▄██ █▄ ▄▀ ▄▀▀▀█▀  ▄▄█▀▄ ▀ ▀ ███▄█▄▀ ▄▀▄██▄█▀ ▀█▄██ ▀▄█▄▀█
█  ▀▄▀ ▄▀██▄▄▄ ██  ▀██▄▄▀█    ▀▀████ █ ▄▄   █▀█▄▄ ▄▄█ ▄ ▀▀█
█ █▀▄ █▄▀█▀▄▄▀ ▀▀▄▄  ▄▀   █▀▀▄ ▄▀▄ █▄▄ ▄ ▄ ▄▄ ▀█▀▄▀█▀▀▀██▄█
█▄▀ ▀  ▄▀  ▀▄▄█▄▀█▄▄█ ▄▀▄▄██▀▀██▄▄  ▄▄   ██▄▀▀▄▄▀█▀▀██▀▄▄ █
█▄█▀█ ▄▄▄ ▄█ ▄▀ ▀█▄▄▀▀█▄ █▀ ▄▄▄ █ █▄  █▄▀ █▀▀▀▄█  ▄▄▄ █▀▀▀█
█  ▄  █▄█ ▄██  █ ▀█▄▄█▀▀█▄█ █▄█   █ ▀██▄▄▀▀█  ▄ ▄ █▄█  ▄▄▀█
█▀▄▀▀  ▄▄▄▄   ▀▀███▄████▀ █▄▄ ▄▄▄▀▀ ▀██▄▀▄▀▄█▄▀ █    ▄█▄▀██
█ ▄██▀█▄▄ ▀█▄█████▀█ ██ ▀▀████▀▀██ ▄▄█ ▄ ▄ ▀█▀▄▄█▄▀ ▄▄▀▀▀██
█▀ ▀▄▄▄▄▀▄▀█▄█▀█▀ █▀▄▄▄▀▄▀▀██  ████ █   ▄█▄▀█  ██ ▄▄▄▀▀▄▄ █
█▀▄▀ ▄▀▄ █ ▀██ ███  ▀█▀▀ ▄▄▄██▄█ ▀███▄ ▀ ▀█▄ █ █▀▀█ ▀▄ ▄█▄█
██   █ ▄▄ █ █▄▀█ ▄▀   █▀▄▀█▀ ▄▄▀▀█▀█▄█ ██  ██▀██▀███ ▀  █▄█
█▀▄▄▀▀█▄ ▀██ █▄ ▄ ██ █ ▀ █▀   ▄ █▄▄▀▀█▀▄ ▀ █▄▄▀ ▄▄█▀▄ ▀ ▀ █
█▄▄▄█ ▄▄▀█▄▀▀▀▄▄█ █▄ ▄█  ███▀█ ▄▀▀██ ▄█ ▄▄█ ▄▀▄▄██▄█ █▄█▀██
███▄▄ █▄▄▄█▀█▀▄▄▄▄▀▀ █ █▀ ▄ ██ ▀████▄█▀█ ▄  ██▄▄▀▀▄ ▄▄▄▄█▀█
█ ▀ ▀▀▄▄█▀▄▄█▄█ ▄▀▄▄█ █▀▄▄███▄ ▀▀█▀▄▄▀ ▀▀▄█     ▀▀▄    ▄  █
███████▄▄▀██▀▄ ▀▀█  ▄ █▀█▄▀ ▄▄▄  █ █   ▀█▀█▄ █ █▀ ▄▄▄ ▄▄███
█ ▄▄▄▄▄ ██▀  █ ▄█▀ ▄▄ █▄▄▄█ █▄█ ▀ █▀▀▀▀▄▄▄▄ ▄▀█▄  █▄█ █ ▀██
█ █   █ █▀▄ █▄██▀█▀▀ ▄▄█ ▀█     ▄   ████ ▀ █▄▄   ▄▄▄▄▄▀▄▀▄█
█ █▄▄▄█ █ ▄▀▀█ ▀  ▀▀▄▀▄▀█▀▄▀███▀█▀▀▀▄  ▄▄▀█ ▀▄█▀  █▀█████▀█
█▄▄▄▄▄▄▄█▄███▄▄▄██▄█▄▄▄▄▄███▄▄███▄██▄██▄▄▄▄▄▄██▄███▄█▄█████


Ou acesse http://localhost:3000/qr para obter o QR em base64


📱 Escaneie o QR Code abaixo com o WhatsApp:
▄▄▄▄▄▄▄▄▄▄▄▄▄▄▄▄▄▄▄▄▄▄▄▄▄▄▄▄▄▄▄▄▄▄▄▄▄▄▄▄▄▄▄▄▄▄▄▄▄▄▄▄▄▄▄▄▄▄▄
█ ▄▄▄▄▄ █▄ █▀ █ ██▄▀ █ █▄ ▀██▀▄▄▄▄██ ▀▄██▀▄ █  ▄ ██ ▄▄▄▄▄ █
█ █   █ █ █▄ ▄▀███▀ █▄██   █▄█ █▀█▄▀▀ █▄██▀▀▄▄▀▄ ██ █   █ █
█ █▄▄▄█ █▄▄ ▀ ▀█▀▀▀  ▀▀  █▀ ▄▄▄  ▄▄█▀   ▀███▄▄▄▀▄██ █▄▄▄█ █
█▄▄▄▄▄▄▄█▄█ ▀▄█ █▄█ ▀▄▀▄▀▄█ █▄█ ▀ ▀ █ █▄█ █ █▄█ █ █▄▄▄▄▄▄▄█
█▄ ▄ ██▄▀ ██ █▀█▄█ ▀▄▄   ▀█      █ ▄▀▀ ▄     ██▄▄  ██▄▄ ▀ █
█ ▄ ▀▀ ▄▄ █▄ ▀ ▀▄▀ ██ ▄▄▄██▄▀█ ▀█▄███ ▀▀▄█▀▀  █ █▀▀▄▄█ ▄▄▄█
█▀  ▄ ▄▄███ █▀▄ ▀██▄▀▀█▄▄█▄█ ▀█▀▄▀▀▄█  ▀▀▀▄█▄█▄▄▄██ ██▀ ▄ █
█▄ ▀▀ ▄▄▄▀ ▄█▀ ▄   ███▄███ ▄ ▄█▀█▄█▀▄▀ ▀ ███▀▀▄█▄▀▄▄▄▀  ▀▀█
██▄█▄ █▄▀ ▄▀▀▀█  ▀███▄ ▀ ▄ ▄▄▄▀█  ▄▀▀█▄▄ █▀█▄ ▀ ▀▄█▄ █▀█ ▄█
█  █▀▄█▄ ▄▀ ▄▀▀▀▀█   ▀█▀██▀ ▀ ██▀▄█▄  ▄▀▄▄█▄ ▀ ▀█▄██ ▀▄█▄██
█▄▀▀▄▄▄▄▀██▄▀▀ ██  ▀██▄▄▀█    ▀▀█▀████ ▄▄   ███▄▄ ▀██ ▄ ▀▀█
█ █▀▄▄▀▄███ ▀▀ █▀▄▄  ▄▀   █▀▀▄ ▄▀█ █▄▄ ▄ █ ▄█ ▀█▀▄█▀█▀▀██▄█
█▄▀ ▀▄█▄█▀▀▄ ▀█ ▀█▄▄█ ▄▀▄▄▀▀▀▀██▄▄  ▄▄   ██▄▀▀▄▄█▄▀ ▀█▀▄▄ █
█▄█▀█ ▄▄▄ ▄▀███▄▀█▄▄▀▀█▄ █▀ ▄▄▄ █ █   █▄▀ █▀▀▀▄█▀ ▄▄▄ ▀▀▀▀█
█  ▄█ █▄█ ▀▀█  ▀ ▀█▄▄█▀▀█▄█ █▄█     ▀█▄█▄▀ ▄    ▀ █▄█ ██▄▀█
█▀ ▀█▄ ▄▄ ▄   ▀▀██ ▄██▀█▀ ▄ ▄ ▄▄▄▀▀ ███▀█ ▀▄▀   ▀ ▄ ▄▄▄█▀██
█ ▀▄▄▀█▄ █▀█▄███▄▄▄█▀▄▄▄▄ ████▀▀██ ▄ ▀▀▄▄   █▀▄██ ▀ ██▀ ▀▀█
███▀█▄▄▄██▀█▄█▀█ ▀█▀█▄▄▀▀█▀█▀▄ █▀██ ▀▀ ▀▄▀▄▀▄ ▀█▄ ▄▄▄▀▀▄▀ █
██▀▀ ▄▀▄ █ ▀ ▀ ███  ▀█▀▀ ▄▄▄██▀▀▄▀██ ▄ ▀▀██▄▀▀ █▀▀█ ▀▄ ▄███
██   █ ▄▄ ▀▀▀▀█  ▄▀   █▀▄▀█▀ ▄▀█ ▄▀█▄█ █▄  █▄ ██▀███ ▀  █▄█
█▀▄▄▀█ ▄ ▀ ▀▀█▄▄▄ ██ █ ▀ █▀   ▄ █▄▄▀▀█▀▄ ▀ █▄▄▀ ▄▄▄ ▄ █ ▀ █
█▄▄▄██▄▄▀█ ▀▄ ▄▀█ █▄ ▄█  ███▀█ ▄▀▀▀█ ▄█▄▄▄▀ ▄▀  ▀ ▄▀ ██▄▀██
███  ▄▀▄  █ █▀  ▄▄▀▀ █ █▀ ▄ ██ ▀██▄▄▄█ █ ▄ ▀██▄██▄ ▄▄██▄█▀█
█ ▀ ▀▀▄▄█ ▄▄█▄█ ▄▀ ▀█ ▀▀▄▄███▄ ▀▀█▀▄▄███▀▄  ▄  ▄ ▄     █  █
███████▄█ ██▀▄ ▀▀▄█ ▀ ▀▀▄█▀ ▄▄▄  █ █▄▄▄  ▀▄▄▄▀▀██ ▄▄▄ █▄▀██
█ ▄▄▄▄▄ ██▀  █ ▄   ▄█▀█▄█ █ █▄█ ▀ █▀▀▄▀▄█▀█ █▀██  █▄█ █ ▀██
█ █   █ █▀▄ ▄▄██▀█▀▀ ▄▄█ ▀█ ▄   ▀▄  ▀▀██▀▀ █     ▄▄▄▄ ▀▄ ▄█
█ █▄▄▄█ █ █▄██ █  ▀▀▄▀▄▀█▀▄▀▀██▀█ ▀▀▄  ▄▄ █  ██▀  █▀█████▀█
█▄▄▄▄▄▄▄█▄▄████▄██▄█▄▄▄▄▄████████▄██▄██▄▄▄▄▄▄██▄███▄▄▄█████


Ou acesse http://localhost:3000/qr para obter o QR em base64


📱 Escaneie o QR Code abaixo com o WhatsApp:
▄▄▄▄▄▄▄▄▄▄▄▄▄▄▄▄▄▄▄▄▄▄▄▄▄▄▄▄▄▄▄▄▄▄▄▄▄▄▄▄▄▄▄▄▄▄▄▄▄▄▄▄▄▄▄▄▄▄▄
█ ▄▄▄▄▄ █▀█ ▀ ██ ▄█▀ ▄▄▀█ ▀  ▄▄▄▄▀   ▄▄ ▄ █  ▀█▄ ██ ▄▄▄▄▄ █
█ █   █ █▄█▄▀▀▄█▄▄▄█▀▄███▄██▄██ ▀▄▄▀▄▄ ▄▄█▄▄█▄▀▄ ██ █   █ █
█ █▄▄▄█ █ ▄▄▄▄ ▀██ ▀▀██▄▀▄  ▄▄▄ ▀▀ ▀██▀▄█▀▄▄ ▄ ▀▄██ █▄▄▄█ █
█▄▄▄▄▄▄▄█ █ ▀▄█▄▀ █ ▀ █ ▀▄█ █▄█ ▀▄█▄█ █ ▀▄█ █ ▀▄█ █▄▄▄▄▄▄▄█
█ ▄█ █▀▄ █▄▄  ▄█▄██▄▀▄  █▄ ▄  ▄▄██ ▄▄▄█▄  █████▄▀██▄▄▄▀▄▄▀█
█▀█▄██▀▄▀█▄█  ▀█ █▀▄▄▄  █▄▄▀▀▀▀ ▄ ▀█▄▀ ▀ ▀ ▄▀▄▀▄▄▀  █▀▀██ █
█▀ ▄██▄▄▀  ██▀▄█▄ █▄▀▄ ▀▄██▀▄▄█▀▄▄▄▀█ ▀▄▄▄▀▄▄ ▄▀▄███▀ █▄▄██
█▀██▄ ▀▄▀▀ ▄ ▄█▄     █▀█  █▄ ▄▄  ▄  ▀ █▄▄███ █▀███▀▄▄▀▀▄▄▀█
█ ▄▀▄▄▄▄ ▄ █  ▄▄██  ▄▀ █▄█▀    █▀▄ █▄ █▀▄▀▀██ ▄▄ █▄ ▄▀▀█▀ █
█ ▀▀▀██▄ ▀▄█▄▀▀▄▄   █▄ ▄  ▀█▄█▄▄▀▀ ▀▄ █▄▀▀▄█▄▄█▄█▄█ █▄▄█ ▄█
█▀█▀▄  ▄▄██▄ ▀███ █▄ █▄▄▄ █   ▄▄▀███▄ █▄▄▄██▄▀█▄▀█ ██ ▀██ █
█▀▄█   ▄▄█▀▀ ▀▀▀█ █▀▀ █▄▀▀▄██ ▀█ ▀▄▀██▀ ▄ ▀█▄██▀ █▀██▀ ▄▄ █
█▄▀█▄█▄▄ █▄▀ ▄ ▄▄ ▄▄██▀▄▄▄█ ▄▄██▄▀██▄▄ ██ █▄▀▄▀▀██▀▄  ▀▄▄██
█▀ ▀█ ▄▄▄ █▄█ ▄█▀█▀▀▄▀█▄█   ▄▄▄   █▄██  ▀  ▄▄▀▄█▀ ▄▄▄ ▄▄▄▀█
█▀▀█  █▄█ █▀▄▀▄▄▄█▄██▀██▄█  █▄█ ▀▄█▄ ▄█▀ █▀█▀▄ ▄▀ █▄█ █ ███
████▄▄▄▄▄▄▀█  ▀▄  █▄█  ▀▀ ▄  ▄▄▄▄▄███▀ ▀ █▀█▀█▄█▄▄▄▄ ▄▄█▀ █
█▄█▀█▀ ▄▀▄▀█▀  ██▄█  ▄  ▀█ █▄▄▄▄ █ ▄ ▄█▄█ █▄▄▀█▄ ▀▄ ████ ▀█
█▄▀▀▄ █▄▀▀█▀█▄ ▀ █▄ ▄  █ █ ▀█▄▀▄▄█▀▄██▀█▀▀█ ▀██▀█▀█  █ █▀ █
█▀█▄█▀▀▄  █▄ ▀      ▀ ▄▄ ▄▄▀  ▄▄█▄   ▄ ▄ ▄█▄█ █ ▀▀██▄▀ ▄█ █
█ █  ██▄▀ ▄▄▄▄▀▀ ▄▄██ █▀▀▄ ▀ ▄█ █▄▀█▀▀██▄ █ ▀ ██▄  █ ▀██ ▄█
█ █ █▀▄▄▀█ █ ▀▄▄ ▄▄▄▀▀▄█▀▄ ▄▄▄█▀▄  █ ▄  ▄█▀▄█ █▄██▄▀ ▄ █ ▄█
█▄▄▀  ▀▄▀ ▄█  ▄█ ██▄ ▀ █ ██ ▄  ▄▀▄▄▄ ▄▀█▀▀▀ ▄▄▀▀▀ ▄▄█ █▄▀ █
█  █▄██▄▀▄█▄ ▄ ▄▄▄▄▄██ █▄█ ▄███▄ █▄▄▀ █▄ ▄█▄ █ █▄▀▄▀█▄▄█ ▀█
█ ▀ ▀▀▄▄█▄  ▄█▄▄ █▄▄▄▄█▄███▄▀ ▀  ▀█▀█  █▀  ▄▀▄   ▀▀▄▀▀ ▄▀▄█
███████▄▄   ▀▄ ▄ ▀▄▄▀█▄▄▄▄▀ ▄▄▄   █   ▀▄ ▄▀▄█▄ ▀▀ ▄▄▄ ██▀▄█
█ ▄▄▄▄▄ █▄▀ █ █▄▀ █▀ ▀█▄▄█  █▄█   █▀▀██▄  ▀█▄▀▄█  █▄█  █ ▀█
█ █   █ █▀ ▄█▄▄▀█▀  ▀  ▀▀ ▄▄▄   █ ▄▄▄ ▄▀▄█▀▄▀ ▄▄ ▄▄ ▄  █  █
█ █▄▄▄█ █▀ ▀▄█▄███▀▀▄▄▀▄█▀▄▄▄▄█▀█▄▄▄█  ▀▀▄█ ▀  ▄  █▄▄▄███▄█
█▄▄▄▄▄▄▄█▄██▄█▄▄███▄█▄▄▄█▄▄█▄▄▄▄▄▄███▄▄▄▄▄█████▄▄▄▄▄██▄▄▄██


Ou acesse http://localhost:3000/qr para obter o QR em base64

❌ Conexão encerrada (código 408). Reconectar: true
🔄 Tentativa 2/5 em 6s...

📱 Escaneie o QR Code abaixo com o WhatsApp:
▄▄▄▄▄▄▄▄▄▄▄▄▄▄▄▄▄▄▄▄▄▄▄▄▄▄▄▄▄▄▄▄▄▄▄▄▄▄▄▄▄▄▄▄▄▄▄▄▄▄▄▄▄▄▄▄▄▄▄
█ ▄▄▄▄▄ █▀ ▀▀ ▀▄█▀ ██▀  ▀ ▄▀█ ▄▄█▄██▄█ ▀▄ ▄ ▄█▄▄ ██ ▄▄▄▄▄ █
█ █   █ █▀▀▀▀▀ ▄██▀▀▄██▄ ▀▀█▀▄▄ ▀▄▀▀▀ ▀ █▄█▀▀█ ▄ ██ █   █ █
█ █▄▄▄█ █▀▄ ▄█ ▀▄█  ▄ ▀█▀ █ ▄▄▄ ▄ ███▀▄█ ▄ ▄  ▀▀▄██ █▄▄▄█ █
█▄▄▄▄▄▄▄█▄▀ ▀ █ ▀▄█ ▀ ▀ █ █ █▄█ ▀▄█ ▀▄▀▄▀▄▀ ▀ ▀ ▀▄█▄▄▄▄▄▄▄█
█▄▄▄▄▄█▄▄ ▀ ██ ▀▄█▄▄▄▄▄▀▀ ▄ ▄   ▀█▀█▀▄ █▀█▀ ██▀█▀▀ █▄▀▄▀▄██
█▄▄▄▀█ ▄▄█▄ █ ▄ ▀▄▀ ▀▀▀ ██▄▄▀  █▀▀▄█▄▄ █  ██  █▄▀█▄▄▀▄▀▀▄██
█▀▄█▄▄▄▄█▄██  ▄▄▄▄▀ ▀█▀▄▀▀▄▄▀█▀█▄█▄█▄▄▀▄▄▀ ▀▀█▀▄▀▀ ██▀█ ▀ █
██▀▄ █▀▄▀ ▀▀█  ▀▀▀▀  ▄█ █▀ ▄▀█▀▄▀▄▀▀▄▄█▀▀▀ █ ▀█ ██▄█▄█ ▀ ██
█  ▀ █▀▄█▀▄█ █▄▀███▄ ▄█▀▀▀▀█▀  ▀ ▀▀█▄ ▀▄▀█ ▀▄▀▄█▀▀ ▄▀▀█▀▀▀█
█ ▄ █▄▀▄████▄▀▀█▀▄██▀▀█▀▄▀▀▄▀ ▄▄█▄█▄▄▄▀▄▄█▄▀▄▄█ ▀▄ █ █▄▀ ██
█▀▄█ ▄▄▄█  ▀██▀█▄▀  ▄███▀▄▀▀▀█▀▀▄▀▄▄▄ ▄▄█▀█▀▄▀▄█▄▀ █▀█ █▀ █
█▄▄█▀ ▄▄ ▄▀  █▄█▄ ▀▄▄█ █▀█▀ ▀▀▄▄██▄▀ ██▄▀  ███▀▄▄ ▀█▀▀▀▀▀██
████▀ █▄▀▄▀  ▀▄█▄█ ▄█▄ ▀▀▀██▀█▀▀▄ ▄ ▄ ▄▄▀█▄▀▄▀▄█▀ ▀▄▀▀▄▀  █
█ ██▀ ▄▄▄ ▀▀ ▀▀▄█▄▄█ ▀▄█ █  ▄▄▄ ▄▄ ▀▀▀▀▄▄ ▀▀▄█▄█▀ ▄▄▄ ▀  ▀█
█ ▄█▀ █▄█ █▀▀█▀ ▄█▄▀▀█▄█▀▀▀ █▄█  █▄█▄  ███   ▀▄▄▀ █▄█ ▄█▀ █
█▄█▀▀▄ ▄▄▄ ▀ ▄▄  ▀ █  ▄▄██▄▄▄▄  ▄▀█▀ ▄▀ █ ███▀██▄▄▄   ▄▀▄▀█
██▄▀▀▄█▄▀▀▀█▄ ▄▀▀▄▄ ▀█ ▀ ▀█▀▄█▀  ▀▀█ ▄ ▄▀▀   ▀▄██▀▀▀██▄▀ ▀█
█▄  █▀▀▄█▀▄█▀█▀▀ ▄█ ▄▀▄▄██ ▀  ▀ ▄▄  █▄▄  ▄     ▄▄▄▄█▄▄  ▄██
█▄█  █ ▄ ▄▀▀▄█▄█▀█▀▄▀▀▀▀▄ ██▀█▄▄▄██▄▄▄ ▄▀▀ ▀▄▀███▄▀▄█▄ ▀█ █
█▀ █▀ ▀▄  █▄▀▀ █▀█▀ ▀ █ ▄ ▄ ▀█▄▄▀▄▀▄▀▄█▀ ▀██▀▄▄▄▄▄▄█ ▀▀ ▄▄█
█▄ ▄██▀▄▀ ▄▀▄ ▄ █▄ ▄▄▄▀▀█▀█▀▄██▄▀█▀█▀▄ ▄▀▀ ▀▄▀▄▄█ █▄█▄█████
█▀▄▀ ▄ ▄▄██▄█▄█ ▄▄▀  ▄▀  ▄█▀ ▄▄ █▀▀▀▀▄▀▀▀▀ ▀▀█▀▄ ▄▄█ ▀▀▀▄▀█
█▄███▀█▄    ▄▄█ ▄▄▀ █▄▀▄ ▀▄█▀▄█▀▄█▄▄█  █▀█▀  ██▄▀▀█ ██▀ ▄██
█ ▀ ▀▀▄▄ █▀▀█ █▀▀▀██▄▄█ ██▄▄▄█▀▄█ ▄▀▀▀███▄██▄▀   ▀▄███ ▀▄▀█
███████▄█ ▄▀▀▀█▀▄█▀▄▀▄ ▀  ▀ ▄▄▄ ▄█▄█▄ █▄▀▀▀ ████▀ ▄▄▄ ▀ ▀▄█
█ ▄▄▄▄▄ █▄   ▄▄█▄▄█▀  ▄ ▄██ █▄█  ███ ▄  ▄▀ ▄ █▀█  █▄█ ▀▀ ██
█ █   █ █   █▄██▄▀▄ ▄█▀█▀▄▄    ▄ ▀▄█▄ █▄█▀ ▀ ▀██▄       ███
█ █▄▄▄█ █ ▀█▄▄█▄▄ █ ▄█▀ ▀█▀▄▀▀▀██▄█ ▄▄▄ █▀█▄██▀ ▄▄▀█▀▀▀ ███
█▄▄▄▄▄▄▄█▄████▄██▄█▄█▄████▄█▄██▄▄▄▄▄▄▄██▄██▄▄█▄█▄▄▄▄▄▄██▄██


Ou acesse http://localhost:3000/qr para obter o QR em base64


📱 Escaneie o QR Code abaixo com o WhatsApp:
▄▄▄▄▄▄▄▄▄▄▄▄▄▄▄▄▄▄▄▄▄▄▄▄▄▄▄▄▄▄▄▄▄▄▄▄▄▄▄▄▄▄▄▄▄▄▄▄▄▄▄▄▄▄▄▄▄▄▄
█ ▄▄▄▄▄ █▀ ▀▀  ▄▄█ ███▀ ▄▄▄▀█ ▄▄█▄▀█▀ ▄▀▀▀▄▄█▄▄▄ ██ ▄▄▄▄▄ █
█ █   █ █▀▀▀▀█ ▄██▀▀▄██▄  ▀█▀▄▄  █▀▀▀ ▀ █▄█▀▄▄ ▄ ██ █   █ █
█ █▄▄▄█ █▀  ▀█ ▀▄█  ▄ ▀█▀ █ ▄▄▄ █████▀▄█▀▄ ▄██▀▀▄██ █▄▄▄█ █
█▄▄▄▄▄▄▄█▄█ ▀▄█ ▀▄█ ▀ ▀ █ █ █▄█ ▀▄█ ▀▄▀▄▀▄▀ ▀ ▀ ▀▄█▄▄▄▄▄▄▄█
█▄▄▄▄▄█▄ ▄▄▄▀  ▀▄█▄▄▄▄▄▀▀  ▄▄   ▀█▀█▀▄ █▀█▀ ██▀█▄▀ █▄█▄▀▄██
█▄▄▄▀█ ▄█▀  ▄█▄ ▀▄▀ ▀▀▀ ██▀▄█  █▀▀ █▄▄ █  ▀▀  ▀ ▄▄██ █▀▀▄██
█▀▄▄█▄▄▄  ▀█  ▄▄▄▄▀ ▀█▀▄▀▀█▄ ▀▀█▄█▄▄▄▄▀▄▄▀ ▀▀█▄█▀▀ █▀██ ▀ █
█▄▀ ██▀▄▀▀▀▀█  ▀▀▀▀▀ ▄  █▀ ▄▀█▀ ▀▄▀  ▄█ ▀██  █▄▄██▄█▄██  ██
█ █  █▀▄█▀▄█ █▄▀▄▄▄▄▀██▀▀▀▀█▀  ▀ ▀▀██ ▀▄█▀▀▀▄██▄▀▀ ▄▀▀█▀▀▀█
█▀█▀▄▄█▄████▄▀▀█ ▀███ █▀▄▄▀▄▀ ██▀ █▄▄▄ ███▄ ▀ █ ▀▄ █ █▄▀▄██
█▀ █ ▄ ▄█  ▀▄█▀█▄▀  ▄███▀▄▀▀▀█▀▀ ▀▄▄▄ ▄▄█▀█▀ ▀▄█▄▀▀█▀█ █▀ █
█▄▄█▀▄▄▄▄       ▄ ▀▄▄█ █▀█▀ ▀▀▄▄▄█▄▀▀██▄▀▀ ███▀▄▄ ███▀▀▀▀██
████▀▀▄▄▄ █ ▀▄ ▄▄█ ▄█▄ ▀▀▀▀▀▀█▀▀▄ ▄ ▄ ▄▄▀█▄▀▄▀▄█▀▀█▄▀▀▄▀  █
█ ██▀ ▄▄▄ █ █▀ ▄█▄▄█ ▀▄█ ██ ▄▄▄ ▄▄ █▀▀▀ ▄ ▀▀▄█ █▄ ▄▄▄ ▀  ▀█
█ ▄ █ █▄█ █▄▀█▀▄▄█▄▀▀█▄█▀▀▀ █▄█  ███▄ ▀▄██ ▀ ▀█▄▀ █▄█  ▄▀ █
█ █▀▄▄ ▄▄▄ ▀ ▄▄  ▀▄   ████▄ ▄▄  ▄▀▄▀▄▄▄▄▀  ▀▀▀▀▀▄▄▄  ▄ ▀▄▀█
██▄█ ▄█▄ ▀▀█▄ ▄▀▀▄▄  ███▀▀█▀██▀  ▀▀█▄▄ █▀█ ▀▄████▀▀▀█▄█  ██
█ ▄ ▄▀▀▄▀▄▄█▀█▀▀█ █ ▄ ▄▄ ▄ ▀▀ ▀  ▄  ▄▀▄ ▀▀▀   ▀▄█▄▄██▄   ▀█
███  █ ▄ ▄▀▀▄ ▄█▀█▀▄▀▀▀▀▄ ██▀█ █ ██▄▄  ▄█▀ ▀ ████▄▀▄█▄ ▀▄▀█
█▀ █▀ ▀▄  ▄  ▄██▀█▀ ▀ █ ▄ ▄ ▀█▀▄▀█▀▄ ▄█▀ ▀██ █▄▄▄▄▄█ ▀▀ ▄▄█
█▄ ▄█ ▄▄▀ █▀██  █▄ ▄▄▄▀▀█▀█▀▄██▄▀█▀█▀▄ ▄▀▀ ▀▄▀▄▄█ █▀█▄█▀███
█▀▄▀ █▀▄▄█▄▀▀▀▄▄▄▄▀  ▄▀  ▄█▀ ▄▄ █▀▀█▀▄██▀▀▄█▀██▄ █▀▀ ▀▀▀▄▀█
█▄█ ▀▀▄▄▀ ▀█▄▄ █▄▄▀ █▄▀▄ ▀▄▄▀▄█▀▄████  ▄▀█▀▀ █████▀ ▄██▄▄██
█ ▀ ▀▀▄▄█▀▀▀█ █▀▀▀█▄▄▄▄███▄█▄█▀▄█ ▄▀███ ▀ ▄▄▄▀▀█▀▄▀▀ ▄ ▀▄▀█
███████▄▄▀▄▀▀▀█▀ ▄▄▄▀▄█▀▀▀▀ ▄▄▄ ▄█▄█ ▄ █▀▀▀  █▀▄█ ▄▄▄  ▀▀ █
█ ▄▄▄▄▄ █▄   ▄▄█ ▄█▀█ ▄ ▄██ █▄█  ▀██▄ ▀ ▀█▀▄█ ▀▄▀ █▄█ ▀▀█▀█
█ █   █ █    ▄██▄▀▄ ▄█▀█▀▄▄    ▄█▀▄█ ▄█▄▀▀ ▀▄████       ███
█ █▄▄▄█ █ ▄████▀▄ █ ▄█▀ ▀█▀▄██▀█▄██ █▄▄ ▄▀█▄▄█▀ ▄▄▀██▀▀ ███
█▄▄▄▄▄▄▄█▄███▄▄▄█▄█▄█▄████▄█▄▄█▄▄▄▄▄▄▄██▄██▄▄█▄█▄▄▄▄████▄██


Ou acesse http://localhost:3000/qr para obter o QR em base64


📱 Escaneie o QR Code abaixo com o WhatsApp:
▄▄▄▄▄▄▄▄▄▄▄▄▄▄▄▄▄▄▄▄▄▄▄▄▄▄▄▄▄▄▄▄▄▄▄▄▄▄▄▄▄▄▄▄▄▄▄▄▄▄▄▄▄▄▄▄▄▄▄
█ ▄▄▄▄▄ █▀ ▀▀ ▀▄██ ▄▄▀ ▀▄ ▄▀█ ▄▄█▄▀█ ▀ ▀ ▀▀▄█▄▄▄ ██ ▄▄▄▄▄ █
█ █   █ █▀▀▀▀█ ▄██▀▀█▄█▄▀▀▀█▀▄▄  █▀▀▀▀▀ ▄▄█▀ ▄ ▄ ██ █   █ █
█ █▄▄▄█ █▀▄▄██ ▀▄█  ▄ ▀█▀ █ ▄▄▄ ▄▄███▄▄██▄ ▄▄▀▀▀▄██ █▄▄▄█ █
█▄▄▄▄▄▄▄█▄█ ▀ █ ▀▄█ ▀ ▀ █ █ █▄█ ▀▄█ ▀▄▀▄▀▄▀ ▀ ▀ ▀▄█▄▄▄▄▄▄▄█
█▄▄▄▄ █▄ ▄▀█▄  ▀▄█▄▄▄▄▄▀▀  ▄▄   ▀█▀█▀▄ █▀█▀ ██▀█▀ ▄█▄█▄▀▄██
█▄▄▄▀█ ▄█▄▄▀ █▄ ▀▄▀ ▀▀▀ ██ ▄█  █▀▀▄█▄▄ ▀  █▀  █ ▄ ▄▄█▄▀▀▄██
█▀▄▀█▄▄▄▀█▄▀  ▄▄▄▄▀ ▀█▀▄▀▀█▄▀▀▀█▄██▄▄▄▀█▄▀▀ ▀█▀█▀  ██▀█ ▀ █
█▀█▄██▀▄▀▀▀▀█  ▀▀▀█▄ ▄▀▀█▀ ▄▀██▄▀▄█  ▄▄ █▀▄ ▄██▄█▄▄█▄▄▀  ██
█▄██▀█▀▄█▀▄█ █▄▀██  ▀█▀█▄▀▀█▀    ▀▀█▀ ▀█ ▀▀ ▄▀ ▄▀▀ ▄▀▀▄ ▀██
██▄█▄ ▀▄████▄▀▀█ ▄███▀█▀▄▀▀▄▀ ███ █▄█▄ ▄▄▀▄▀█▀▄ ▀▄ █ █▄▀▄██
█▀██ █▀▄█  ▀█ ▀█▄▀  ▄███▀▄▀▀▀█▀▀▄█▄▄  ▄▄▄██▀▄▀▄█▄▀ ▄▀█ █▀ █
█▄▄█▀▀▀▄▄▄▄█ ▄ █▄ ▀▄▄█ █▀█▀ ▀▀▄▄█▄▄▀ ██▄   █▄█▀▄▄ ▄▄▀▀▀▀▀██
████▀▀█▄▀█ █▀ █ ▄█ ▄█▄ ▀▀▀▀█▀█▀▀▄ ▄ ▄ ▄▄▀█▄▀▄▀▄█▄▀ ██▀▄▀  █
█ ██▀ ▄▄▄   ▀ █ █▄▄█ ▀▄█ █  ▄▄▄ ▄▄ █▀▀█▄▄ █▀▄█ █  ▄▄▄ ▀  ▀█
█ ▄▀▀ █▄█   ▀██▄▄█▄▀▀█▄█▀▀▀ █▄█  █▄▄▄ ▀███ ▀ ▀██  █▄█ ▄▄▀ █
██▄  ▄ ▄▄▄ ▀ ▄▄  ▀▄   █ ██▄▄▄▄  ▄▀█  ▄███▄▄▄██ ▀▀▄▄  ▄▀▀▄▀█
█▄ ▀ ▄█▄██▀█▄ ▄▀▀▄ ▄▄▄█▀▀▀█▀██▀  ▀▀██  ▄▀█  ▄██▄▀▀▀▀ ▄█  ██
█▄▀█▄▀▀▄▄▄▄█▀█▀▀███ ▄█▄▄█▀ ▀ ▄▀     ██▄ ██  ▀ ▀██▄▄█ █  ▄▀█
█ █  █ ▄ ▄▀▀▀ ▄█▀█▀▄▀▀▀▀▄ ██▀██▀▄██▄   ▄▀▀ ▀▀████▄▀▄█▄ ▀▄▀█
█▀ █▀ ▀▄  ▀█▀▀█▄▀█▀ ▀ █ ▄ ▄ ▀█▄  █▀▄▀▄█▀▀▀██▀▄▄▄▄▄▄█ ▀▀ ▄▄█
█▄ ▄██ ▄▀  ▀ ▄███▄ ▄▄▄▀▀█▀█▀▄██▄▀█▀█▀▄ ▄▀▀ ▀▄▀▄▄█  ▀█▄▀▀███
█▀▄▀ ▄▀▄▄█   █▀ ▄▄▀  ▄▀  ▄▀▀ ▄▄ █▀▀▀▀▄▀▀▀▀▄▀▀██▄  ▄▀ ▀▀ ▄▀█
█▄█ ▀▄█▄▄ ▀▄▄▄▄█▄▄▀ █▄▀▄ ▀▄▄▀▄█▀▄█▀██  ▄▀█▀  █▄▄▀▄ █▄▄██▄██
█ ▀ ▀▀▄▄  ▀▀█ █▀▀▀██▄▄▄▀██▄█▄█▀▄█ ▄ ▀█▄▀▀▄   ▀▄██▄ ██▄  ▄▀█
███████▄▄ ▄▀▀▀█▀▀▄▀▄▄▄▀█ ▀▀ ▄▄▄ ▄█▄█▀ ▀▄██ ▀ ▀█▄█ ▄▄▄  ▀▀ █
█ ▄▄▄▄▄ █▄   ▄▄█▀▀█▀█ ▄ ▄██ █▄█ ▄▀██ ▄▀▀  ▀▄▀█▀▄█ █▄█ ▀▀▀▀█
█ █   █ █   █▀██▄▀▄ ▄█▀█▀▄▄  ▄ ▄ ▀▄██ █▄█▀ ▀ ███▄   ▄   ███
█ █▄▄▄█ █ ▄▄▀ ▀█▄ █ ▄█▀ ▀█▀▄██▀██▄█ ▄▄▄ ▄▀█▄▄█▀ ▄▄▀██▀▀ ███
█▄▄▄▄▄▄▄█▄▄▄█▄███▄█▄█▄████▄████▄▄▄▄▄▄▄██▄██▄▄█▄█▄▄▄▄▄▄██▄██


Ou acesse http://localhost:3000/qr para obter o QR em base64


📱 Escaneie o QR Code abaixo com o WhatsApp:
▄▄▄▄▄▄▄▄▄▄▄▄▄▄▄▄▄▄▄▄▄▄▄▄▄▄▄▄▄▄▄▄▄▄▄▄▄▄▄▄▄▄▄▄▄▄▄▄▄▄▄▄▄▄▄▄▄▄▄
█ ▄▄▄▄▄ █ █▀▀ ▄▀▄█ ▄▀ █▀ ▄▀▄  ▄▄ ▀ █▀ █▄▀█▄ ▄▀▀▄ ██ ▄▄▄▄▄ █
█ █   █ █ ▀▄▄▄ ▄▄▀▄▄▄██▀▄█▀█▀▀▀█▄▄▀▄▀▄▀ ▄▀ ▄▀█ ▄ ██ █   █ █
█ █▄▄▄█ █▀█ ▀ █▄▀█  ▀█▄█▀   ▄▄▄  ▄ ██▀▀ ▄▀ ▄▀▄▄▀▄██ █▄▄▄█ █
█▄▄▄▄▄▄▄█▄▀ █▄█ ▀ ▀▄▀ ▀▄▀▄█ █▄█ ▀▄█▄█ ▀▄▀ █▄▀ ▀▄█ █▄▄▄▄▄▄▄█
█▄ ▀▀  ▄▀██▄ ▀█▄▀█▄▄▀▀▀▀▀ █     ▄ ▄█▀▄█ ▄█▀   ▄█▀ █▀▄█▄   █
█▀▄▄▀▀▄▄▀ ▄▄ ▀▄ ▀▀▄█▀▀▀█  ▀████ ▀▀▄ ▀▀ ▀ █▄▄  ▀█ ▀▄▄▀▄▄▄▄██
█▀▀█ ▄▄▄▄▀▄▀  ▀▀▀▄▀ ▄ ▄▄▀▀ ▀▀▀▀█▀ ▀▄▄▄█ ▀▀ ▀▄ ▀█  █  ▀▀▄▄██
█████ ▄▄▀ ▀▄ █ ▀▀▄ ▄ ▄▄█ ▄ ▄   █▀▄▄▀█▀█▄▀▄▄█ ██▄  ▄██ ▄█ ██
█▀▀ ▄█▀▄ ▄▀█ █▀▄▀▄▄ ▄▀ ▀▄▀▄ ▄ ▄ █▄▄█▄ ▄  ▀ ▀█▄ █▀▀█▀▄▀█▀  █
█▀▀█▄█▄▄███ ▀▄▀██   ▄▄█▄█▄▀▄▀█▀ ▀ █▀▄ ▀█▄█▀█ █▄█▄▀ █  ▀▄ ██
█ ▀ █ ▀▄ ██▀▄▄▄ ▀▀  ▀  █▀▄▄▄▄█▀▀▀▄▀▄█ ▀▀ ██▀▀▄▀█▄▀▄▀▄█ ██▄█
█▀▄█▀▄▄▄▄ ▄▄█▀█▄▄█▄▀▄█  ▄ ▀ ▀▄▀▀▄▄▄▄█▀█▄ ▄█ █▄▀▀▀█▄▄█ ▄▄▀██
██  ▄▀█▄▄█▀▄▄█▄▀▀█ ▄ ▀█▀▀▀ ▄▄█▀▀▀█▀ ▄ ▀▀▄█▄▀▀▄▀█▀▀▄▀▄█▄▀███
████▀ ▄▄▄  ▄   ██▀▀  ▀▄ █ █ ▄▄▄ ▄▄▄ ▄▄█ ▄█ ▄▄█▄ █ ▄▄▄  █ ▀█
█ ▀ █ █▄█ ▀▀▀██▀▀█▄▀▄ ▀█▀▀  █▄█ █  ▄▄ ▄▀ █▀▀█▄▀█▀ █▄█  █▄██
██▀▄  ▄▄   ▄█▀▄  ▄▄    █  ▄ ▄ ▄▄▄▀█▄██▀▀▀▀ ██▀ ▀▄ ▄ ▄ ██▄▀█
██ █ ▄█▄▄ ▄█▄ ▀▄ ██▄█ ▄█▀▀ ▄▀█▀ █▄▄█▄ ▀▀ ▀  █▄ █▀ ▄▄ ▄█▀█▄█
█▄▀▄▀▄▄▄█▀▄ ▄ ▀▀█▀ ███▄▀▄▄ ▀█▀▄█▄  █  █   ██ ▀ ▀▀▀▄█▀▄██▄██
█▄▄███ ▄█▀▄▀█▀▀ ▄█▀▄▄▄▄▀▄   ▄██▀█▄ ▄  █▀ ▀ ▀█▄ ██▄▄▀ ▄ ▀ ▄█
█▄ █▀█▄▄  ▀ ▄▄█▀▀ ▄█▀ ██▀█▄ ▀ ▀▀▀▄▀▀█▀█▀▀▄  ▀█▄▀▀▀▄█ ▄▄█▄▄█
█▄█▀ ▄█▄▄█▀█▄▀██ ▄ ▄▀▀▄▀█▀ ▄▀██▄▄ ▄█▀▄█▀▄▀ ▀▀▄▀▄█ ▄  ▄▀▀  █
█▄▄▀ ▄ ▄▄█ ▄ ▄▀ ▄▀▄█ ▄▀██▀█▀ ▀▀██▀█ ▄▀▀█▀▄█ ▀████▀▀▀ ▄██▄▀█
█▄ █▄▄▄▄█▀█ ▄▄ ▀▀▄▀  ▀▄▄ ▀  ▄▄█▀▀  ██ ▄ ▄█  █ ▀█▀  █ ▄ ▀▀ █
█ ▀ ▀▀▄▄▄▀▀▄ ██▀▀▄█ ▄▄ ▄  ▄▄▄ ▄▀█ ██▄ █▀██   ▀▄▄   █▀ ▄█▄▀█
███████▄█ ▀▀▀▀ ▄▀▄▄▄█▀▀▀▀ ▄ ▄▄▄ ▀ ▀██ █▀ ▀▀ █  █▀ ▄▄▄  ▀▄▀█
█ ▄▄▄▄▄ █▀ ██▀▄█▄▀ ▄▄▀▄█▀▀█ █▄█ ▄██  █ ▀█▄▄▀ ▀ ▀  █▄█ ▄▄ ▀█
█ █   █ █▄█ ▄   ▀▀▄ ▀ ▄█▀▄▀▄▄  ▄▀▄▀█▄▄ ▀▄▀ ▀█  █▄ ▄▄▄   ▀ █
█ █▄▄▄█ █▀█▄▄▀▄█▄█ █▄█▀█▄ ▀▄▀▄▄ █▄██▀▀▄ ██ ▀██▀█▀▀▀██ ▄████
█▄▄▄▄▄▄▄█▄▄▄████▄▄█▄▄█▄████▄███▄███▄▄▄▄▄███▄█▄██▄▄███████▄█


Ou acesse http://localhost:3000/qr para obter o QR em base64


📱 Escaneie o QR Code abaixo com o WhatsApp:
▄▄▄▄▄▄▄▄▄▄▄▄▄▄▄▄▄▄▄▄▄▄▄▄▄▄▄▄▄▄▄▄▄▄▄▄▄▄▄▄▄▄▄▄▄▄▄▄▄▄▄▄▄▄▄▄▄▄▄
█ ▄▄▄▄▄ █▀ ▀▀ ▀▄█▀ █▄█  ▄ ▄▀█ ▄▄█▄█▀▀ ▄▀ ▄▄▄▀▄▄▄ ██ ▄▄▄▄▄ █
█ █   █ █▀▀▀▀█ ▄██▀▀█▄█▄▀ ▀█▀▄▄  █▀▀▄▀▀ ▀▄█▀▄▄ ▄ ██ █   █ █
█ █▄▄▄█ █▀▄▄▀█ ▀▄█  ▄ ▀█▀ █ ▄▄▄ ████  ▄██  ▄▀▄▀▀▄██ █▄▄▄█ █
█▄▄▄▄▄▄▄█▄█▄▀ █ ▀▄█ ▀ ▀ █ █ █▄█ ▀▄█ ▀▄▀▄▀▄▀ ▀ ▀ ▀▄█▄▄▄▄▄▄▄█
█▄▄▄▄ █▄▄▄█▀██ ▀▄█▄▄▄▄▄▀▀ ▄ ▄   ▀█▀█▀▄ █▀█▀ ██▀█   █▄▀▄▀▄██
█▄▄▄▀▄▀▄▄   ▄█▄ ▀▄▀ ▀▀▀ ██ █▀  █▀▀ ▀▄▄▄█  ▀▀  ▀ ▀ ▄██▀▀▀▄██
█▀▄▀█▄▄▄███▄  ▄▄▄▄▀ ▀█▀▄▀▀█▄██▀█▄█▄█▄▄ ▄▄▀▀▀▀█▄█   █ ██▄▀ █
██▄▄██▀▄  ▀▀█  ▀▀▀▄  ▄▄ █▀ ▄ ██▄▀▄▀█  ▀▀█▀▀  ▀▀█▀▀▄█▄▄   ██
█ ▄▄▀█▀▄█▀▄█ █▄▀▄█  ▄▄▀█▄▀▀█▀ ▀▀ ▀▀▄ ▄ ▄██▀ ▀█▄█▀▀ ▄▀▀█ ▀▀█
██▄▀ ▄▀▄████▄▀▀█  ██▄██▀▀▀▀▄▀ ▄█▀ █▄▀█ █▀▀█ █▀▄ ▀▄ █ █▄▀▀██
█▀ █ ██▄█  ▀▄▄▀█▄▀  ▄███▀▄▀▀▀█▀▀▄█▄▄▀▄▄▄ ██▀▄█▄█▄▀▀▄▀█ █ ▀█
█▄▄█▀▀ ▄▄▄█▀█▄ █▄ ▀▄▄█ █▀█▀ ▀▀▄▄▄█▄▀▀██▄▀▀ ██▄▀▄▄ █ █▀▀▀▀██
████▀█▄▄▀▄▄ █▄█▀▄█ ▄█▄ ▀▀▀██▀█▀▀▄ ▄ ▄ ▄▄▀█▄▀▄▀▄█▀ ▀▄██▄▀  █
█ ██▀ ▄▄▄ ▄  ▀ ▄█▄▄█ ▀▄█ █  ▄▄▄ ▄▄▄█▀▀▀▄▄ ██▄█▄██ ▄▄▄ ▀  ▀█
█ ▄▀▄ █▄█ ▄ ▀██ ▄█▄▀▀█▄█▀▀▀ █▄█  █ ▄▄  ▄██   ▀█▄▀ █▄█ ▀ ▀ █
█▀ ▄▄  ▄ ▄ ▀ ▄▄  ▀█   ▀ ██▄ ▄▄  ▄▀█ ▄▄▄ ▀▄  █▀▄▄▀▄▄ ▄▄▀▀▄▀█
█▄ ▀█▄█▄██▀█▄ ▄▀▄▄   ▄ ▀▄▀█▀█▄▀  ▀▀█▀▄▀▄▀█  ▄██▄▀█▀▀▄▄█ ▄██
█▀  ▀▀▀▄█▀▄█▀█▀▀ ██ █▄▄▄ ▄ ▀ ▄▀     ██▄▀  ▀▀█▄▀▄█▄▄█▄▀  ▄██
█ ▄  █ ▄ ▄▀▀  ▄█▀█▀▄▀▀▀▀▄ ██▀███ ▀█▄█  ▄██ ▀▄▀███▄▀▄█▄ ▀▄ █
█▀ █▀ ▀▄    ▄▀█▄▀█▀ ▀ █ ▄ ▄ ▀█  ▀█▀▄▀██▀▀▀██▀▄▄▄▄▄▄█ ▀▀ ▄▄█
█▄ ▄█▄▄▄▀ ██ ▀▄▀█▄ ▄▄▄▀▀█▀█▀▄██▄▀█▀█▀▄ ▄▀▀ ▀▄▀▄▄█ ▄▄█▄▀████
█▀▄▀ █▀▄▄█ ▀ ▄█ ▄▄▀  ▄▀  ▄▀▀ ▄▄ █▀▀▀▀▄██▀▀ ▀▀██  ▀ ▀ ▀█▀▄▀█
█▄█▄▀ █▄▄█▄█▄▄▄▀▄▄▀ █▄▀▄ ▀██▀▄█▀▄█▄██ ▄▄▀█▀▀ █ ████▄▄▄ ▀▄██
█ ▀ ▀▀▄▄▄█▀▀█ █▀▀▀▄▄▄▄█ ███▄▄█▀▄█ █▀██▄ ▀ █▄ ▀█▄▀▀▄▀█▄▄▀▄▀█
███████▄█ ▄▀▀▀█▀█▄▄  █▀▀▀▀▀ ▄▄▄ ▄█▄█ ▄ █▀▀▀▀▄███▀ ▄▄▄  ▀█ █
█ ▄▄▄▄▄ █▄   ▄▄█▀▀█▀▀█▄ ▀▄█ █▄█  ███▄▄▀ ▄ ▀█▀▀▀█▄ █▄█ ▀▀▄██
█ █   █ █    ▀██▄▀▄ ▄█▀█▀▄▄    ▄ ▀▄█ ▄█▄██ ▀▄▀███       █▄█
█ █▄▄▄█ █ ███▀ ▀▄ █ ▄█▀ ▀█▀▄█▀▀█▄██ █▄▄ █ █▄██▀ ▄▄▀█▀▀▀ ███
█▄▄▄▄▄▄▄█▄▄█▄█▄▄█▄█▄█▄████▄████▄▄▄▄▄▄▄██▄██▄▄█▄█▄▄▄▄████▄██


Ou acesse http://localhost:3000/qr para obter o QR em base64


📱 Escaneie o QR Code abaixo com o WhatsApp:
▄▄▄▄▄▄▄▄▄▄▄▄▄▄▄▄▄▄▄▄▄▄▄▄▄▄▄▄▄▄▄▄▄▄▄▄▄▄▄▄▄▄▄▄▄▄▄▄▄▄▄▄▄▄▄▄▄▄▄
█ ▄▄▄▄▄ █▀ ▀▀ ▀███▀▄ █  ▄ ▄▀█ ▄▄█▄▄▀▀ ▀▀▀▄▄ ▄█▄▄ ██ ▄▄▄▄▄ █
█ █   █ █▀▀▀▀▀ ▄██▀▀▄██▄▀ ▀█▀▄▄ ▀█▀▀▄▀▀ ▄▄█▀ █ ▄ ██ █   █ █
█ █▄▄▄█ █▀▄ █▀ ▀▄█  ▄ ▀█▀ █ ▄▄▄  ▄██▀ ▄█ ▀ ▄▀█▀▀▄██ █▄▄▄█ █
█▄▄▄▄▄▄▄█▄▀▄█ █ ▀▄█ ▀ ▀ █ █ █▄█ ▀▄█ ▀▄▀▄▀▄▀ ▀ ▀ ▀▄█▄▄▄▄▄▄▄█
█▄▄▄▄ █▄▄      ▀▄█▄▄▄▄▄▀▀   ▄   ▀█▀█▀▄ █▀█▀ ██▀█▀▀ █▄▀▄▀▄██
█▄▄▄▀█▀▄ ▄▀▀█ ▄ ▀▄▀ ▀▀▀ ██▀█▀  █▀▀ █▄▄ ▀  █▀  █▄█ ▄▄██▀▀▄██
█▀▄▀▄▄▄▄▀ █   ▄▄▄▄▀ ▀█▀▄▀▀█▄▀█▀█▄███▄▄▀█▄▀▀ ▀███ ▀ ██▀▀▄▀ █
█▄ ▄██▀▄  ▀▀█  ▀▀▀██ ▄▀ █▀ ▄ ▄▀▄▀▄▄▄ ▄▀▄█▀▀▄ ▀██▀ ▄█▄▄▀  ██
█▀▀▄▄█▀▄█▀▄█ █▄▀▄█ ▄▀▄▀▀▄▀▀█▀ ▄  ▀ █▀ ▀█ ▀▀  █▄▄▀▀ ▄▀▀▄ █▀█
█▀  █ █▄████▄▀▀█ ▄███ █▀▀▀▀▄▀ ▄█▀▄█▄█▄▀████▀▀ █ ▀▄▄█ █▄▀▄▀█
█▄██ ▀▄▄█  ▀█▀▀█▄▀  ▄███▀▄▀▀▀█▀▀ █▄▄▄▄▄▄▀▀█▀▄█▄█▄▀ ▄▀█ █▀ █
█▄▄█▀██▄▄▄▄▀█▀ ▄▄ ▀▄▄█ █▀█▀ ▀▀▄▄█▄▄▀ ▄█▄▀▀ █▄█▀▄▄  █▀▀▀▀▀██
████▀ ▄▄▀ ▀▄ ▀▄▄▄█ ▄█▄ ▀▀▀▀█▀█▀▀▄ ▄ ▄ ▄▄▀█▄▀▄▀▄█▄▀▀██▀▄▀  █
█ ██▀ ▄▄▄ █▀▄▀ ▄█▄▄█ ▀▄█ █  ▄▄▄ ▄▄▄█▀▀█▄▄ ▀█▄█ █▀ ▄▄▄ █  ▀█
█ ▄██ █▄█  █▀█▀▄▄█▄▀▀█▄█▀▀▀ █▄█  ██▄▄  ███▄  ▀▄█  █▄█  ▀▀ █
█▀█▀▀▄ ▄ ▄ ▀ ▄▄  ▀▀   ▀▀███ ▄▄  ▄▀▄ ▄ ███  █▀▀ █ ▄▄    ▀▄▀█
█▀█▄▀▄█▄▀█▀█▄ ▄▀▀▄▀▄ ▄▀█▀▀█▀█▄▀  ▀▀█▄▄ ███▀ ▄▀▄▄▀ ▀▀ ▄█▀▄██
█▀███▀▀▄█▀▄█▀█▀▀▀██ ▀█▄▄ █ ▀██▀  ▄  ▄▄█▀▀▀▀▀▄▄▀█▄▄▄█▀    ██
█    █ ▄ ▄▀▀▀ ▄█▀█▀▄▀▀▀▀▄ ██▀█▀▀ ▀█▄   ▄█▀ ▀ ████▄▀▄█▄ ▀█▀█
█▀ █▀ ▀▄  █▄ ▄  ▀█▀ ▀ █ ▄ ▄ ▀█▄  █▀▄▀██▀▀▀██ █▄▄▄▄▄█ ▀▀ ▄▄█
█▄ ▄██▄▄▀ ▄█ ▀ ▀█▄ ▄▄▄▀▀█▀█▀▄██▄▀█▀█▀▄ ▄▀▀ ▀▄▀▄▄█ ▄██▄▀▀███
█▀▄▀ ▄▀▄▄█▄▀▀  ▀▄▄▀  ▄▀  ▄█▀ ▄▄ █▀▀█▀▄█▀▀▀▄█▀██ ▄▄▀▀ ▀▀ ▄▀█
█▄██▄  ▄ ▀▀█▄▄▀▄▄▄▀ █▄▀▄ ▀▄▀▀▄█▀▄████ ▄█▀█▀  █▀▄▀▀▄▄ ▄ ▀▄██
█ ▀ ▀▀▄▄▀▄▀▀█ █▀▀▀▄▄▄▄▀ ███ ▄█▀▄█ ▄▀▀█▀ █ ██▄██▄ ██▀▀▀▄▀▄▀█
███████▄▄▀▄▀▀▀█▀▀▄  ▀▄▀▀█▀▀ ▄▄▄ ▄█▄██  ▄█▀█▀▄█▄██ ▄▄▄  ▀▀ █
█ ▄▄▄▄▄ █▄   ▄▄█ ▀█▀█▄▄  ▀█ █▄█  ▀██ █▀ ▄ ▀█▀  ██ █▄█ ▀▀█▀█
█ █   █ █   ▀ ██▄▀▄ ▄█▀█▀▄▄ ▄▄ ▄▄▀▄█ ▄█▄▀█ ▀ ███▄       ▄▄█
█ █▄▄▄█ █ ▀▄▀▄██▄ █ ▄█▀ ▀█▀▄█▀▀████ ▄█▄ █ █▄█▄▀ ▄▄▀█ █▀ ███
█▄▄▄▄▄▄▄█▄██▄████▄█▄█▄████▄█▄▄█▄▄▄▄▄▄▄██▄██▄▄█▄█▄▄▄▄████▄██


Ou acesse http://localhost:3000/qr para obter o QR em base64

❌ Conexão encerrada (código 408). Reconectar: true
🔄 Tentativa 3/5 em 9s...

📱 Escaneie o QR Code abaixo com o WhatsApp:
▄▄▄▄▄▄▄▄▄▄▄▄▄▄▄▄▄▄▄▄▄▄▄▄▄▄▄▄▄▄▄▄▄▄▄▄▄▄▄▄▄▄▄▄▄▄▄▄▄▄▄▄▄▄▄▄▄▄▄
█ ▄▄▄▄▄ █▀█▄▄▀▀█▀██▀▄▀█▄▄ █▀▀▄▄▄  ███▄█▀█▀  ▀▄▄▄ ██ ▄▄▄▄▄ █
█ █   █ █▀▀█▀▀ ▄▄█▀▀▄█▄▄▀▀▀█▀▄██▀▄ ▀▄▀▄█▀▄▄█▀█ ▄ ██ █   █ █
█ █▄▄▄█ █▀███▀▄▄▄██ ▄  ▄▀ █ ▄▄▄ ▀███▀█▄▀  ▄▄██▀▀▄██ █▄▄▄█ █
█▄▄▄▄▄▄▄█▄█▄█ ▀▄▀▄▀▄▀ █▄█ █ █▄█ ▀▄█ ▀▄▀▄█▄█ ▀ █▄▀▄█▄▄▄▄▄▄▄█
█ ▄  ▄█▄▄ ▀▄ ▀▄▀██▄▄▄▄▀█ ▀ ▄    ▀█▀█▀  ▄▀▀ ▀█▀▄█▀  █ █▄▀▄▀█
█ ██  ▀▄▄█▀▀▄▄▄ █▀▀ ▀▀▀ ▄▄▀█▄▀ █▀▀ █ ▀▄█▄▀▀ ▄█ █ ▄██▀▀▀▀▄▀█
█ █▀▀▀▀▄█ ▄▄█▀▄▄██▀ ▄▄▀▄  █▄▀█▀█▄▀▀█▄▄ █▀▀   ▀██▄▀▄██▀▀ ▄██
█▄▀▄▀█▀▄▄██ ▄▀▄██  ▄█▀▀█▀▀▄▄ ██▄█▀█▄▄▄▀ ▀█▀▀▀▀▄  █ ▄█▀▀▀▄██
█ ▄▄▀▀█▄ ▄▀▄▀▄ ██▄   ▄██ ▀▄ ▀ ▀ ██▀█   ▄▀▀█  ██▄ ▀ █▀▀▄▄█▄█
█ ▀██▄ ▄▄▀▀   ▀█▄▄▄▀▄▀▄ ▄▄ ▄▀ █ █▄█▄▄ ▄   ▄▀ ▄█ █▄   █ ▀ ▀█
███ ▄▀█▄█▀▄█▄▄▀█▄▀▄ ▄███▀▄  ▀▀ ▀ █▀█  █▄██ ▀▄█▄█▄▀▄█▀▀█▄ ▀█
██▄█▄█▄▄▀▄▄█ ▄▄▀▄ ▀ ▄█▀█▀█▀ █▀▄▀███ █ ▄▄ ▀ ▄███▀   ▄▀▄█▀▀██
██▀█ ▄▀▄▀▄ ▀▄   ▄█▄ █▄█▀▀▀█▀▄▀  ▄ ▄ ▄  ▄▀█ ▀▄▀██▀▀▄▄█▀█▀▄▄█
█▀▀▄  ▄▄▄ █▄ ▄  ██▄█ ▀▄█▄   ▄▄▄  ▄▄█▀▄▄ █▀█ █ █ ▄ ▄▄▄ ▀ ▄██
█ ▄▀▀ █▄█ ▀██▀██▄▄▄▀▄▄▄█▀ ▀ █▄█  █ ▄  ▀▄▀▀ ▀ ▀█▄▄ █▄█  ▀▀▄█
█ ▀ ▄ ▄▄▄▄▄ ▄    ▀█ ▄▀▄█▄▀█  ▄ ▄▀▀█ ▀ ▄▄█▀▄▀█▄▄█▀▄   ▄▀▀ ██
█ █▄ ▄▄▄  █ ██▀█▄▄  ▀██▀▀▀▄ ▀▄▀ ▀█▀█   ███ ▀▄▀█▄▀ ▄▀▀▄██▀ █
█▄█ ▄▄▄▄▀▀▀▄  ████ ▄█ ▄█ ▄█▄▄▄▀ █▄  ▀█▄ █ █  ▀█▄██ ▀  ▀ ▀▀█
█▄█ ▀▄ ▄█▀ █▄█▀█▀█  ▀▀▄▀▄ █▄▀█ ▀▄▀▄█▄▄▀█▄█  █▀ ▄▀▄█ ▀▄ ▄█ █
████▄█▄▄█ ▀ █ █ ▀██▄▀ ▄█▄ █ ▀█▄ ▀█ █▀█▄▀▄  █ ▄▀▄██ █▀▄▄▀▄▄█
█ █▄█▀ ▄ █▀   █ █▄  ▄▄██  █▀█▄  ▀█▀█▄▄▀███ ▀▄▀▀█▀█▀▀▄██▀█▀█
█  ██▀▀▄  █  ▀▀ ▀▄▀ ▄▀▀ █▀█▀  ▄ ▀▀▀▀  █▄▄▀█ ▄█  ▀█▄▀▄▄▄▀ ██
███▀█ ▄▄▀▀▄▄ ▀  ██▀ ▀█▀▄  ▄███▀▀▀▀██▄▄▀▄▀█ ▀▄█▄████▀██▀▀▀ █
█ ▀ ▀▀▄▄▀█ ██  ▄▀ ▀▄█▄▄███▀▄ ▀▄ ▄▀▄ ▀▄▀█▀▀▄▄▀▀   ▀▄▀ ▀  ▄▀█
███████▄█▀ █   ▀█▄▄▄ ▄▄▀▀ █ ▄▄▄ ▄▀▄█▀ ▀▄▀█  ▄▀▄█▀ ▄▄▄ █ █▀█
█ ▄▄▄▄▄ █▄ ▄█▄▀█ ▄█ ▄█▄▀▀█▄ █▄█ ▀ ▄ ▄▀██▄ ▀▀█▄▀▀▄ █▄█ ▀▀ ██
█ █   █ █ █ ▄ ▀▄▄▀▄▄▄███▀▄▄ ▄▄ ▄▄██▄  ▄█ ▀▀ ▄▀▄█ ▄▄▄▄ ███▄█
█ █▄▄▄█ █  ▀▄▄▄ ▄ ▄ ▄█ ▄▀█ ▀▀▀▀█▄▄▄ ▄▄▄▄ ▀▀▄▀▄█ ▄▄ ▄█▀ ▀███
█▄▄▄▄▄▄▄█▄▄█▄▄▄███▄▄██████▄████▄▄▄▄▄▄▄█▄███▄▄██▄█▄█▄█▄█▄▄██


Ou acesse http://localhost:3000/qr para obter o QR em base64


📱 Escaneie o QR Code abaixo com o WhatsApp:
▄▄▄▄▄▄▄▄▄▄▄▄▄▄▄▄▄▄▄▄▄▄▄▄▄▄▄▄▄▄▄▄▄▄▄▄▄▄▄▄▄▄▄▄▄▄▄▄▄▄▄▄▄▄▄▄▄▄▄
█ ▄▄▄▄▄ █▀█▄▄▀ ▄███▀ ▀█▄▄ █▀▀▄▄▄  ▀▀▀█ ▀▄▄▄▄ ▄▄▄ ██ ▄▄▄▄▄ █
█ █   █ █▀▀█▀▀ ▄██▀▀▄▄▄▄▀▀▀█▀▄██▀█ ▀▀▀▄█▀▄▄█▀▄ ▄ ██ █   █ █
█ █▄▄▄█ █▀▀█ ▄▄▄▄██ ▄  ▄▀ █ ▄▄▄  ▄██  ▄▀▀▄▄▄▄▄▀▀▄██ █▄▄▄█ █
█▄▄▄▄▄▄▄█▄█▄▀ ▀▄▀▄▀▄▀ █▄█ █ █▄█ ▀▄█ ▀▄▀▄█▄█ ▀ █▄▀▄█▄▄▄▄▄▄▄█
█ ▄  ▄█▄    █ ▄▀██▄▄▄▄▀█ ▀▄     ▀█▀█▀  ▄▀▀ ▀█▀▄█▄▀ █▄▀▄▀▄▀█
█ ██ ▀ ▄▀▀▀▀█ ▄ █▀▀ ▀▀▀ ▄▄▀▄▄▀ █▀▀ ▀ ▀▄▀▄▀█▄▄█ █▀ █▄▀▄▀▀▄▀█
█ █  ▀▀▄ ▀█▀█▀▄▄██▀ ▄▄▀▄  ▄█▀▀▀█▄▀█▄▄▄▄█▀▀   ▀▀▄▀▀▄███▀▄▄██
█▄ ▀▀█▀▄▄██ ▄▀▄██   █▀▄█▀▀▄▄ █▀▄█▀▄▀▄ ▄ ▀▀██▀█ ▄ █ ▄▄ ▀ ▄██
██▄▀ ▀█▄ ▄▀▄▀▄ █▀▄ ▄▀▄ ▀ ▀▄ ▀ ▀ ██▀▄ ▄███▀ ▀ █▄█ ▀ █▀▀███▄█
█▀▄▀   ▄▄▀▀   ▀█ ▀▄▀ ▄▄ █  ▄▀ █▀▀ █▄ ▄█ █▀▄ ▀▀▄ █▄   █ ▀ ▀█
█ ▄ ▄▄█▄█▀▄██▄▀█▄▀▄ ▄███▀▄  ▀▀ ▀██▀█  █▄▀█ ▀█▀▄█▄▀▀█▀▀█▄ ▀█
██▄█▄█▀▄█ ▀   ▀▄▄ ▀ ▄█▀█▀█▀ █▀▄▀▄▄█ █ ▄▄   ▄▄██▀  ▄ ▀ █▀▀██
██▀█ ▀▄▄█▀█▀▄ ▀ ▄█▄ █▄█▀▀▀██▄▀  ▄ ▄ ▄  ▄▀█ ▀▄▀██  ▀█▀▀█▀▄▄█
█▀▀▄  ▄▄▄ ██▀▀▀███▄█ ▀▄█▄ ▀ ▄▄▄  ▄▄▀▀▄ ▄█▀█▄█ ▀ █ ▄▄▄ █ ▄██
█ ▄▀  █▄█  ▀█▀█▄▄▄▄▀▄▄▄█▀ ▀ █▄█  █ █   █▀▀   ▀▀▄█ █▄█  █▀▄█
█▄▄▄ ▄ ▄▄▄▄ ▄    ▀█▄▄▀█ ▄▀▄  ▄ ▄▀▀▄ █▄█ ▀▀█▄▀   ▀▄▄ ▄▄▄▀ ██
█▄▄██▄▄▄  █ ██▀██▄▄ ▀▄▄▀ ▀▄ ▄█▀ ▀█▀█ ▄ ▄█▀▀▀▄███▀█▄▀█████ █
███ █▄▄▄▀ ▀▄  ████ ▄█▄▄████▄▀█▀ █▄  ▀▀▄ ▀█▄▀█ █▄██ ▀▀█▀  ▀█
█ ▄ ▀▄ ▄█▀ ██▀▀█▀█  ▀▀▄▀▄ █▄▀█  ▄█▄█▄▄▀███   ▀ ▄▀▄█ ▀▄ ▄▄ █
████▄█▄▄█ █ ▄█ ▄▀██▄▀ ▄█▄ █ ▀█▄  █ █▀▄▄▀▄▀ █▀▄▀▄██ █▀▄▄▀▄▄█
█ █▄█▀█▄ ██▀▀▄ ▄█▄  ▄▄██  █▀█▄  ▀█▀█▄▄▀███ ▀▄▀▀█▀█▀▀▄█▀▀█▀█
█  ██▄█▄  █▄█▀▀▄▀▄▀ ▄▀▀ █▀▀▀  ▄ ▀▀▀▀  █▄▄▀█ ▄█▄ ▀▀▀▀▄▄   ██
███▀▀ █▄▄▄█▄ ▀ ███▀ ▀█▀▄  █▀██▀▀▀▀█▄▄▄ █▀█ ▀▄█▀▄█▀▀██▄▀▄▀ █
█ ▀ ▀▀▄▄▀█ ██  ▄▀  ▄█▄ ▀██▀▄ ▀▄ ▄▀█▀█▄█▀██▀▀▀██▄██▄▀█ ▄▀▄▀█
███████▄▄▀ █   ▀██ ▄▀▄██  █ ▄▄▄ ▄▀▄█▀▄ █▀█▀▀ ▀▄██ ▄▄▄ █▀█▀█
█ ▄▄▄▄▄ █▄ ▄█▄▀██▄█ ▀█▄▀▀▄▄ █▄█ ▀ ▄  ▄▄▄█▀ ▀█▀  ▀ █▄█ ▀▀▄██
█ █   █ █ █ ▄█▀▄▄▀▄▄▄███▀▄▄ ▄▄ ▄▄▀█▄▄ ▄█▀▀▀ █▀▄█▀▄▄▄  █████
█ █▄▄▄█ █   ▀▀█▀▄ ▄ ▄█ ▄▀█ ▀▀▀▀█▄█▄ ██▄▄ ▀▀▄▀██ ▄▄ ▄▀▀ ▀███
█▄▄▄▄▄▄▄█▄███▄█▄██▄▄██████▄████▄▄▄▄▄▄▄█▄███▄▄██▄█▄█▄▄▄█▄▄██


Ou acesse http://localhost:3000/qr para obter o QR em base64


📱 Escaneie o QR Code abaixo com o WhatsApp:
▄▄▄▄▄▄▄▄▄▄▄▄▄▄▄▄▄▄▄▄▄▄▄▄▄▄▄▄▄▄▄▄▄▄▄▄▄▄▄▄▄▄▄▄▄▄▄▄▄▄▄▄▄▄▄▄▄▄▄
█ ▄▄▄▄▄ █▀█▄▄▀▀█▀▀▄▀████▄ █▀▀▄▄▄  ▀▀█▄ ▀ █▄▄▄▄▄▄ ██ ▄▄▄▄▄ █
█ █   █ █▀▀█▀▀ ▄██▀▀▄▄▄▄▀▀▀█▀▄██ ▄ ▀ ▀▄██▄▄█ ▄ ▄ ██ █   █ █
█ █▄▄▄█ █▀██ █▄▄▄██ ▄  ▄▀ █ ▄▄▄ █▀██▄ ▄▀  ▄▄▄▀▀▀▄██ █▄▄▄█ █
█▄▄▄▄▄▄▄█▄█ ▀▄▀▄▀▄▀▄▀ █▄█ █ █▄█ ▀▄█ ▀▄▀▄█▄█ ▀ █▄▀▄█▄▄▄▄▄▄▄█
█ ▄   ▀▄▄▄▄▀█ ▄▀██▄▄▄▄▀█ ▀▄▄    ▀█▀█▀  ▄▀▀ ▀█▀▄█▀  █▄▀▄▀▄▀█
█ ██ ▀▀▄ ▄ ███▄ █▀▀ ▀▀▀ ▄▄▄█▄▀ █▀▀ █ ▀▄█▄▀▀ ▄█ ▀ ▀▄██ ▀▀▄▀█
█ █  ▀▀▄█▄███▀▄▄██▀ ▄▄▀▄  ▄▄▄▀▀█▄▀▀█▄▄▄▄▀▀▀  ▀▄▄  ▄█▀██▄▄██
█ ▀ ▄█▀▄███ ▄▀▄██ ▀▀█▀▄█▀▀▄▄▀██▄█▀▀ ▄  ▄█▀█▄██▄▄█▄ ▄█▀  ▄██
█▀▀ ▄▀█▄ ▄▀▄▀▄ █▄▄▄▄▀▄▀█ ▀▄ ▀ █ ██▀▄  ▄█▄▀   ▀▄█ ▀ █▀▀▄▄▀ █
█ ▄▄▄  ▄▄▀▀   ▀██ ▄▀▄▄▄ ██ ▄▀ ▄▀▀▄█▄▀▄█   ▄▀▄▄█ █▄▄▄ █ ▀▄██
███ ▄█▀▄█▀▄█▄▀▀█▄▀▄ ▄███▀▄  ▀▀ ▀ █▀█  █▄▀█ ▀ █▄█▄▀▀█▀▀█▄▀ █
██▄█▄█▀▄▀▄▀▄ ▄▄█▄ ▀ ▄█▀█▀█▀ █▀▄▀█▄█ ▄ ▄▄▀▀ ▄▄██▀  ▀▄▀ █▀▀██
██▀█ ██▄▄  ▀▀█▄ ▄█▄ █▄█▀▀▀█▀▄▀  ▄ ▄ ▄  ▄▀█ ▀▄▀██▀▀ ▄███▀▄▄█
█▀▀▄  ▄▄▄ ██▄█▀▄██▄█ ▀▄█▄ ▀ ▄▄▄  ▄ █▀▄▄▄█▀▀▄█ █▄█ ▄▄▄ ▀ ▄██
█ ▄▀▀ █▄█ ▄ █▀ ▀▄▄▄▀▄▄▄█▀ ▀ █▄█  █ █   █▀▀ ▀ ▀▄▄█ █▄█  ▀▀▄█
█ ▄█▄  ▄ ▄▄ ▄    ▀ ▄▄▀▄ ▄▀█▄ ▄ ▄▀▀█ █ ▄ ▀▀▄ █▄██ ▄▄▄ ▄▄▀ ██
█▀▄▄█▄▄▄▀▄█ ██▀█▄▄▀▄ █▄▀▀ ▄ ▀▄▀ ▀█▀█▄  ▄ ▀ ▀ █ ▄█▀▄▀████▀ █
██▀ ▄▄▄▄  ▀▄  ██ ▀ ▄▄▄▄█ ▀█▄▄▄▀ █     ▄▀ ██▀▀▀█▄▄█ ▀ ▄▀ ███
█▀▄ ▀▄ ▄█▀ █▀▄▀█▀█  ▀▀▄▀▄ █▄▀█▄ ▄█▄█ ▄▀██▀  █▀ ▄▀▄█ ▀▄ ▄▄▀█
████▄█▄▄█ ██▀  ▄▀██▄▀ ▄█▄ █ ▀█▄▄ ▄ █▀▄▄▀█  █▀▄▀▄██ █▀▄▄▀▄▄█
█ █▄█▀ ▄ █▄ ▄██▄█▄  ▄▄██  █▀█▄  ▀█▀█▄▄▀███ ▀▄▀▀█▀██ ▄█▀▀█▀█
█  ██ █▄   ▀▀▄ ▀▀▄▀ ▄▀▀ █▀▀▀  ▄ ▀▀██  ▀▄▄▀█▄▄█ ▄▀█ █▄▄ ▀ ██
█████ ▀▄▄▀▀█ ▀ ▀██▀ ▀█▀▄  █▄██▀▀▀▀██▄▄█▄▀█▀ ▄██▄▀██▀█▄▀▄▀ █
█ ▀ ▀▀▄▄▄  ██  ▄▀ ▀▀█▄ ███ ▀ ▀▄ ▄▀█ ▀▄ ▄▀▀▀ █▀▄█▄█▄██▄ ▀▄▀█
███████▄▄▀ █   ▀▀▄   ▄▀█▀▀█ ▄▄▄ ▄▀▄██▄▀▄█▀   ▀█▄█ ▄▄▄ ▄ ███
█ ▄▄▄▄▄ █▄ ▄█▄▀█  █   ▄▀█▄▄ █▄█ █ ▄ ▀▄▄█▀▀▀ ▄█  █ █▄█ ▀▀▄▀█
█ █   █ █ █ ▀▀▀▄▄▀▄▄▄███▀▄▄    ▄ ██▄▄ ▄█▄▀▀  ▀▄█▀▄▄▄  ███▄█
█ █▄▄▄█ █ ▀ ▀▄▀█▄ ▄ ▄█ ▄▀█ ▀▀█▀██▄▄ █▄▄▄  ▀▄▀▄█ ▄▄ ▄█▀ ▀███
█▄▄▄▄▄▄▄█▄█▄▄▄▄███▄▄██████▄█▄▄█▄▄▄▄▄▄▄█▄███▄▄██▄█▄█▄▄██▄▄██


Ou acesse http://localhost:3000/qr para obter o QR em base64


📱 Escaneie o QR Code abaixo com o WhatsApp:
▄▄▄▄▄▄▄▄▄▄▄▄▄▄▄▄▄▄▄▄▄▄▄▄▄▄▄▄▄▄▄▄▄▄▄▄▄▄▄▄▄▄▄▄▄▄▄▄▄▄▄▄▄▄▄▄▄▄▄
█ ▄▄▄▄▄ █  ▄▄▀▄  █▄▀▀  ▄   ▄▄▄▄▄██ ▀▄▀█▄█▀  █ ▀▄ ██ ▄▄▄▄▄ █
█ █   █ █ ▀ ▄▄ ▄▄ ▄▄██▄▀█▄▀█▀▀   █ ▄▄▄▄█▄▀▀  █ ▄ ██ █   █ █
█ █▄▄▄█ █▀▄▀ ▄▀▀▀██ ▀██▄▀   ▄▄▄  ▄ █  ▀▄▄ ▄▄ ▄▄▀▄██ █▄▄▄█ █
█▄▄▄▄▄▄▄█▄█▄█▄▀▄▀ █ ▀ █ ▀▄█ █▄█ ▀▄█▄█ ▀▄█ ▀▄▀ █ █ █▄▄▄▄▄▄▄█
█  ██  ▄██ ▀ ▄▀▄ █▄▄▀▀▄█ ▀▀ ▄   ▄ ▄█▀ █▀▄▀ ▀ ▄▀█  ▀▀▄█▄  ▄█
████ ▄▄▄██ ▄▀ ▄ █▄▄█▀▀▀█▀▀ █▄▄█ ▀▀ ▄█▄ █▄▄▄█▄█  ▀▀▄▄▄▀▄▄▄▀█
█  ▀█▀▀▄▀█ ▀█▀▀▀ █▀ ▀▀▄▄   ▀▀█▀█▀▄▀▄▄▄▀ ▄▀▀▀█▄▀▄▀ ▀  ▀█▄▀ █
█▄▄█▄ ▄▄████▀▄▄████▀█▀▀ ▄▄▄▄ ▀ ▀█▀ ▀▀█▀▄█▄▀██▀▀█▀█ ▄█▄██▄██
█▄▀ ▄▀█▄█▀▄▄▀▄█  ▄▀▄█ ▄▀▀▀▀█▄ ▀▀  ▄▄▄▄▄▀█▀ ▀█▄▀▄ ▀█ ▄▀█▄▄▀█
█ ▀▀▀██▄▄▀▀███▀█▄▀▀▄█▄▄█▀▄ ▄▀█▀██ █▀ ▄█ ▀█ ▄ ▄▄▄ ▀▄▄  █▄▄▀█
█▀ █▀▄▀▄ ▄▀█▀▄▄ ▀▀▄ ▀  █▀▄██▄▀ ▀▀ ▄█▄▄ ▀ █ ▀█ ▀█▄▀█ ▄▀█▄▄██
█ ▄█▄▄▄▄▀ █ █▀▄▄▄█▄█▄█▀ ▄ ▀ █▄▀▄█▄██ █▄▄ ▄█▀███▄██ ██▀ ▄▀██
██▄ █▀ ▄ ▀  ▄   ▀█▄  ▀ ▀▀▀  ▀▀  ▀█▀ ▄ █▀▄█ ▀▀▄ █▀ █▀ ▀█▀▀▀█
█▄▀▄  ▄▄▄ ██ █▀▄█ ▀  ▀▄ ▀█  ▄▄▄  ▄  ▄▀  █▄▄██ █▀  ▄▄▄ ▄█▄██
█ ▀ ▀ █▄█  ▀█▀█ ▀▄▄▀▀▀▀█▀ ▄ █▄█ █ ▄▄  █▀▄▀  █▄▄▄▄ █▄█ █▄▄▀█
██ ██ ▄▄▄▄▄█▀█   ▄▄█▄▀▀█▀▄▄▄  ▄ ▀▀██ █▀▀▀ ▄██ ▀▀█▄▄  ▄▄█ ██
█ ▀▀ ▄▄▄ █  ██▄ ▀█▄▄▄  █▀▀▀█▄▄▀ ▄ ▄█▄▄ ▀▄▀█▀▀  █▀▀▀▄ ▄▄▄▄██
█ █ ▀▀▀▄█▄▀▀████ ▄█▀█▀▄  ██▄ ▄▄██▄ █  ▄ ▄█▀▄█ █ ▀  ▀ ▀▄█ ▀█
█▀▄█▄▄ ▄ ▄██ ▄▄ ▄█  ▄▄▀▀▄  ▀▄██▀█▄▀█▄ ▄  █  █▄█▄▀▄ █▄▄ ▄▀██
█ ██▄ ▀▄█ █▀█▄  ▀  ▀▀ ▄ ▀██ ▀ ▀█▀▄  ▄▀▄▀▄██ ▀▄▀▀   █▀▀▀▄▄▄█
█  ▀ █▀▄█  █ ▀   ▄  ▀▀ █   ▄ ▄  ▄ ▄█▄▄▄  █ ▀▀▄▄█▀█  ▀███ ▄█
██ ██▄█▄  ▀▄▀▀▄▄▀▀▄█▄▀▀█ ▄▀▀ █▀█▀▀█ ██▀ ▄▄ ▀▄█ ▀▄ ▄▀▄▀█▄ ██
██ ▄ █ ▄█▀▀  ▀█  █▀ ▄ ▄▄   █ █▀▀▄▄▀█▄▄█▀▄█  ▀ ▀██ ▀ ▀█▄▀▄██
█ ▀ ▀▀▄▄▄▀   █ ▄▀█▄▄█▄▄▀     ▄▀█▄▀█▄▄▀▀▄▀ ▄█▀█ ▄▀▀ ▀ ▄██▄▀█
███████▄█▀██  █▄▀█▄ ▄ ▀▀ ▀  ▄▄▄ ▀▄▀█ ▄ ▀▄▀ ▀▀▄ ██ ▄▄▄ ▄▀  █
█ ▄▄▄▄▄ █▀ ▀ ▀▀█▀▄ ███▄▄██▄ █▄█ █ ▄██▀▄▄ ██▄▄▀▀██ █▄█ ▄▄▄██
█ █   █ █▄  ▄ ▄▀▀▀▄▄▀  █▀▄▀▄ ▄ ▄▀  ▄▄ ▀  ▀▀  ▄▀█ ▄  ▄ ██ ▀█
█ █▄▄▄█ █▀▀▀ ██ ▄█▀█▄█ ▀▄  ▀▀▄▄ ▄█▄█▀▀▄▄ █▄▀ ▄██▀▀ ▄▀▄█▄███
█▄▄▄▄▄▄▄█▄█▄▄███▄█▄▄▄▄▄████▄▄██▄███▄▄▄▄█▄██▄█▄▄▄█▄▄████▄█▄█


Ou acesse http://localhost:3000/qr para obter o QR em base64


📱 Escaneie o QR Code abaixo com o WhatsApp:
▄▄▄▄▄▄▄▄▄▄▄▄▄▄▄▄▄▄▄▄▄▄▄▄▄▄▄▄▄▄▄▄▄▄▄▄▄▄▄▄▄▄▄▄▄▄▄▄▄▄▄▄▄▄▄▄▄▄▄
█ ▄▄▄▄▄ █  ▄▄▀█▀▄█▄▀ ▄ ▄▀▄ ▄▄▄▄▄██ ███▄▄▄▄▄ ██▀▄ ██ ▄▄▄▄▄ █
█ █   █ █ ▀ ▄▄ ▄█ ▄▄██▄▀██▀█▀▀  ▀▄ ▄▄▄▄█▄▀▀ ▀▄ ▄ ██ █   █ █
█ █▄▄▄█ █▀ ▀▄▄▀▀▀██ ▀██▄▀   ▄▄▄  ▄ █▀ ▀▄▄█▄▄██▄▀▄██ █▄▄▄█ █
█▄▄▄▄▄▄▄█▄▀ █▄▀▄▀ █ ▀ █ ▀▄█ █▄█ ▀▄█▄█ ▀▄█ ▀▄▀ █ █ █▄▄▄▄▄▄▄█
█  ██▄ ▄██  ▄▀▀▄ █▄▄▀▀▄█ ▀▀▄▄   ▄ ▄█▀ █▀▄▀ ▀ ▄▀█▀ █▀▄█▄  ▄█
████ ██▄▀▄ ██▄▄ █▄▄█▀▀▀█▀▀▀█ ▄█ ▀▀  █▄▄▀▄▄▄▀▄█  ▄▄▄█ ▄▄▄▄▀█
█    ▀▀▄█  ▀█▀▀▀ █▀ ▀▀▄▄     ▀▀█▀▄▀▄▄▄▄ ▄▀▀▀█▄ █  ▀ ▄▀▀ ▀ █
█▄ ▄▀ ▄▄████▀▄▄███▄▄█▀▀▄▄▄▄▄▀▀▄██▀ █▀████▄█▄█▀█▀▀█ ▄█▄ ▄▄██
█▀▄▄▀▀█▄█▀▄▄▀▄█ ▀█▄ █ ▀▀▀ ▀█▄     ▄█▄ ▄ ▀▀▄ ▄▄██ ▀█ ▄▀▄█ ██
█▀█▄ ██▄▄▀▀███▀█  ▀▄▄▀▄█▄  ▄▀█ █▀▄█▀▄▄█ ▀█ ▄█ ██ ▀▄▄  █▄ ▀█
█  █▀▄ ▄ ▄▀█ ▀▄ ▀▀▄ ▀  █▀▄██▄▀ ▀█ ▄█   ▀ █ ▀█ ▀█▄▀█ ▄▀█▄█▄█
█ ▄█▄▄▄▄█ ▄█ ▄▄▀▄█▄█▄█▀ ▄ ▀ █▄▀▄█▄██ ▄▄▄ ▄█▀▄██▄██▄▀██ ▄▀██
██▄ █▄▀▄▀███▄█  ▀█▄  ▀ ▀▀▀▄ ▀▀  ▀█▀ ▄ █▀▄█ ▀▀▄ █ ▀▀ ▄██▀▀▀█
█▄▀▄  ▄▄▄  █ ▄█▄█ ▀  ▀▄ ▀█▄ ▄▄▄  ▄  ▄▀ ▄█▄ ██ ▀▀█ ▄▄▄ ▄█▄██
█ ▀▀▄ █▄█ ███▀ ▀▀▄▄▀▀▀▀█▀ ▄ █▄█ █ ▄█  ▀▀▄▀ ▀█▄▄█▄ █▄█ █▄▄▀█
█▀█▀█▄ ▄  ▄█▀█   ▄█ ▄▀▀ ▀▄▄▄  ▄ ▀▀██ █  ▀▄▀▀█▄█▀█ ▄ ▄▄██ ██
█ ▀█▄▄▄▄▀   ██▄ ▄▄▄▄▀▀ ▀▀▀▀█▀▄▀ ▄ ▄█▄ █▀▀▀▄▀█▄▀▄▀█▀▄▀▄▄█ ██
█▄██ ▀▀▄ █▀▀████ ▄█▀█▀▄  ▀█▄▄▄▄██  █▀▄▄▀▄█▀▄█▀█    ▀▀ ▄█▄██
██ █▄▄ ▄ ▄██▄▄▄ ▄█  ▄▄▀▀▄  ▀▄█▄ █▄▀█  ▄ ▄▀  ▀▄█▄▀▄ █▄▄ ▄▀▄█
█ ██▄ ▀▄█  ▀█▀▀█▀  ▀▀ ▄ ▀██ ▀ ██▀█  █▀▄▀▄██  █▀▀   █▀▀▀▄▄▄█
█  ▀ ██▄█ ▀ ▄▀▄  ▄  ▀▀ █   ▄ ▄  ▄ ▄█▄▄▄  █ ▀▀▄▄█▀██▄▀██▀ ▄█
██ ██▄▄▄  ▀████▄▀▀▄█▄▀▀█ ▄▀▀ █▀█▀▀▀ ███▄▄▄▄█▄█▄▀▄▄ █▄▀█▄ ██
██ ▀▄█ ▄██▄▄ ▀█▄ █▀ ▄ ▄▄   ▀ █▀▀▄▄ █▄▄█ ▄█  ▀  ▄▀ ██▀▄█▀▄██
█ ▀ ▀▀▄▄▄    █ ▄▀█▄ █▄▀   ▀  ▄▀█▄▀█▄ ▀▀█▀▄ ▄██▄ █▀ █ ▀█▄▄▀█
███████▄█▀██  █▄▀█▄ ▀▀▄█ ▀  ▄▄▄ ▀▄▀█▄ ▄▀█▀  █▄ ██ ▄▄▄ █▀▄▄█
█ ▄▄▄▄▄ █▀ ▀ ▀▀██▄ █ █▄▄▀█▄ █▄█ ▀▄▄██▀▄█ ▀██ █ ▄█ █▄█ ▄▄▀██
█ █   █ █▄  █▀▄▀▀▀▄▄▀  █▀▄▀▄▄  ▄█▄ ▄ ▄▀ ▄▀▀ █ ▀█▀▄  ▄ ██  █
█ █▄▄▄█ █▀█  ▄▄█▄█▀█▄█ ▀▄  ▀▀▄▄ ██▄█▀▀▄▄ █▄▀ ███▀▀ ▄█▄█▄███
█▄▄▄▄▄▄▄█▄▄█▄███▄█▄▄▄▄▄████▄█▄█▄███▄▄▄▄█▄██▄█▄▄▄█▄▄█▄██▄█▄█


Ou acesse http://localhost:3000/qr para obter o QR em base64


📱 Escaneie o QR Code abaixo com o WhatsApp:
▄▄▄▄▄▄▄▄▄▄▄▄▄▄▄▄▄▄▄▄▄▄▄▄▄▄▄▄▄▄▄▄▄▄▄▄▄▄▄▄▄▄▄▄▄▄▄▄▄▄▄▄▄▄▄▄▄▄▄
█ ▄▄▄▄▄ █▀█▄▄▀ ▄█▀█  ▀██▄▄█▀▀▄▄▄  ██▀█▄▀▀ ▄▄█▀▄▄ ██ ▄▄▄▄▄ █
█ █   █ █▀▀███ ▄██▀▀▄█▄▄▀▀▀█▀▄██▀▄ ▀  ▄██▄▄█▀▄ ▄ ██ █   █ █
█ █▄▄▄█ █▀▀██▄▄▄▄██ ▄  ▄▀ █ ▄▄▄ ▄████▄▄▀▄ ▄▄ █▀▀▄██ █▄▄▄█ █
█▄▄▄▄▄▄▄█▄▀▄█ ▀▄▀▄▀▄▀ █▄█ █ █▄█ ▀▄█ ▀▄▀▄█▄█ ▀ █▄▀▄█▄▄▄▄▄▄▄█
█ ▄   ▀▄▄▄▀▀█ ▄▀██▄▄▄▄▀█ ▀▄▄    ▀█▀█▀  ▄▀▀ ▀█▀▄█ ▀ █▄▀▄▀▄▀█
█ ██ ▀ ▄▄█▀▄▄▄▄ █▀▀ ▀▀▀ ▄▄▄▄ ▀ █▀▀▄█ ▀▄█▄▀▀ ▄█▄█ ▀██▀ ▀▀▄▀█
█ ██ ▀▀▄▄ ▀██▀▄▄██▀ ▄▄▀▄  ▄▄▀█▀█▄▀▀▄▄▄▀█▀▀▀▀ ▀██▀ ▄█ ▀▀ ▄██
█▄▀ ▀█▀▄███ ▄▀▄██ ▀▄█▀█▀▀▀▄▄▀█▀ █▀█▄▄ ▄█▀█ ▄▀▀▀▀██ ▄█▀▀▀▄██
█▀▄█▀▀█▄ ▄▀▄▀▄ ███▄  █▀▀  ▄ ▀ ▀▀██▀█▄ ▀▄█▀   ███ ▀ █▀▀▄▄▀▄█
█▀▀█  ▄▄▄▀▀   ▀█▀ ▄▀ ▄▄ ▀█ ▄▀ █▀▀ █▄ ▄█  █▄▀  █▀█▄   █ ▀▄██
█ █ ▄ ▄▄█▀▄█▀█▀█▄▀▄ ▄███▀▄  ▀▀ ▀▄▀▀█▄ █▄▀▀ ▀▀█▄█▄▀ ▄▀▀█▄ ▀█
██▄█▄ █▄█ ██▀  ▄▄ ▀ ▄█▀█▀█▀ █▀▄▀███ ▄ ▄▄▀▀ ▄███▀  ▀█▀ █▀▀██
██▀█  █▄█ ▀▀▄██▄▄█▄ █▄█▀▀▀▀█▄▀  ▄ ▄ ▄  ▄▀█ ▀▄▀██▄▀▀▄ ▀█▀▄▄█
█▀▀▄  ▄▄▄ ▀ ██▄▄██▄█ ▀▄█▄   ▄▄▄  ▄ █▀▄▄▄█▀▀ █ █▄█ ▄▄▄ ▀ ▄██
█ ▄▀  █▄█ ▄ █▀█ ▄▄▄▀▄▄▄█▀ ▀ █▄█  █▀▄  ▀▄▀▀▀▀ ▀▄█  █▄█ ▀▀▀▄█
██▄ ▄▄▄▄  ▄ ▄    ▀▄▄▄▀▄▀▄▀▄▄ ▄ ▄▀▀▄ █ ████▄▀█  ▄█▄▄▄▄▄   ██
█▄▄▄█▄▄▄▄ █ ██▀█ ▄▄▄▄▄█▀▀ ▄ ▄▄▀ ▀█▀█   ██▀▀  ▀ ██▀▄▀▄██▄▀ █
█▀█ █▄▄▄ ▀▀▄  ██   ▄█▄▄██ █▄ ▀▀ █   ▀▄▄ █▀█ ▀█▄▄▄█ ▀▀▄▀ ▄██
█▀▄ ▀▄ ▄█▀ ██ ▀█▀█  ▀▀▄▀▄ █▄▀█▄  █▄█▀ ▀█ █  ▄█ ▄▀▄█ ▀▄ ▄█ █
████▄█▄▄█ ▀ ▀▄█ ▀██▄▀ ▄█▄ █ ▀█  ▀▄ █▀█▄▀█▀ █ █▀▄██ █▀▄▄▀▄▄█
█ █▄███▄ █▀▀█ ▄▄█▄  ▄▄██  █▀█▄  ▀█▀█▄▄▀███ ▀▄▀▀█▀█▄▄▄█▀██▀█
█  ██  ▄  ▄ █▄▄▀▀▄▀ ▄▀▀ █▀█▀  ▄ ▀▀▀▀  ▀▄▄▀█▄▄█▄ █▄ █▄▄   ██
███▄▄ █▄▄▄█▄ ▀ ▀██▀ ▀█▀▄  █▄██▀▀▀▀█▄▄▄▄▄▀█  ▄█ ███▄███▀ ▀ █
█ ▀ ▀▀▄▄▀  ██  ▄▀ ▄██▄ ▄██ ▀ ▀▄ ▄▀▄ █▄ ▄▀▀  ▀▀▀ ▀▄ ██▄ ▀▄▀█
███████▄▄▀ █   ▀▄█   ▄▀▀  █ ▄▄▄ ▄▀▄█   ▄██ ▀███▄█ ▄▄▄ ▄ █▀█
█ ▄▄▄▄▄ █▄ ▄█▄▀█ ▀█ ▄▀▄▀▀ ▄ █▄█ █ ▄  ▄▄▄▄▄   ▄ ▀  █▄█ ▀▀▄██
█ █   █ █ █ █ ▀▄▄▀▄▄▄███▀▄▄ ▄▄ ▄ ██▄▄▄▄█▀█▀ ▄█▄█▀▄▄▄  ██▄██
█ █▄▄▄█ █  █▀▀ ▄▄ ▄ ▄█ ▄▀█ ▀▀▀▀█▄█▄ █▄▄▄  ▀▄▀▄█ ▄▄ ▄▀▀ ▀███
█▄▄▄▄▄▄▄█▄█▄█▄▄▄██▄▄██████▄█▄▄█▄▄▄▄▄▄▄█▄███▄▄██▄█▄█▄▄▄█▄▄██


Ou acesse http://localhost:3000/qr para obter o QR em base64

❌ Conexão encerrada (código 408). Reconectar: true
🔄 Tentativa 4/5 em 12s...

📱 Escaneie o QR Code abaixo com o WhatsApp:
▄▄▄▄▄▄▄▄▄▄▄▄▄▄▄▄▄▄▄▄▄▄▄▄▄▄▄▄▄▄▄▄▄▄▄▄▄▄▄▄▄▄▄▄▄▄▄▄▄▄▄▄▄▄▄▄▄▄▄
█ ▄▄▄▄▄ █▀▄█ ▄ ▄▄█ ███▀ ▄▄▄▀▀█▄▄██▀██ ▄▀▀█▄ █▀▄▄ ██ ▄▄▄▄▄ █
█ █   █ █▀██▄▀████▀▀▄███▀ ▀█▄█▀▀ █▀ ▀▀ ▀▄█   ▄ ▄ ██ █   █ █
█ █▄▄▄█ █▀ █▀█▄▄▄█▄▀▄ ▄▄▀ █ ▄▄▄  ▀▀█▀▄ ▀█▀▄▄▀▄▀▀▄██ █▄▄▄█ █
█▄▄▄▄▄▄▄█▄█ ▀ █▄▀▄█▄▀ ▀▄█ █ █▄█ ▀▄█ ▀▄█ ▀ ▀▄█▄█▄▀▄█▄▄▄▄▄▄▄█
█▄  ▄ ▀▄   ▀█  ▀▀▄  ▄▄▀▀  ▄ ▄▄  ▀█▀██  ▄██▀  ▀▄▄▀  █▄█▄▀ ██
█▀▀ █▄ ▄▀█ ██▀▄  █▀ ▀▀▀ ▄▀▀▄▀ ▀███▄█▄ ▀█  ▀▀▀▀ ██ █▀▄▀▀▀▄██
█▀▄▄█▄▄▄▀▀▀█▄█▄▄██▀ ▀█▀▄ ▀█▄██▀█ █▄▄▄ ▀▄▀█ ▀▀▀▀█  ▀▄█▀▀  ▀█
█▄▀█▄ █▄▀▄▄▄▀▄▄██▄▀▄ ▄▄█ ▀ █ ▄█▄ ▀██▀▀▀ ▄▄████▄▄ █▄▀ █▀▀███
█ ██▀█▄▄▄▄▀ ▄▄ █▄█▄ ▀█▄▀▀▀██▀ ▀▀▄▀▀█ ▄ ▄▀█▀ ▄▀▄█ ▀▀█▀▀██▄██
█ ██▄ ▀▄▀ ▀▄█ ▀█▀▄  █▀▄ ▀ ▀▄█ ▄▄██▀ ▄▀█▄  ▀ ▄█▄ ▄▀▀█ ▀▀ ▄▀█
█▀██▀▀ ▄ ▀ ▀  ▀█▄▀▄▄▄█▄▀▀▄▀ ▀█▀▀ ▀▄▄▄ ▀██▀▀▀▄▀▄█▄▀▀█▀▀█▄▀▀█
█▄▄ ██ ▄ █▀  ▄ ▄▄ ▀ ▄█▀▄▀█▀  ▄█ ▄█▄  ▄█  ▀▄█▄▀▄▀▀ ▀  █  ▀██
█▀ ▀  ▄▄▀█  ▄ ▄███  █▄▀█▀ █▀█▀▀▀▄ ▄ ▀▄ ▄▀▀▀ ▄▀▄█ ▀▀████  ▄█
██▀▀▄ ▄▄▄ ▀▀▄  ▄ ▄▄█ ▀▄██▄▄ ▄▄▄   ▄█ ▄▀▀   █▄▄ ▀  ▄▄▄ ▀  ██
██▄ ▀ █▄█ ▄█ ▀▀▀█▄▄▀▀▄▄█ ▀▀ █▄█ ▀██▄  ▀▄█▀▀  ▀█▄█ █▄█ ▄ ▀▀█
███▀█▄▄▄▄▄ █▀▄█▄▀▄▀▄▀▄ ██▄▄  ▄▄  ▄▄ ▄▀██ █ ▀██ █▀▄▄▄▄▄   ▀█
█▄█▄▄▄▀▄▄▀▀▄█▀██▄█▄ ▄▄▄▀▀▀█▀██▀ ▄▀▀█▄  ███  ▄▀█▄█▀████▀▀▀▀█
█▀ █  █▄▄▀ ▀█ █▀▄▄▄█▄▀██ ▀ ▄█ ▀ ██ ▄ ▄▀██▀█▄▄██▀▀▀▄▀▄▄   ██
█ ▄█  ▄▄    ▀███▀█▄▄▀▀▀█▄ █▀▀██▀ █▄▄▀▄▀█▄█  ▄▀▄▄▀▄  ▄█▀▀█▀█
█▀▀▄▄  ▄█▀▄▄ ▀▀█▀█▀▀▀ ▄ ▄ ▄ ▀█▀▄▀█▀▄ ███▀▄█▀█▀▀▄▀▀▄█▀▄ ▀▄▄█
█▀ █▀ █▄ ▄▄▄  ▀ █▄  ▄▄▀█  █▀██▀ ▀█▀█▄ ▀▄▀█▀▀ ▀████▄ ▄▄█▄█▀█
█▀██▀▄▀▄▀  ▄██▀ ▀▀▀   ▀  ██▀▄▄ ▄█▀████ ▄▄▄█▀▀█▄▀▄▄▄▀▀▀█ ▄▀█
█▀ ██ ▀▄ ▀▀ ▀██▀▄▄▀ ▀▄▀▄ ▀█ ██▀▄ █▄█▄▄ ▄▀█  ▄▀▄█▀▄▀▄█▄██▀▀█
█ ▀ ▀▀▄▄▀▀▄▀▀   ▄▄▄█▄█ ▄█  ▄ █  █▄▄▀ ▄█ █▀  ▀▄ ▀▀▀ ██ ▄ ▀▀█
███████▄█▀█▀▀██▄██▄▄▀█▄▀ ▀█ ▄▄▄  █▄█▀ ▄▄▀▀  ▄▀▀█▀ ▄▄▄ ██▄▀█
█ ▄▄▄▄▄ █▄ █▀  ▀ ▀▀▀▄▀▄▀▀▄▄ █▄█ ▀▀▀▄▄▄ ▄▀▀█▄▄█▀ █ █▄█    ██
█ █   █ █ ▄▀▀▀█▀▄▀▀▄▄█▀▀▀▄▀  ▄ ▄▄▀▄█▄▄ ▄▀▀ ▀ █▄█ ▄▄▄▄ █▄█▄█
█ █▄▄▄█ █ █▄▄ ▀▄▄ █▄▄███▀█ ███▀█▄█▄▀▀ ▄▄ ▄▄█▀  █   ██▀█▀███
█▄▄▄▄▄▄▄█▄▄▄████▄█▄▄█▄████▄█▄██▄▄▄▄▄▄▄█▄██▄█▄██████▄▄▄▄█▄██


Ou acesse http://localhost:3000/qr para obter o QR em base64


📱 Escaneie o QR Code abaixo com o WhatsApp:
▄▄▄▄▄▄▄▄▄▄▄▄▄▄▄▄▄▄▄▄▄▄▄▄▄▄▄▄▄▄▄▄▄▄▄▄▄▄▄▄▄▄▄▄▄▄▄▄▄▄▄▄▄▄▄▄▄▄▄
█ ▄▄▄▄▄ █▀▄█ ▄▀█▀█ █ ▀▀▀  ▄▀▀█▄▄██▄▀██▄▀█▄▀▄█▀▄▄ ██ ▄▄▄▄▄ █
█ █   █ █▀██ █████▀▀████▀▀▀█▄█▀▀▄▄▀  ▀ ▀▄▄   █ ▄ ██ █   █ █
█ █▄▄▄█ █▀ █ ▀▄▄▄█▄▀▄ ▄▄▀ █ ▄▄▄ ▄█▀█   ▀ █▄▄▄▄▀▀▄██ █▄▄▄█ █
█▄▄▄▄▄▄▄█▄▀ ▀▄█▄▀▄█▄▀ ▀▄█ █ █▄█ ▀▄█ ▀▄█ ▀ ▀▄█▄█▄▀▄█▄▄▄▄▄▄▄█
█▄  ▄▄▀▄▄▄▀  █ ▀▀▄  ▄▄▀▀  ▄▄▄▄  ▀█▀██  ▄██▀  ▀▄▄▄▀ █▄█▄▀ ██
█▀▀ ██▀▄▄ ▄ ▀▄▄  █▀ ▀▀▀ ▄▀▀██ ▀███▄█▄ ▀█  ▀▀▀▀▄█ ▀▄▀▄█▀▀▄██
█▀▄  ▄▄▄█ ▄ ▄█▄▄██▀ ▀█▀▄ ▀█▄ █▀█ ██▄▄ ▀▄▀█▀ ▀▀██▀▀▀▄▀██  ▀█
██ █▀ █▄▀▄▄▄▀▄▄██▄██ ▄▄▀ ▀ █▀█▀  ▀▄█▀▀▄▀  ▀▀▀▀ ███▄▀▀█  ███
█▄▄▄▄█▄▄▄▄▀ ▄▄ █▀▄▄  ▄▄▀▀▀██▀   ▄▀ █   ▄██▀▀ ▀█▄ ▀▀█▀▀█▄▄▀█
█▀  █ ▀▄▀ ▀▄█ ▀█ █   ▄▄ ▄▀▀▄█ ██▀█▀ ▀▄▄██ ▀▀█▀▄▀▄▀▀█ ▀▀  ██
█ ██▀█▀▄ ▀ ▀▀ ▀█▄▀▄▄▄█▄▀▀▄▀ ▀█▀▀▄█▄▄  ▀█ ▀▀▀▄█▄█▄▀▄▄▀▀█▄ ▀█
█▄▄ █ ▄▄▄▀▄▀▄ █ ▄ ▀ ▄█▀▄▀█▀  ▄█ ▄█▄ ▀▄█  ▀▄█▄ ▄▀▀ ▀▄▄▀  ▀██
█▀ ▀ ▄▀▄████▄█████  █▄▀█▀ █▀█▀▀▀▄ ▄ ▀▄ ▄▀▀▀ ▄▀▄█▄▀ ▄ ▀█  ▄█
██▀▀▄ ▄▄▄ ▀▀▀▄▀▄ ▄▄█ ▀▄██▄▀ ▄▄▄   ▄█ ▄█▀  ▄▀▄▄▄█  ▄▄▄ ▀  ██
██▄▄▀ █▄█  ▄ ▀ ██▄▄▀▀▄▄█ ▀▀ █▄█ ▀██▄  ███▀▀▀ ▀ ██ █▄█  ▄▀▀█
█▀▀█ ▄▄▄▄  █▀▄█▄▀▄█▀▀▄ ██▄▄▄ ▄▄  ▄█▀▄▀▄  █▄▀▀█▀ ▀▄▄▄▄▄   ▀█
█▄▄ ▀▄▀▄▄▀▀▄█▀████  ▄▄▀▀▀ █▀▄█▀ ▄▀▀█  ██▀▀   ███▀███▀▄▀ █▀█
█ █▄▄ █▄ ▀ ▀█ █▀█ ▄█▄███▀▀ ▄██▀ ▀▀ ▄█▄ ▄▄▀█▄▄█▄▀▀▀▄▀     ▀█
█ ██  ▄▄    ▀ ██▀█▄▄▀▀▀█▄ █▀▀██▀ █▄▄  ▀█▄█  ▄█▄▄▀▄  ▄█▀▀█▀█
█▀▀▄▄  ▄█▀ █▀█  ▀█▀▀▀ ▄ ▄ ▄ ▀█ ▄ ▄▀▄▀███ ██▀▄▀▀▄▀▀▄█▀▄ ▀▄▄█
█▀ █▀▀█▄ ▄▄█ ▄  █▄  ▄▄▀█  █▀██▀ ▀█▀█▄ ▀▄▀█▀▀ ▀████▀ ▄▄█ █▀█
█▀██▀██▄▀ ▄▄█ ▄▄▀▀▀   ▀  █▀▀▄▄ ▄█▀▀▀██ ▄▄▄▀▀▀█ ▀▄█ ▀▀▀ ▀▄▀█
█▀ ▀███▄███▄▀█▀ ▄▄▀ ▀▄▀▄ ▀▄ ██▀▄ █▄▄▄▄ ▄▀█▀▀▄▀███▀ ▄▄▄█▄▀▀█
█ ▀ ▀▀▄▄▄▄▄▀▀   ▄▄█ ▄██▄█ ▀▄ █  █▄▄   █ ▀▀▀▄▀ ▄ ██▄▀█ ▄▀▀▀█
███████▄▄ █▀▀██▄▄▄  ▄▄██▀▀█ ▄▄▄  █▄█  ▀█▀█▀ ▄▀██▀ ▄▄▄ ██▄██
█ ▄▄▄▄▄ █▄ █▀  ▀▄▄▀▀▀█▄▀█▀▄ █▄█ ██▀▄ ▄▀█▀▄███ ▀ ▀ █▄█    ▀█
█ █   █ █ ▄▀█ █▀▄▀▀▄▄█▀▀▀▄▀ ▄▄ ▄▄▀▄█▀  ▄▀▀ ▀▄█▄█▀▄▄▄▄ █▄▄██
█ █▄▄▄█ █ █  ▄██▄ █▄▄███▀█ ███▀█▄█▄▀ ▀▄▄ █▄█ ▀ █   █▀▀█▀███
█▄▄▄▄▄▄▄█▄▄▄██▄▄▄█▄▄█▄████▄█▄██▄▄▄▄▄▄▄█▄██▄█▄██████▄▄█▄█▄██


Ou acesse http://localhost:3000/qr para obter o QR em base64


📱 Escaneie o QR Code abaixo com o WhatsApp:
▄▄▄▄▄▄▄▄▄▄▄▄▄▄▄▄▄▄▄▄▄▄▄▄▄▄▄▄▄▄▄▄▄▄▄▄▄▄▄▄▄▄▄▄▄▄▄▄▄▄▄▄▄▄▄▄▄▄▄
█ ▄▄▄▄▄ █▀▄█ ▄ ▄▀█▀▄▄▀▀▀▄▄▄▀▀█▄▄██▄▀█▀ ▀▀▄▄ █▀▄▄ ██ ▄▄▄▄▄ █
█ █   █ █▀██▄▀██▄▄▀▀████▀ ▀█▄█▀▀█▄▀ ▀▀ ▀▄▄  ▀▄ ▄ ██ █   █ █
█ █▄▄▄█ █▀ ▀▄▀▄▄▄█▄▀▄ ▄▄▀ █ ▄▄▄ ▄ ▀█ █ ▀▄█▄▄▄▀▀▀▄██ █▄▄▄█ █
█▄▄▄▄▄▄▄█▄▀▄█▄█▄▀▄█▄▀ ▀▄█ █ █▄█ ▀▄█ ▀▄█ ▀ ▀▄█▄█▄▀▄█▄▄▄▄▄▄▄█
█▄  ▄▄█▄▄ █▀▀▀ ▀▀▄  ▄▄▀▀  ▄ ▄▄  ▀█▀██  ▄██▀  ▀▄▄▀  █▄▀▄▀ ██
█▀▀ ██▀▄  ▀ ▄ ▄  █▀ ▀▀▀ ▄▀ ██▄▀███ ▀▄ ██  ██▀▀▄█▄▄▄ █▄▀▀▄██
█▀▄▀█▄▄▄██▄ ▄█▄▄██▀ ▀█▀▄ ▀██▀▀▀█ █ █▄ ▀▄▀██ ▀▀▄▄▄▀▀▄▀█▀  ▀█
██ ▀  █▄▀█▄▄▀▄▄██▄▀▀ ▄▄█ ▀ █▀▄▀▄ ▀█▄██ ▄  ▄▀▀▀▄█▄▀▄▀▀█▄ ███
██ █ █▄▄▄▄▀ ▄▄ █▄▄▄▄▀███  ██▀  ▀▄▀ █▄ ▀██▀█▀▄███ ▀▀█▀▀▄█▄██
██▄ ▀ █▄▀ ▀▄█ ▀█▀   ▄▀▄   ▀▄█ ▄▄██▀ █ ▄▄█▀ ▀▄ █▀▄▀▀█ ▀▀  ██
█▄▄█▀▄▄▄ ▀ ▀█ ▀█▄▀▄▄▄█▄▀▀▄▀ ▀█▀▀▄█▄▄ ▄▀█▀█▀▀ ▀▄█▄▀█▄▀▀█▄ ▀█
█▄▄ █▀█▄▄█▄ ▄▄  ▄ ▀ ▄█▀▄▀█▀  ▄█ ██▄  ██   ▄██▀▄▀▀ ▄▄ ▀  ▀██
█▀ ▀  █▄▄▄██▄▄█▄██  █▄▀█▀ ▀▀█▀▀▀▄ ▄ ▀▄ ▄▀▀▀ ▄▀▄█  ▀▄▄██  ▄█
██▀▀▄ ▄▄▄  ▀ ▄▀▀ ▄▄█ ▀▄██▄█ ▄▄▄    ▀ ▄▀█   ▀▄▄▄▀  ▄▄▄ █  ██
██▄▄  █▄█ ▄▀ ▀ ▄█▄▄▀▀▄▄█ ▀█ █▄█ ▀█▄█  ▀▄█▀   ▀██▀ █▄█ ▄█▀▀█
█ ▀▄ ▄▄▄▄▄ █▀▄█▄▀▄  ▀▄▀██▄▄  ▄▄  ▄▄▀ █▀▄▄██▀█▀  ▄▄  ▄    ▀█
█▄  ▀▄▀▄█▄▀▄█▀██▄█▀▄▀▄▄▀▀▀█▀▄█▀ ▄▀▀█▄▄▄██▀█▀ █▄▄████▄▄  ▀▀█
█ ▀▀▀ █▄█▀ ▀█ █▀▀▄▄█▄▀██▄  ▄▀█▀ ▀▀ ▄█▀ ▄▄ ▄█  █  ▀▄▀ ▀  ▄▀█
█▀▄█  ▄▄     ▄██▀█▄▄▀▀▀█▄ █▀▀███▀█▄▄  ▀█▄▀  ██▄▄▀▄  ▄█▀▀█▀█
█▀▀▄▄  ▄█▀██▄█ ▀▀█▀▀▀ ▄ ▄ ▄ ▀█▄ ▀█▀▄▀███▀██▀▄▀▀▄▀▀▄█▀▄ ▀▄▄█
█▀ █▀ ▀▄ ▄▄▄▀█▄██▄  ▄▄▀█  █▀██▀ ▀█▀█▄ ▀▄▀█▀▀ ▀████ █▄▄█ █▀█
█▀██▀▄▄▄▀ █▀█▀▀█▀▀▀   ▀  █▀▀▄▄ ▄█▀▀▀██ ▄▄▄▀█▀█▄▀  ▄▀▀▀ ▀▄▀█
█▀ ▀▄ █▄ █▄█▀█  ▄▄▀ ▀▄▀▄ ▀████▀▄ ███▄▄▀█▀█▀ ▄▀███ ██▄█▄▄▀▀█
█ ▀ ▀▀▄▄▄ ▄▀▀   ▄▄▀▀▄█▄▀█ ▀▄ █  █▄█ ▄ ██▀▀█▀█▄▀▄▄▄▀▀▀██ ▀▀█
███████▄▄▀█▀▀██▄▄█▀▄ █▀▀▄▀█ ▄▄▄  █▄█ ▄▀▄██▀▀ ▀ ██ ▄▄▄ ▄█ ▀█
█ ▄▄▄▄▄ █▄ █▀  ▀▀▀▀▀▄▀▄▀█▀▄ █▄█ ██▀▄█▄ ▄ █▄▄    ▄ █▄█   ▀██
█ █   █ █ ▄▀ ▀█▀▄▀▀▄▄█▀▀▀▄▀ ▄▄ ▄ █▄█▄▄ ▄██ ▀ █▄█ ▄▄▄▄ █▄███
█ █▄▄▄█ █ ▄▀▄  ▄▄ █▄▄███▀█ ███▀██▄▄▀▀ ▄▄ ▄▄█▀  █   █▄██▀███
█▄▄▄▄▄▄▄█▄▄▄██▄▄▄█▄▄█▄████▄█▄▄█▄▄▄▄▄▄▄█▄██▄█▄██████▄▄█▄█▄██


Ou acesse http://localhost:3000/qr para obter o QR em base64


📱 Escaneie o QR Code abaixo com o WhatsApp:
▄▄▄▄▄▄▄▄▄▄▄▄▄▄▄▄▄▄▄▄▄▄▄▄▄▄▄▄▄▄▄▄▄▄▄▄▄▄▄▄▄▄▄▄▄▄▄▄▄▄▄▄▄▄▄▄▄▄▄
█ ▄▄▄▄▄ █▀▄█ ▄ ▄█▀ █ █  ▄ ▄▀▀█▄▄██▀█▄█▀▀▀▀ ▄▄▄▄▄ ██ ▄▄▄▄▄ █
█ █   █ █▀██ ▀███▄▀▀████▀▀▀█▄█▀▀ ▄▀ ▀  ▀▄█   ▄ ▄ ██ █   █ █
█ █▄▄▄█ █▀▄▀ ▀▄▄▄█▄▀▄ ▄▄▀ █ ▄▄▄ ▀█▀█▀▀ ▀█▄▄▄▀▀▀▀▄██ █▄▄▄█ █
█▄▄▄▄▄▄▄█▄▀▄█ █▄▀▄█▄▀ ▀▄█ █ █▄█ ▀▄█ ▀▄█ ▀ ▀▄█▄█▄▀▄█▄▄▄▄▄▄▄█
█▄  ▄ ▀▄▄ █▄ █ ▀▀▄  ▄▄▀▀   ▄▄▄  ▀█▀██  ▄██▀  ▀▄▄ ▀ █ █▄▀ ██
█▀▀ ██▀▄ █ ▄ ▄▄  █▀ ▀▀▀ ▄▀ ▄█ ▀███ █▄ ██  █▀▀▀▄█ ▀█▀▄ ▀▀▄██
█▀▄▄▄▄▄▄▀▄▀▀▄█▄▄██▀ ▀█▀▄ ▀▄▄▄█▀█ █▀▄▄  ▄▀█▀▀▀▀▄▄▀ ▀▄█▀▀  ▀█
█▄▀ █ █▄ █▄▄▀▄▄██▄▄  ▄██ ▀ █ ▄█▄ ▀▀▄███▄ ▄▀▀▀▀▀▄ █▄▀ █▀ ███
███  █▄▄▄▄▀ ▄▄ █▄█ ▄▄▄▀█▀▀██▀ █▀▄▀▀█ ▄ ███▀ ██▄▄ ▀▀█▀▀▄▄ ▀█
█▄█ ▄ █▄▀ ▀▄█ ▀██▀   ▀▄ ▄▄▀▄█ ▄██▀▀ █▄█▄ ▄▀▀▄█▄▀▄▀█▀ ▀▀ █▀█
█▀▄█▀ █▄ ▀ ▀▀▀▀█▄▀▄▄▄█▄▀▀▄▀ ▀█▀▀▄▀▄▄  ▀█▀█▀▀ █▄█▄▀▄█▀▀█▄▀▀█
█▄▄ ██▀▄▄▀▄   █▀▄ ▀ ▄█▀▄▀█▀  ▄█ ██▄  ▄█  ▀▄█▄▀▄▀▀ ▄▄▄▀  ▀██
█▀ ▀  ▄▄██▄█  ████  █▄▀█▀ ▀██▀▀▀▄ ▄ ▀▄ ▄▀▀▀ ▄▀▄█  █▄▀▀█  ▄█
██▀▀▄ ▄▄▄ ▀▀ ▄█▄ ▄▄█ ▀▄██▄▀ ▄▄▄    ▀ ▄▀▀  ▄▀▄▄ █  ▄▄▄ ▀  ██
██▄ █ █▄█ ▀  ▀ ▄█▄▄▀▀▄▄█ ▀▀ █▄█ ▀█▄█   ██▀█▀ ▀▄▄▄ █▄█ █▀▀▀█
█▀█▀▀  ▄ ▄ █▀▄█▄▀▄▄ ▀▄ ▄█▄▄  ▄▄  ▄▄ ▄▀▄ ▄█▄▀▀▀ ▀▀   ▄▄█  ▀█
█▄ █▀▄▀▄▄▀▀▄█▀██▄▄▄ ▀▄▀▀▀▀█▀█▄▀ ▄▀▀█  ▄▄██ ▀▀▀███▀██▄▄▀▀▀██
█▀█▄  █▄▀▄ ▀█ █▀▀ ▄█▀▄██▄█ ▄▄▄▀ ▀█ ▄█▄ ▄▄▀▄█ ▀█ ▀▀▄▀█▄  ▄██
█  █  ▄▄    ▄▄██▀█▄▄▀▀▀█▄ █▀▀█  ▄▀▄▄ ▄▀█ ▀  ▀█▄▄▀▄  ▄█▀▀█ █
█▀▀▄▄  ▄█▀█▀ ▀  ▀█▀▀▀ ▄ ▄ ▄ ▀█▄▄ █▀▄▀▄██ ██▀▄▀▀▄▀▀▄█▀▄ ▀▄▄█
█▀ █▀▀▄▄ ▄▀ ▀ ▄▄█▄  ▄▄▀█  █▀██▀ ▀█▀█▄ ▀▄▀█▀▀ ▀████▀▀▄▄▀ █▀█
█▀██▀█▄▄▀ ██ █▄█▀▀▀   ▀  ██▀▄▄ ▄█▀▀▀██▄▄▄▄▀▀▀█ █▄▄▄█▀▀▀ ▄▀█
█▀ ▀▄▀ ▄█  ▄▀█▀▄▄▄▀ ▀▄▀▄ ▀▄▄██▀▄ ██▄▄▄ █▀█▀ ▄▀▄▄▀▀██▄▄ █▀▀█
█ ▀ ▀▀▄▄▀ ▄▀▀   ▄▄  ▄█▄▄█ ▀▄ █  █▄█   █▀███▄█▄ █▀█▀▀▄▄▄▀▀▀█
███████▄▄▀█▀▀██▄▄▄▄  █▀▀▀▀█ ▄▄▄  █▄█   █▀█   ██▄▀ ▄▄▄ ▄█ ██
█ ▄▄▄▄▄ █▄ █▀  ▀▄ ▀▀▄▄▄▀▄▀▄ █▄█ █▀▀▄█  ▄▀▀▄▄▄▀▀▀  █▄█   ▄▀█
█ █   █ █ ▄▀▀▄█▀▄▀▀▄▄█▀▀▀▄▀ ▄  ▄ ▀▄█ ▄ ▄▀▀ ▀ █▄█ ▄▄▄  █▄█▄█
█ █▄▄▄█ █ ▄▄ ▀▀ ▄ █▄▄███▀█ █▀▀▀█▄█▄▀ ▀▄▄ ▄▄█▀  █   ██▀█▀███
█▄▄▄▄▄▄▄█▄▄██▄█▄▄█▄▄█▄████▄██▄█▄▄▄▄▄▄▄█▄██▄█▄██████▄██▄█▄██


Ou acesse http://localhost:3000/qr para obter o QR em base64


📱 Escaneie o QR Code abaixo com o WhatsApp:
▄▄▄▄▄▄▄▄▄▄▄▄▄▄▄▄▄▄▄▄▄▄▄▄▄▄▄▄▄▄▄▄▄▄▄▄▄▄▄▄▄▄▄▄▄▄▄▄▄▄▄▄▄▄▄▄▄▄▄
█ ▄▄▄▄▄ █▀▄█ ▄ █▀▀▀█▄▀▀ ▀ ▄▀▀█▄▄███▀  ▄▀▄▄▄ ▄▀▄▄ ██ ▄▄▄▄▄ █
█ █   █ █▀██▄███▄█▀▀█▄██  ▀█▄█▀▀▀▄▀ ▀▀ ▀▄▄  ▀▄ ▄ ██ █   █ █
█ █▄▄▄█ █▀ ▀█▄▄▄▄█▄▀▄ ▄▄▀ █ ▄▄▄ █▄▀█   ▀▄▄▄▄▄▄▀▀▄██ █▄▄▄█ █
█▄▄▄▄▄▄▄█▄▀ ▀ █▄▀▄█▄▀ ▀▄█ █ █▄█ ▀▄█ ▀▄█ ▀ ▀▄█▄█▄▀▄█▄▄▄▄▄▄▄█
█▄  ▄▄█▄ ▄ ▄ ▄ ▀▀▄  ▄▄▀▀    ▄▄  ▀█▀██  ▄██▀  ▀▄▄ ▀ █▄▀▄▀ ██
█▀▀ █▄▀▄██▀  ▄▄  █▀ ▀▀▀ ▄▀█▄▀▄▀███ █▄ ▀▀  █▀▀▀▄▀█▀█ ▀ ▀▀▄██
█▀▄ ▄▄▄▄▄▀██▄█▄▄██▀ ▀█▀▄ ▀▄▄▀▀▀█ █▄▄▄ ▄█▀█▄ ▀▀██▀ ▀▄▄█▀  ▀█
██▀█▀ █▄ ▄▄▄▀▄▄██▄ ▄ ▄▄▄ ▀ █▀█▀  ▀████    █▀▀▀▀▄▀▀▄▀▀▄ ▀███
█▄ ▀██▄▄▄▄▀ ▄▄ █▄█▄▄▀█▄▀▄▀██▀  ▀▄▀▀▄  ▀██▀  ▀██▄ ▀▀█▀▀██ ▀█
█▀ ▄▄▄█▄▀ ▀▄█ ▀█▀▀   █▄ █▀▀▄█ ▄▄▀▀▀ ▀████▀▀▀▀▀▄▀▄▀▀▀ ▀▀ █▀█
█ ▄█▀ █▄ ▀ ▀▀█▀█▄▀▄▄▄█▄▀▀▄▀ ▀█▀▀▄█▄▄▀▄▀███▀▀▄█▄█▄▀ ▄▀▀█▄ ▀█
█▄▄ █▄█▄ █  ▀█▀ ▄ ▀ ▄█▀▄▀█▀  ▄█ ▄█▄ ▀▄█ ▀ ▄██ ▄▀▀ █  ▀  ▀██
█▀ ▀ ▄▄▄  ▄▄█▀█▄██  █▄▀█▀ ▀██▀▀▀▄ ▄ ▀▄ ▄▀▀▀ ▄▀▄█▀ ▀█ ▀█  ▄█
██▀▀▄ ▄▄▄ █▄ ▀ ▄ ▄▄█ ▀▄██▄█ ▄▄▄   ▄█ ▄██  ▄█▄▄ █▀ ▄▄▄ █  ██
██▄ ▄ █▄█ ▄▄ ▀▀▀█▄▄▀▀▄▄█ ▀▀ █▄█ ▀█▄▄  ▀██▀ ▀ ▀▄▄  █▄█  █▀▀█
█▀▄▀▄▄ ▄ ▄ █▀▄█▄▀▄ ▄▀▄███▄▄▄ ▄▄  ▄▄▀ ██ ▄▀ ▀██ ▀▀▄  ▄▄▀  ▀█
█ ▄██▄▀▄▀█▀▄█▀██▄█ ▄ █▄▀▀ █▀██▀ ▄▀▀█▀▄▀▄█▀   █▄▄████▄█▀ ▀▀█
█  ▄▄ █▄█▄ ▀█ █▀ █▄█████ ▄ ▄▀▄▀ ▀▀ ▄▀▄ █ ▀███ ▄  ▀▄▀ ▄  ███
█▀██  ▄▄    ▄███▀█▄▄▀▀▀█▄ █▀▀█▀▄█▀▄▄▀ ▀███   ▀▄▄▀▄  ▄█▀▀▄▀█
█▀▀▄▄  ▄█▀█ ▀  ▄▀█▀▀▀ ▄ ▄ ▄ ▀█▀▄ █▀▄▀▄██ ▄█▀█▀▀▄▀▀▄█▀▄ ▀▄▄█
█▀ █▀██▄ ▄▀▄▀   █▄  ▄▄▀█  █▀██▀ ▀█▀█▄ ▀▄▀█▀▀ ▀████▄ ▄▄▀ █▀█
█▀██▀▀▀▄▀  ▀  ▀ ▀▀▀   ▀  █▀▀▄▄ ▄█▀████▄ ▄▄▀▀▀█▄█ ▄▀▀▀▀  ▄▀█
█▀  ▄██▄▀▄▄▄▀█▀█▄▄▀ ▀▄▀▄ ▀█▄██▀▄ █▄▄▄▄ █▀█  ▄▀▄████ ▄███▀▀█
█ ▀ ▀▀▄▄▄▀▄▀▀   ▄▄▄▄▄█ ██  ▀ █  █▄█ ▄ █ █▀▄ █ █▄▀▄ ▀█▄ ▀▀▀█
███████▄▄▀█▀▀██▄▀▄▄▄▄▄▀▀▀▀█ ▄▄▄  █▄█  ▀▄ ▀   █▄▄▀ ▄▄▄ ▄█ ▀█
█ ▄▄▄▄▄ █▄ █▀  ▀ ▀▀▀█▄▄▀▄ ▄ █▄█ ▀▀▀▄▄▀▀██▄██▄▄  ▀ █▄█   ▄▀█
█ █   █ █ ▄▀█▄█▀▄▀▀▄▄█▀▀▀▄▀ ▄▄ ▄██▄█▄  ▄▀█ ▀▄▀▄█▀▄▄▄▄ █▄█▄█
█ █▄▄▄█ █   ▀███▄ █▄▄███▀█ █▀█▀███▄▀▀▀▄▄▀█▄█▀▀ █   ████▀███
█▄▄▄▄▄▄▄█▄█▄▄█▄█▄█▄▄█▄████▄█▄▄█▄▄▄▄▄▄▄█▄██▄█▄██████▄██▄█▄██


Ou acesse http://localhost:3000/qr para obter o QR em base64


📱 Escaneie o QR Code abaixo com o WhatsApp:
▄▄▄▄▄▄▄▄▄▄▄▄▄▄▄▄▄▄▄▄▄▄▄▄▄▄▄▄▄▄▄▄▄▄▄▄▄▄▄▄▄▄▄▄▄▄▄▄▄▄▄▄▄▄▄▄▄▄▄
█ ▄▄▄▄▄ █ ▀█ ▄█▀ █ ▄▀▄█▀  ▀▄▄█▄▄  ▄█▄▀▀ █ ▄ ▀▄▀▄ ██ ▄▄▄▄▄ █
█ █   █ █ █ █▄███ ▄▄▄██ ▄█▀█▄ ▄▄ █▀███ ▀█▀██▀▄ ▄ ██ █   █ █
█ █▄▄▄█ █▀███▀▀▀▀█▄▀▀█▀▄▀   ▄▄▄ ██▄██ █▄▄▀▄▄█▀▄▀▄██ █▄▄▄█ █
█▄▄▄▄▄▄▄█▄▀▄▀ █▄▀ ▀ ▀ ▀ ▀▄█ █▄█ ▀▄█▄█ █ ▀▄█ █▄█ █ █▄▄▄▄▄▄▄█
█▄▄█▀▄ ▄█▀ ▄ ██▄▄▄  ▀▀▄▀  ▀  ▄  ▄ ▄██ █▀ █▀ █▄▀▄▀ █▀ █▄ ▄ █
█▄▀ █ █▄▀ ▄▄▀█▄   ▄█▀▀▀█▀▄ ▄██▄ ██▄ ▀█▀█ █  ▀▀▄ ▀▄█   ▄▄▄██
█▀▀▀▄▄▄▄▀█▀▀▄█▀▀ █▀ ▄ ▄▄ ▀   ▀▀██ ▀█▄ ▄ ▄█▀ ▄▄▀▄▀ ▄▀▄█▀ █▄█
█▀█▄██ ▄ ▄▄▀▄▀▄██▀ ▀ ▄▀▀█▄ █ ▀ ▀ ▀▀ ▄▄ ▄ ███▀▀▄█ ▀▄▀▀▀ ▄███
█▄█▀▀█▄▄▀▀▄ ▄▄█ ▀█  ▀▀ ▀    ▄ ▀ ▀▄▄█▄ █▀▄▀▄▀█ ▄█ ▀▄ ▄▀▄█▀ █
█▀▀▀▀▀▄▄▀ ▀▀ █▀█▀▄██ ▀▄█  ▀▄██  █▀▀████████▄▄███▀▄▀▀ ▄▄█ ██
█▀  ▄▀ ▄█▄█▀▄ ▄ ▀▀▄▄▀ ▀▀▀▄▄█▄█▀▀█ ▀▄▄ ▄ ▀█▀▀▀▄▀█▄▀▄▀▄▀█▄▄██
█▀▄ █▀▀▄▄██▄ ▄▄ ▄█▄█▄█▀▀▄ ▀  ▀ █▄█▄██ █ ▀█▀ ▄▀▄▄▄█▀   ██▀██
█▀█▄██▀▄ ▄█▄  ▄█ █   ▀▄█▀ ▄▄ ▀▀▀▀█▀ ▀▄█▀▄▀▀ ▀▄▀█▄▀▄  ██ █▀█
█ ▀▀▄ ▄▄▄ ▀▄ ▄▀█ ▀▀  ▀▄  ▀▀ ▄▄▄     █▀██ █▀▄▄▄▄ ▄ ▄▄▄ ▄█ ██
██▀ ▀ █▄█  ▀ ▀█  ▄▄▀▄▀▀█ ▀▄ █▄█ ▄  ▄  █▀ ▀▀ █▄▄█▄ █▄█ █▄▄▄█
█▄█▄▄▄ ▄    ▄▀█▄▀▀▄▀▀▄ ▄ ▀█    ▄ ▄▄█▀ ▀▀ ▄█▄▀▀█▀█ ▄▄▄▄██ ▀█
█▀█▀█▄▀▄▄▄▄▄█▀   █▄▄▄  ▀▀▀ ▄█▄▀ ▀▄▄█ ▄█▀ ▀▀ ▀▄ ███  ▀█▀   █
█ ██▄█ ▄█  ▄ ██▀▄█▀ ▄██ ▀█ ▄ ▀▄█▀▀ ▀ ▀▀▄ ▀ ▀▀▀▄█▄▄▄▀█ ██ ▀█
█ █ █ ▄▄███ ▄   ▄█▄▄▄▄▄█▄  ▄▄█▀▄▀▄▀▄▄▄▄ ▄▀  ▀ ▀▄▀▄██▀█▀▀▀▄█
█▄▀▄▄██▄█▀██▀▀▄ ▀ ▄▄▀ ▄█▀█▄ ▀ ▄▀▀▄▀▀█▀██   ▄█▀▀▀▄▄▄█▀▀█▄▄▄█
█▀█ ▄  ▄█▀█▄█▀▄█ ▄  ▀▀▄█   ▄ █▀ ▄ ▄█▄ ▄▀▄█▀▀█▄ ███▀▀▀▄█▄ ▄█
█▄██▀▀▀▄▀ █ ▄▀▀█▀▄▄█  ▀██ █▀▄▀█▀█▀▀▄  ▄▄▄▀ ▄▀█▄ ▀▀ ▀▀▄██▄▀█
█▀█▀ ▀▄▄▄▄▄▀▀██ ▀▄▀ ▄▀▄▄ ▀▀█ █▀▄█  ▄▄▄█▀▄█▄ ▀▄ ██  █▀▄ ▄▄▄█
█ ▀ ▀▀▄▄▀▄▄▄▄█  ▄▀█▀▄█   █▀   ███▄█▄█▀ █▀▄▀▄▀▄▄▀   █▀▄▄█▀▀█
███████▄█  ▀▀█ ▀▀█ ▄█▀▄█    ▄▄▄ █ ▀██ ▀ ▄▀ ▀▀ ▀▄█ ▄▄▄ ▄▄▀ █
█ ▄▄▄▄▄ █▀  ▄█ ▀█ ▄▄▀▀▄▄▀▄▄ █▄█ ██▀▀▀█ ▄▀█     █▀ █▄█ ██ ▀█
█ █   █ █▄▀▀█▄ ▄▀▀▀▄▀ ▄▀▀▄▄▄▄▄ ▄█ ▀█ ▄█▀▄█ ▀▄▄▀█ ▄   ▄█▄  █
█ █▄▄▄█ █▀▀█▀  █▄█ ▀▄██ ▄  █▀ ▄ ██▄▄██▄▄▀ ▀ ▀▀  ██ █▀▄ ▄███
█▄▄▄▄▄▄▄█▄█▄██████▄▄▄█▄████▄███▄███▄▄▄▄█▄█▄██▄▄███▄██▄▄██▄█


Ou acesse http://localhost:3000/qr para obter o QR em base64

❌ Conexão encerrada (código 408). Reconectar: true
🔄 Tentativa 5/5 em 15s...

📱 Escaneie o QR Code abaixo com o WhatsApp:
▄▄▄▄▄▄▄▄▄▄▄▄▄▄▄▄▄▄▄▄▄▄▄▄▄▄▄▄▄▄▄▄▄▄▄▄▄▄▄▄▄▄▄▄▄▄▄▄▄▄▄▄▄▄▄▄▄▄▄
█ ▄▄▄▄▄ █▄▀  ▀██▀█ ███▀▄  ▄█▄   █▀██▄▄ █▀█▄  █ ▄ ██ ▄▄▄▄▄ █
█ █   █ █ ████ ▄█▄▀ ▄█▀▄▀▀ ███▀▄ █▄▄▀▀ █▄▄ ▀▀▄▀▄ ██ █   █ █
█ █▄▄▄█ █▄█▀ ▀█▄▀▀▀▀ ▀ ▄ █▀ ▄▄▄ ▄▀ ▀▄▀▄ ▄▄▀█▄▀▄▀▄██ █▄▄▄█ █
█▄▄▄▄▄▄▄█▄█▄▀ █ █▄█▄▀▄▀ ▀▄█ █▄█ ▀ ▀ █ █ ▀▄█▄▀▄▀▄█ █▄▄▄▄▄▄▄█
█▄▄ ▄█▀▄▀▄▄▀██▀█▄█ ▀ ▄▄▄▀ █      █ ▄█▀▀▄   ▀▀█▀▄▀▀ ██▄▄ █ █
█▄ ▀▀▄ ▄█ ▀▀▄▀ ▀▀▀ ██ ▄▄█▄▀▄ ▀  ▀ ██▄ ▀▄▄▀ ▄▄▀  ██  ▄▀ ▄▄ █
█▄█ ▄██▄█▀  ▀█▄  ▄█▄ ▀█▄▄▄▀ ▀▀█▀▀█▀█▄▄█▀██ ▄▄▀▄▄██▀▀██▀▄▄▀█
█ ██   ▄▄▀ ▀▀▄▄ ▀▄▀████  ▀ ▄▀███  ▀ ▄▀▀▄▀ ▄ ██▄█  █▀▀▄  █▀█
█▄ ████▄ █▄ █▄   ▀ ▀██ ▀▀██▀▄▄ ▄▄▄▄▀▀▀█▄▄▀▀▄▄▄ ▀▀▄▄█▄▀▀▀▀ █
█▄ ██▄▄▄█▄ ▄  ▀▀█▄█ ▄█ ▄█  ▀█▄▄██ █ █ █ ▄▄▀██▄▀ ▄█▀█▄ ▄█ ▀█
█▄█  ▀ ▄▀▀██ █ ██ ▀███▄ ▀█▀  ▄▀▀▀▀▄▄ ▀ ▄▄▄█▀ ██▄▄ ▀▄   █▀ █
█▄▄▄▄██▄█ ▄▄▄█▀▀▀▄ ▀ ▄█   █▀█▄▀▀ ▄▀█  ▀▄ ██▄▀ █ ▀  ▀▀█▀██▄█
█▀▄███ ▄ ▀▄▀▄▄▄ █▄█ █ █▀ █▀███▄█▄▄  █▄▀ ▀▀▄█ █▀▄▄█▄▀▄█▀█▄▄█
██▀█▄ ▄▄▄ █▀▄▄▀▄ █▄▄▀▀█▄▄█▀ ▄▄▄ █ ▀▄▄█▄█▄█▄▄▀▄▀ ▄ ▄▄▄ ▀▀█▀█
█ ▄▀▀ █▄█ ▀▀ ▄██▄ █▄██▀▀ ██ █▄█  ▄ ▀▀██▄ ▀ █▄▄ ▀█ █▄█ ██▀▄█
█ ▀▀▄  ▄▄▄▀█▀ ▀▄█▀ ▄ ▀██▀▀▄  ▄▄▄ ▄▀▀█ █  ▀▄█  █ ▄▄▄▄▄▄▄█▄██
█▀▄▄██▀▄▄   ██▀  █▄█ █▄▄▀▀█ █▄▀▀▀▀ ▄▄▀▀▄█▄▀▀██▀▄████ █ ▀▄ █
██▀  █▄▄█  █ ██▄▀ ▄██▄▀█ ▄▄▀▄▄ ██ ▀ ▀▀▄ ▀█▀█▄  ▄ ▀█ ▀  █▄ █
█ █ █▀▄▄█ ▀█▀▀█▄██  ▀█▀▀ ▄████▀██▀ ▄▀ ▄▀▀▀██▀▀▀███ █▀█  █▄█
█▀██▄▄▀▄▄▄▄▄█ █  ▄▀█   ▄▄▀█▀ ▄▄▀ ▄▀█▀██ ▀▀█ ▄▀ ▀ █▀██▀▀ █▄█
█▄█ ▄▀ ▄▀█ █▄▄█▀ ▀█▀ █▀█▀▄▀   █▀█▄▄▀ █▀█▀▀▀█▀▄ ▀▄▄▀▄▀▀▄██ █
█▄▀▀ ▀▄▄▄  ▄▄ ▀▀█▀█▄  █ ▄█▀█   ▄█▀██▄  ▄▄▀█▄██▄█▀▀▄█▄▄▄█▄██
█▄█▄▄▀▀▄▀█▀   ▀▀█▄▀▀ █ █ ▀▄▀ █▄███▄█▀█▀▄ ▄ ▀█▀█▄█▀   █  ▀▀█
█ ▀ ▀▀▄▄██▄█▄▀█▀   █▄▀▄▀ ▄██▄███▄▀ ▄▀██▄▄██▄█ █  ▄▄ ██ █▄▄█
███████▄█ █▄▄ ▀ ▀██ ▀ █▀ ██ ▄▄▄ ▀▀ █ ▄ ▀▀█▄▄ █ █▀ ▄▄▄ █████
█ ▄▄▄▄▄ ██▄▄█ █ █▄▄█  ▀▄▄▀▄ █▄█  ██▀   ▄▀▄ █▀▀█▄▀ █▄█  ▀█▀█
█ █   █ █▀█▄███▀▀█▀▀ ▄▄▀ ▀  ▄    ▄▀▀█▀▄█▄▀ ▄▄▄ ▀▄▄    █▀ ▄█
█ █▄▄▄█ █ ▀▀▄▀█▀   ▄▄▀ ██▀▀ █▀█▀█   █▄▀▀ ▀ ▄ ▄██ ▄▀▀███▄█▀█
█▄▄▄▄▄▄▄█▄█▄▄▄▄██▄▄██▄▄▄▄▄▄██████▄██▄█▄▄█▄█▄█████▄▄█▄▄█▄███


Ou acesse http://localhost:3000/qr para obter o QR em base64


📱 Escaneie o QR Code abaixo com o WhatsApp:
▄▄▄▄▄▄▄▄▄▄▄▄▄▄▄▄▄▄▄▄▄▄▄▄▄▄▄▄▄▄▄▄▄▄▄▄▄▄▄▄▄▄▄▄▄▄▄▄▄▄▄▄▄▄▄▄▄▄▄
█ ▄▄▄▄▄ █   ▄█▀▄ ██ █ ▀▄█ ▀▄█ ▄▄  ▀▀██▀ ▄▀▄ ▄▀▀▄ ██ ▄▄▄▄▄ █
█ █   █ █ ▄▀▄▀▀▄▄ ▄▄▄█  ▄█▀█▄▀▄ ▀██ ▄▄▀█▀▀██▀▄ ▄ ██ █   █ █
█ █▄▄▄█ █▀▀█ █▄ ▀█ ▄▀█  ▀   ▄▄▄ ▀▀ ██ █▄█▀  ▄▀▄▀▄██ █▄▄▄█ █
█▄▄▄▄▄▄▄█▄▀ █ █▄▀ █▄▀ █▄▀▄█ █▄█ ▀▄█▄█ █▄█ █▄▀ █ █ █▄▄▄▄▄▄▄█
█▄ █▀ ▄▄▀▀█▀███  ▄  ▄▀ █▀▀█ ▄   ▄ ▄██ █▀▄▀  █ ██▀ █▀▄▀▄  ▄█
█▄▄ ▄▄▄▄  █  █▄ ▄ ▄█▀▀▀█▀▄▄██▄▄ █▀▄   ▀█▀ ▄▄  █▀▄█▄ █▄▄▄ ▀█
█  ▄▄█▀▄▄▄▄ █▀▀▀▀▄▀ █ ▄▄  █▀▄▀▀█▄▄ ▄  █▀▄█▀▀▀  █▄▀▄ ▀▀█ ▀ █
█▀█▄█▄█▄▄▀▀█▄ █   ▄▄▄█████▀▄▀▀▄█▀  ▀█▀██ ▄▄ ▄██ ▄▀▄▀ ▀▄▄▄▀█
█▀██ ▀▄▄▀▀▄▄▄▀▀▄▀▄  ▄ ▄█  ▄█▄ ▀▀█ ██▄▄█▀ █ ▀▀▄▀▄ ▀█▀▄█▀▄▄▄█
█ █ ▄█▀▄█ ▄▀▀▀▀█ ▀▄▀ ▄▄▀█▄ █▀▀▄██▄▀██▀██ █▀▄ █▄▄█▄██ ██▄███
█▀▀█▄  ▄█▄▀▄▄▄▄ ▀▀▀▄▀  ▀▀▄██▄█▀ ▀▄ █▀ ▄▀ ██ █▄▀█▄▀█▀▄▀ ▄███
█▄ █▀ ▄▄▀▀▄ ▄▄▀▄▄█▄▀▄█ ▀▄ ▀  ██▀██▄▄█▀██▄█▀▄▄▀ ▀█ ▀▄▄ ██▀██
██▀▄▄█▄▄▄▄▀█  ▀█▄▄▀▄ ▀▄▀▄▀▄ ▄█ ▀▀█▀ ▀ ▄▀ ▀ ▀█▄ ▄▀▀█▀▄▀█▀▀██
█▀ ██ ▄▄▄ ▄█▀▄ ▀▀▀▀  ▀▄ ▀▀  ▄▄▄ ▄  ▄▀▀▀██▀█▄ ▄  █ ▄▄▄ ▄█▄▀█
█████ █▄█ ▀▀▀▀▄▀▄▄▄▀▄▀▀█▀ ▄ █▄█ ▀  █  █  █  █  █▀ █▄█ █   █
█▀ ▄  ▄▄  █  ▀▀ ▀▄██ ██▀  █▄▄ ▄▄  ██▄███▄▄▄▄ ▄▄   ▄ ▄▄▄▄▄▀█
█▄█▀▄▄▀▄▀ ▄▀█▄██▀█▄▄▄▀▄▀▀▀▀█▀▄▀ █▄▄█▄ ▄▀▄█ ▀█▄ ██▄▀ █▄ ▀ ██
█▄▄▀ ▄ ▄▀ █▄▄█▀█ ▄ ██▄▄▄    █ ▄█▀█▄▀▀▄▀  ▄█▄███▄█▀▀▀▀▄▄█▄██
█ ▀▀▄▀ ▄ ▀ █▄  █▄█▄▄▄▄ ▀▄  ▄▄███▀ ▀▄  ▀  ▀▀▀▀  █▀▀█▄ █▄▄▀▄█
██▄██ ▄▄█▄▀▀█▀▀█▀ ▄▀▀ ▀ ▀█▄▀▀ ▀▀ █ ▀▄ ▄ ▀▄ ▄█▀▀██▀ █▄█▄▄▄▄█
█▀▄▄▄▄ ▄ ▀ █▀█ █ █▄▄▀▀▀▀ ▀ ▄ ▄▄▄▄ ▄█▀  ▀▀█     ██▀▄▀▀█▀▄▄▄█
██▀█▄▄█▄▄▄▀ █▀  ▀▄▄█ ▄▀██▄█▀▄█▀███▀▄█▀ ▄ ▄ ▀█▀▄ ▄▀▀▀ ▀█▄▄▀█
██▀▀▀██▄█▄▀▄ ▀▄█▀█▀ ▄ ▄▄   ▄▄▄▄▄▀ ▀█▀▄▄▀▄█▀ ▀▄ █▀  █▀██▀█▄█
█ ▀ ▀▀▄▄ █▀▄ ▀▀ █▀     ▄▄▄ ▀▀▄▀█  ▄█▀█▄▄█▄▄█▀▀▄ ▀▀ ▀  ▄▄ ██
███████▄█▀▄▄ ▄▄▀▀█▀▄▄▀ ▀    ▄▄▄ ▄ ▀█ ▄▄▀▄█▀ █  █▀ ▄▄▄  ▀▄ █
█ ▄▄▄▄▄ █▀█  ▄▄ ▀▀▀▀█▄  ▄██ █▄█ ▀█▄█▄█▀▄▀▄▄ ▀██ █ █▄█ ██▄▀█
█ █   █ █▄█ █▀▄█▀▀ ▄▀ ▄█▀▄▀▄ ▄ ▄█▄▀█▄ █▀▄▀▀▀█  ██  ▄ ▄▄▄ ▀█
█ █▄▄▄█ █▀▀  █ █▄█▀█▄█▄ ▄ ▀▄█ ▄ ▄█▄█▄█▀█▄█▀█ ▀▀ ▀█▀█▀ ▄████
█▄▄▄▄▄▄▄█▄█▄▄█████▄▄██▄█▄█▄▄▄██▄███▄▄▄▄██████▄█▄██▄▄▄▄███▄█


Ou acesse http://localhost:3000/qr para obter o QR em base64


📱 Escaneie o QR Code abaixo com o WhatsApp:
▄▄▄▄▄▄▄▄▄▄▄▄▄▄▄▄▄▄▄▄▄▄▄▄▄▄▄▄▄▄▄▄▄▄▄▄▄▄▄▄▄▄▄▄▄▄▄▄▄▄▄▄▄▄▄▄▄▄▄
█ ▄▄▄▄▄ █   ▄█▀▄▄▀█▀█▄▀█  ▀▄█ ▄▄   █▄ █ █▀▀▄▄▀▀▄ ██ ▄▄▄▄▄ █
█ █   █ █ ▄▀▄▀▀▄▄ ▄▄██  ██▀█▄▀▄ ▄▄█ ▄█▀█▀▀██ ▄ ▄ ██ █   █ █
█ █▄▄▄█ █▀▀███▄ ▀█ ▄▀█  ▀   ▄▄▄ ▄█ █▄ █▄█▀  ▀▀▄▀▄██ █▄▄▄█ █
█▄▄▄▄▄▄▄█▄▀▄█▄█▄▀ █▄▀ █▄▀▄█ █▄█ ▀▄█▄█ █▄█ █▄▀ █ █ █▄▄▄▄▄▄▄█
█▄ █▀▄▄▄██▀▀▀██  ▄  ▄▀ █▀▀█▄▄   ▄ ▄██ █▀▄▀  █ ██  █▀ ▀▄  ▄█
█▄▄ ▄██▄▀ █▄▀█▄ ▄ ▄█▀▀▀█▀▄▀█▀▄▄ █▀▄▄  ▀█▀ ▄▄  █▀█ █ ▄ ▄▄ ▀█
█  ▀▄█▀▄▄▀▀██▀▀▀▀▄▀ █ ▄▄  █▀▄▀▀█▄▄▀█  ▄ ▄█▀▀▀ ▀█▀▀▄ ▄██▄▀ █
█▄▄▄▀▄█▄▄ ▀█▄ █   ▀▀▄██▀██▀▄▀  █▀ ▀▄████  ▄█▄█  █▄▄▀▀  █▄▀█
█▀▀▄▀▀▄▄▀▀▄▄▄▀▀▄ █  █▀ ▀▀▀▄█▄ ▀▀█ ▄█  █  ▀  ▀▄ ▄ ▀█▀▄█▀█▄▄█
██▄▀▀▀█▄█ ▄▀▀▀▀█▀▄▄▀▄ ▄▀▄  █▀▀█▄█ ▀█ ██▄▄▀ █▄▀███▄▀█ ██▄▀██
█▄▄█▄ ▀▄█▄▀▄ ▄▄ ▀▀▀▄▀  ▀▀▄██▄█▀ █▄ █  ▄▀▄██ █▄▀█▄▀█ ▄▀ ▄▄▄█
█▄ █▀██▄█▀█▀ █▄▄▄█▄▀▄█ ▀▄ ▀  ██▀▄█▄▄▄ ██▄█▀▄█  ▀█ ▄█▄▄██▀██
██▀▄▄ ▄▄▀▀▀█ ▀▀▀▄▄▀▄ ▀▄▀▄▀ ▄▄█ ▀▀█▀ ▀ ▄▀ ▀ ▀█▄ ▄▀▀▄▀ ██▀▀██
█▀ ██ ▄▄▄ ▄▀▄   ▀▀▀  ▀▄ ▀▀█ ▄▄▄ ▄ ▄ ▀▀▀██▀█  ▄▄ ▀ ▄▄▄  █▄▀█
███ ▄ █▄█ ▀▀▀▀▄█▄▄▄▀▄▀▀█▀ ▄ █▄█ ▀ ▀▄  █▀ █ ▀█ ▀██ █▄█ ▄█  █
██ █  ▄▄▄▄█  ▀▀ ▀▄▄▄ █ ▀  █ ▄ ▄▄  █▄ ██▄      █▀   ▄▄ █▄▄▀█
█▀▀▀█▄▀▄ ▀▄▀█▄██▄▄ ▄▄▀▄▀▀▀▀█ ▄▀ █▄▄█  ▄▀▄█▀  ▄ █▀▀▀ ▄▄   ██
█▀▄██▄ ▄▀██▄▄█▀█ ▄ █▄█▄▄▀    █▄██▀▄▀█▄▀ █ █▄█ ▄█▄▀▀▀▀ ▄█ ██
█▄▀▀▄▀ ▄ ▀ █▀▄ █▄█▄▄▄▄ ▀▄  ▄▄██▄▀▄▀▄▄ ▀  █▀▀▀▄ █▀▀█▄ █▄▄ ▄█
██▄██ ▄▄█▄██ ▀ █▀ ▄▀▀ ▀ ▀█▄▀▀ ██▀█ ▀█ ▄  ▄ ▄▄ ▀██▀ █▄█▄▄▄▄█
█▀▄▄▄▄▄▄ ▀▄▀█▀▀█ █▄▄▀▀▀▀ ▀ ▄ ▄▄▄▄ ▄█▀  ▀▀█     ██▀▄▀▀█▀ ▄▄█
██▀█▄ ▄▄▄▄ ▄█▄█▄▀▄▄█ ▄▀██▄█▀▄█▀███▀ █▀   ▄ ██▀  ▄▄▄▀ ▀ ▄▄▀█
██▀ █▀█▄▄▄▄▀ ▀▄▄▀█▀ ▄ ▄▄   █▄▄▄▄▀  ▄▀▄▄▀▄█  ▀▄▄▄▀█ █▄▄▄██▄█
█ ▀ ▀▀▄▄██▀▄ ▀▀ █▀ ▀  ▄▄▄▄▀▄▀▄▀█  ▄█▀▀█ ▀▄▀█▀█ █▄ ▀▀▀▀▄▄ ██
███████▄█ ▄▄ ▄▄▀ ▄ ▄█▀▄▀▀▀  ▄▄▄ ▄ ▀█  █▀ █▀ █▄██▀ ▄▄▄ ▀▀▄▄█
█ ▄▄▄▄▄ █▀█  ▄▄ ▀ ▀▀▄█  ▄██ █▄█ ▀█▄█ ▄▀▄▀ █▀█▀█▀▀ █▄█ ██▄▀█
█ █   █ █▄█ ▀█▄█▀▀ ▄▀ ▄█▀▄▀▄ ▄ ▄█▄▀█  █▀ █▀▀█▄ █▄  ▄ ▄▄▄  █
█ █▄▄▄█ █▀█▄██▀▄▄█▀█▄█▄ ▄ ▀▄▀▄▄ ▄█▄██▄▀██▄▀█▀ ▀ ▀█▀██▄▄████
█▄▄▄▄▄▄▄█▄▄██▄████▄▄██▄█▄█▄▄█▄█▄███▄▄▄▄██████▄█▄██▄▄▄████▄█


Ou acesse http://localhost:3000/qr para obter o QR em base64


📱 Escaneie o QR Code abaixo com o WhatsApp:
▄▄▄▄▄▄▄▄▄▄▄▄▄▄▄▄▄▄▄▄▄▄▄▄▄▄▄▄▄▄▄▄▄▄▄▄▄▄▄▄▄▄▄▄▄▄▄▄▄▄▄▄▄▄▄▄▄▄▄
█ ▄▄▄▄▄ █▄▀  ▀██▀▀▀▄ █▀▄▀▄▄█▄   █▀█▀▀█ ▀▄█ ▄█▀ ▄ ██ ▄▄▄▄▄ █
█ █   █ █ ███▀ ▄██▀ ██▀▄ ▀ ███▀▄ ▄▄▄▄  █▄▄ ▀█▄▀▄ ██ █   █ █
█ █▄▄▄█ █▄▀██▄█▄▀▀▀▀ ▀ ▄ █▀ ▄▄▄ ▀█ ▀▄█▄ ▄▄▀█ █▄▀▄██ █▄▄▄█ █
█▄▄▄▄▄▄▄█▄▀▄▀▄█ █▄█▄▀▄▀ ▀▄█ █▄█ ▀ ▀ █ █ ▀▄█▄▀▄▀▄█ █▄▄▄▄▄▄▄█
█▄▄ ▄▀█▄▀▄█ ▀▄▀█▄█ ▀ ▄▄▄▀ █▄     █ ▄█▀▀▄   ▀▀█▀▄▀▀▄██▄▄ █ █
█▄ ▀▀▄ ▄▄ ▀█▀▄ ▀▀▀ ██ ▄▄█▄█▄ █  ▀ ██▄ █▄▄▀▄▄▄▀  ▀▄ ▀▀█ ▄▄ █
█▄█▀▀██▄████▀█▄  ▄█▄ ▀█▄▄▄▀▀▀██▀▀█▄█▄▄  ████▄▀ ██▄▀▀▄▀█ ▄▀█
█ █▀   ▄▄▀ ▀▀▄▄ ▀▄ ▀███▄ ▀ ▄▀▄██   ▀ █▄▄█ █▄▀▀▄▀▄▄█▀ ▄ ▀█▀█
█ ██▄██▄ █▄ █▄  ▀ ▀▀██▄▀ ██▀▄▄██▄▄▄ ██▄█ ▀ █▀ ▀▀▀▄▄█▄▀  ▀▄█
█▄█ ▀▄▄▄█▄ ▄  ▀▀▀ █ ██ ▄▄█ ▀█▄▄█▀▄█ ▄ █ ██▀▄▀█ ▀▄██▀▄ ▄█▄▀█
██▀  ██▄▀▀██   ██ ▀███▄ ▀█▀  ▄▀▀█▀▄▄▄▀ ▄  █▀▀▀█▄▄ █▄   █  █
█▄▄▄▄ █▄█ ▄▀█  █▀▄ ▀ ▄█   █▀█▄▀▀▀▄▀█▀▀▀▄▀██▄▀▀█ ▀ ▄█▀█▀██▄█
█▀▄██▄█▄██ ▀▀▄▀▄█▄█ █ █▀ █▀███▄█▄▄  █▄▀ ▀▀▄█ █▀▄▄█ ▀▄▀▀█▄▄█
██▀█▄ ▄▄▄ ██ ▄ █ █▄▄▀▀█▄▄█▄ ▄▄▄ █ █▄▄█ █▄█ ▄▀▄▀ █ ▄▄▄ ▀▀█▀█
█ ▄▄█ █▄█ ▄▄ ▄▀▀▄ █▄██▀▀ ██ █▄█  ▄ ▀▀█ █ ▀▀▄▄▄▀ █ █▄█ █▀▀▄█
█  ▄ ▄ ▄  ▀█▀ ▀▄█▀ ▄ ▀▀▀▀▀█  ▄▄▄ ▄▀▀█ ▄  ▀█▄▄▄█ █ ▄   ▄▄▄██
█ ▄ ▀█▀▄█▄  ██▀ ▀█▀█▀▄▄  ▀█ ██▀▀▀▀ ▄ ▀ ▄▄▄▀ ▀▀▄█▀▀██ █▀ ▄ █
██ ▀ █▄▄ ▀ █ ██▄▄▄▄█▄▄▀██▀▄▀ ▀ █▀ ▀   █▀█▄ █ ▀▀▄▀▀█ ▄▀ █  █
█▀█ █▀▄▄█ ▀█ ▀█▄██  ▀█▀▀ ▄████ ▄▄█ ▄▀ ▄▀██████▀███ █▀█  ▄██
█▀██▄▄▀▄▄▄▀▀██   ▄▀█   ▄▄▀█▀ ▄▄█ ▄▀█ ██   █ █▀ ▀ █▀██▀▀ █▄█
█▄█ ▄▀▀▄▀█▀▄▄▀▄▄ ▀█▀ █▀█▀▄▀   █▀█▄▄▀ █▀█▀▀▀█▀▄ ▀▄▄██▀▀▄██ █
█▄▀▀ ▄▄▄▄ ▀▄▄▀▀ █▀█▄  █ ▄███   ▄█▀█▀▄   ▄▀▀ ██▄▀██ ▀▄▄▄█▄██
█▄█  ▀▀▄ ▀▀▀  ▄▀█▄▀▀ █ █ ▀▄▄ █▄█████▀█ ▄ ▄  █▀█▄▀▀▀▄███▀▀▀█
█ ▀ ▀▀▄▄█ ▄█▄▀█▀   ▄▄▀▀█ ▄▄▄▄███▄▀ ███▀▀ █ ▀▀ ▀▄▄▀ ▄█▄▀█▄▄█
███████▄▄ █▄▄ ▀ ▄▄▄ ▀ ██ ██ ▄▄▄ ▀▀ █ ▄▀▀ ▀▀█▀▀▀▄▀ ▄▄▄ █▄███
█ ▄▄▄▄▄ ██▄▄█ █ ▄█▄█▄▀▀▄▄▄▄ █▄█  ██▀█▄▀▄▄█▀▄██▄▄█ █▄█  ▀▀▀█
█ █   █ █▀█▄█ █▀▀█▀▀ ▄▄▀ ▀  ▄    ▄▀▀█▀▄█▄█ ▄▄  ▀▄▄   ▄█▀▀▄█
█ █▄▄▄█ █  ▀ ▄ ▄   ▄▄▀ ██▀▀ ███▀█▀  ▄▄▀▀▀▀ ▄ ███ ▄▀▀▄██▄█▀█
█▄▄▄▄▄▄▄█▄█▄█▄███▄▄██▄▄▄▄▄▄█▄▄███▄██▄█▄▄█▄█▄█████▄▄█▄██▄███


Ou acesse http://localhost:3000/qr para obter o QR em base64


📱 Escaneie o QR Code abaixo com o WhatsApp:
▄▄▄▄▄▄▄▄▄▄▄▄▄▄▄▄▄▄▄▄▄▄▄▄▄▄▄▄▄▄▄▄▄▄▄▄▄▄▄▄▄▄▄▄▄▄▄▄▄▄▄▄▄▄▄▄▄▄▄
█ ▄▄▄▄▄ █▀▄█ ▀▄    ▄ ▄▄   ▄ ▀█  █▄█▄▀█ ▄▄▄  ▄ █▄ ██ ▄▄▄▄▄ █
█ █   █ █▄██ ▄█▄█▄▄█▀▄▀▄▄█████▄▀█▄▄▄█▄█████▄██▀▄ ██ █   █ █
█ █▄▄▄█ █ █▀▀█▄ ██  ▀█▄ ▀▄  ▄▄▄ ▄█▄█ ▄█▄▀█ ▄█  ▀▄██ █▄▄▄█ █
█▄▄▄▄▄▄▄█ ▀ ▀ █▄▀ █▄▀ █▄▀▄█ █▄█ ▀▄█▄█ █▄█ █▄▀ █ █ █▄▄▄▄▄▄▄█
█  ▀▄█▀▄ █▄ ▄█▄█▄██▄█▄▄▄▄█ ▄  ▄▄██ ▄ ▄▄▄  █▄▄█▀▄▀██▄▄▄▀▄ ▀█
██▀██▀ ▄█▄▀▄▀▀▀███▀▄▄▄  ▄█▄▀ ▀▀▀ ▄███▀▄  █▀▀██▄▄ ▄ █  ▀██▄█
█▄██  █▄ ▄▄▀▀█▄██▀█▄ ▄ ▀▄▄ ▄  █▀▀ ▄ ▄▄▀█  ▄█▄▄█▀▄▄▀▄▄ █▄▄▄█
███▀▄ █▄▀  ▀▄▀▀ ▀▄▄█ ██ █▄█▄ █▄▄█ ▀▀█▄█▄▀▄▄█ █▀▄ ▀ ▀ ▄▄▄ ▀█
██ ▄▄▀▄▄▀▀ ▄▄█▀▄▄▄  ▀▀ ▀▀▄▄█  ▀▄█ ▀█▄ ▀▀ ▀▀▄▀ ▄▄ ██▀ █ ▀▄▄█
█ ▄▀▄▀▄▄█▀█▀  ▀▄▄ █ ▄██▀█▄ ▄ ▀▄▄██ █▄ ▄█▄▄ ▄█▀▄█▄█▀ ▀█▄██▄█
█▀█    ▄▄▀███▀███ ▄  █▄ ▄ ▄  ▄▄▄▄█▄▄  █▄ ▄ ▄▄██▄▀██▄  █ ▄▀█
███   █▄▄ ▄█▄ ▀▀█ ▀ ▀ ▀▄▀▀▄█▀   ▀ █▀▀   █▀▄█ ▄▀▄ ▀ █▀▀ ▄▄ █
█▀▄  ▄▀▄ █▄▄█▄█▄ ▀█ ██ ▄ ██   ▄█▄▀███▄▀█▄▄▄█  ▄▀██▀▄▄ ▀█▄▀█
█ ▄█▄ ▄▄▄ ▀ ▄ ▀▀ █▀▀▄▀█▄▀ ▀ ▄▄▄   ▀▄▀ ▀█▄██▀▄▄▀ █ ▄▄▄ ▄▄ ▀█
█▀██  █▄█ ▄█▀█▀▄ ▄▄█▄▀██▀▄▄ █▄█ ▀ ▄█ ▄▀▀▄█▄██ ▀█▄ █▄█ ▄█  █
█▀▄▀ ▄▄▄  ▄ ▀ ▀▀ ▄▀█ ▄▀▀▀▀█ ▄ ▄▄ ▀█▄█▄▄█▀ ██ █ ▀  ▄ ▄▄▄█▄ █
█▄▀█ █▄▄██    ▄ ██▀▄█▄█ █▄  ██▄▄▄▀ ▄▀▄▄█  ██▄▀█▄▄▀ ██▄█▄█ █
█▀▀▄▄▀█▄ █▄▀▀▄▄ ▀▀█▄▀██▀▄▄██ ▀▀▄ ▄█▄  █▄▄ ▀█▄▄█   ▄▄▀▄▀▄█▄█
█▄ █ ▄▄▄██▄ ▄ █▀    ▀ ▄▄ ▄█   █▄▄▄█▀ ▄▄▄▀ ██▀ ▄ ██  ▄   █ █
█▄ █▄▄▄▄▀▄▀█ ▀██ ▄▄ █  ▄▀▄ ▀ ▄▀ ██▀██   ▀▀ █▀▀ ▀█ ▄██▀▄█ ▄█
██▄▄ █▀▄ ▀▀ ▄▀▀ ▄█▄ ▀▀█▀ █ ▄▄▄▄ ▄  █▀▄ ▀██ ▄  ▄███ ▄██▀▄▄▄█
█▄▀▄██ ▄▄█  ▀█ ▀ ▄█▄ █ █▄██ ██ ▄█▄▄ ▄ ▄█▀▄▀ █ ▀▄██▄▄▀▀██▄ █
█▀ █▄▀█▄██▀▄██ ▀█▄▄▄██ ██▄ ▀ █▀  █▄█▄ ██ ▄██ ▀█▄ █▀ ██ ▄▄▀█
█ ▀ ▀▀▄▄▄▄ ▀█ ▄█▄▄▀▄██▀▄▀███ ▀▄▄███▀  ▀▄ █ █▄  █  ▄▄   ▄█ █
███████▄█  ▀▄ ▀██▀  ██ ▄▄▄█ ▄▄▄ ▀▄█    ▄▄ ▄▄▄▄▄▀█ ▄▄▄ █▄▀ █
█ ▄▄▄▄▄ █▄▄▄ █  ▄▀▀ ▀▄▀▄▀█▀ █▄█ █▀█▀▄▀▄▄▄ █   █▄█ █▄█ █▄▀██
█ █   █ █▀▀   ▄██▀  ▀  █▀ ▀▄▄   ▄▄███ █▀██▀█▀▄▄██▄ ▄▄ ▄  ▀█
█ █▄▄▄█ █▀▄▄ ▄█▀██ ▄▄▄█ █▀▀█▄ █▀████▄▄▀▄██ ▄▀▀   ▄▀▄▀▄█▄█▄█
█▄▄▄▄▄▄▄█▄▄███▄██▄█▄▄▄▄▄████▄▄▄▄▄▄███▄█▄█▄▄█▄███▄███▄▄▄█▄██


Ou acesse http://localhost:3000/qr para obter o QR em base64


📱 Escaneie o QR Code abaixo com o WhatsApp:
▄▄▄▄▄▄▄▄▄▄▄▄▄▄▄▄▄▄▄▄▄▄▄▄▄▄▄▄▄▄▄▄▄▄▄▄▄▄▄▄▄▄▄▄▄▄▄▄▄▄▄▄▄▄▄▄▄▄▄
█ ▄▄▄▄▄ █   ▄█▀█▄██▀█▄▀█ ▄▀▄█ ▄▄  ▄▀  ▀  █▄▄█▀▀▄ ██ ▄▄▄▄▄ █
█ █   █ █ ▄▀ ▀▀▄█ ▄▄██  ██▀█▄▀▄ ▀██ ██▀█▄ ██ ▄ ▄ ██ █   █ █
█ █▄▄▄█ █▀█▀█▄▄ ▀█ ▄▀█  ▀   ▄▄▄ ▀▄ ██▄█▄█   ▀ ▄▀▄██ █▄▄▄█ █
█▄▄▄▄▄▄▄█▄█ ▀▄█▄▀ █▄▀ █▄▀▄█ █▄█ ▀▄█▄█ █▄█ █▄▀ █ █ █▄▄▄▄▄▄▄█
█▄ █▀▄ ▄▀█ ▄▀▀█  ▄  ▄▀ █▀▀█ ▄   ▄ ▄██ █▀▄▀  █ ██  █▀▄▀▄  ▄█
█▄▄ ▄▄▄▄▄▀█ ▄ ▄ ▄ ▄█▀▀▀█▀▄ ▄█▄▄ █▀ ▄  ▀▀▀ ▄▄  ▀▀▄██ ▀ ▄▄ ▀█
█  █ █▀▄█▄█▄█▀▀▀▀▄▀ █ ▄▄  ▄▀▀█▀█▄▄ █  █▀▄█▀▀▀ ▄▄ ▀▄  ▀█▄▀ █
██   ▄█▄█ ▀█▄ █   ▄▀▄█ ███▀▄▀▀▄▀▀  ██▀▀▄ ▄█  ▀█▀█▀▄▀  ▀▄▄▀█
█▄▀█ ▀▄▄▀▀▄▄▄▀▀▄▄▄  █ ▄█ ▀▄█▄  ▀█ ▄▄ ▄   █ ▀█ ▀█ ▀█▀▄█ █ ▄█
█ ▀▀▄▀▀▄█ ▄▀▀▀▀██ ▄▀ ▄▄▀▀█ █▀▀▄▄█▄▀█▄▄▄▄ █ ██ ▄██▄█▀ ██▄▄██
█ ▄█▄▀█▄█▄▀▄▄▀▄ ▀▀▀▄▀  ▀▀▄██▄█▀ ▀  █▄ ▄▀ ▀█ █▄▀█▄▀▄▀▄▀ ▄▄██
█▄ █▀▄▀▄█▀▀▄  ▀▄▄█▄▀▄█ ▀▄ ▀  ██▀█▄▄▄█ ██▄█▀▄▄  ▀█ █▀▄ ██▀██
██▀▄▄█▀▄▀▄▄ ▀▄▄▀▄▄▀▄ ▀▄▀▄▀ ▄▄█ ▀▀█▀ ▀ ▄▀ ▀ ▀█▄ ▄ ▀█  ▀█▀▀██
█▀ ██ ▄▄▄ ▄   ▀ ▀▀▀  ▀▄ ▀▀▀ ▄▄▄ ▄ ▄▄▀▀█▀█▀▀▄ ▄▄ ▀ ▄▄▄ ▄█▄▀█
███▀  █▄█  ▀▀▀ ▄▄▄▄▀▄▀▀█▀ ▄ █▄█ ▀  █  █  █ ▀█ ▄██ █▄█ ▀   █
█▄█▀▀▄▄▄ ▄█  ▀▀ ▀▄▀█ █▄▀  █▄▄ ▄▄  ██ ▀▄▀▄▄█ ▄▄██▄ ▄▄ ▄██▄▀█
█▄ ▄▄▄▀▄ ▄▄▀█▄██ ▄  ▀▀▀▀▄▀▀█▀█▀ █▄▄█▄▄█ ▀█▀▀█▄ ▄▀█▀ ▄▄ ▀▄██
█▀▄█ ▄ ▄ ▀█▄▄█▀█▀▀ ██▄▄▄▄▄   ▄▄██▀▄▀▀▄▀▀ ▄▄▄█▄▄▄▄▀▀▀  ▄█▄██
█ ▀▀▄▀ ▄ ▀ ██  █▄█▄▄▄▄ ▀▄  ▄▄█▄█▀ ▀▄▄ ▀ ▀█▀▀█▄ █▀▀█▄ █▄▄▀██
██▄██ ▄▄█▄█▀▄█  ▀ ▄▀▀ ▀ ▀█▄▀▀ ▄▀ █ ▀█▀▄ ▀█ ▄▄▀▀██▀ █▄█▄▄▄▄█
█▀▄▄▄█▀▄ ▀█▄     █▄▄▀▀▀▀ ▀ ▄ ▄▄▄▄ ▄█▀  ▀▀█     ██▀▄▀▀█▀ ▄▄█
██▀█▄ █▄▄▄█▀▀ ▀ ▀▄▄█ ▄▀██▄▀▀▄█▀███▀ █▀ ▄ ▄ ██▀   ▀▄▀ ▀▄▄▄▀█
██▀▄ ██▄ █▀█ ▀▄▄▀█▀ ▄ ▄▄   █▄▄▄▄▀ ▄█▀▄█▀▄█  ▀▄▀██▄ █▀█▄ █▄█
█ ▀ ▀▀▄▄██▀▄ ▀▀ █▀▄▄  █▄▄▄▀ ▀▄▀█  ██▀▀█ █ ▄████ ▄▄▄██ ▄█ ██
███████▄█▀▄▄ ▄▄▀▄▄  ▄ ▄▀    ▄▄▄ ▄ ▀█ ▄▄▀▄█ ▀▀ ▀██ ▄▄▄  ▀  █
█ ▄▄▄▄▄ █▀█  ▄▄ ▀ ▀▀ ▄   ▀█ █▄█ ▀█▄██▀ ▄ █▄  ▄▄▀▀ █▄█ ██▄██
█ █   █ █▄█ ▄▀▄█▀▀ ▄▀ ▄█▀▄▀▄▄▄ ▄▀ ▀█▀ █▀ ▀▀▀▀  ██  ▄  ▄▄  █
█ █▄▄▄█ █▀▀▄█▄▄█▄█▀█▄█▄ ▄ ▀▄▀ ▄ ██▄██▄▀█▄▄▀█▀▀▀ ▀█▀█▄ ▄████
█▄▄▄▄▄▄▄█▄██▄▄▄▄██▄▄██▄█▄█▄▄▄██▄███▄▄▄▄██████▄█▄██▄▄█████▄█


Ou acesse http://localhost:3000/qr para obter o QR em base64

❌ Conexão encerrada (código 408). Reconectar: true
